<?xml version="1.0" encoding="UTF-8"?>
<robot generator="Robot 7.0 (Python 3.12.1 on win32)" generated="2024-02-15T23:34:18.053818" rpa="false" schemaversion="5">
<suite id="s1" name="Search" source="C:\Users\anamk\Desktop\Sanber53-Robot-Kelompok9\Day-2\Suites\search\search.robot">
<test id="s1-t1" name="Valid Search" line="7">
<kw name="Open Flight Application" owner="base">
<kw name="Open Application" owner="AppiumLibrary">
<arg>remote_url=${REMOTE_URL}</arg>
<arg>platformName=${PLATFORM_NAME}</arg>
<arg>platformVersion=${PLATFORM_VERSION}</arg>
<arg>deviceName=${DEVICE_NAME}</arg>
<arg>appPackage=com.example.myapplication</arg>
<arg>appActivity=com.example.myapplication.MainActivity</arg>
<doc>Opens a new application to given Appium server.
Capabilities of appium server, Android and iOS,
Please check https://github.com/appium/appium/blob/master/docs/en/writing-running-appium/server-args.md
| *Option*            | *Man.* | *Description*     |
| remote_url          | Yes    | Appium server url |
| alias               | no     | alias             |
| strict_ssl          | No     | allows you to send commands to an invalid certificate host like a self-signed one. |</doc>
<status status="PASS" start="2024-02-15T23:34:18.870814" elapsed="43.933424"/>
</kw>
<status status="PASS" start="2024-02-15T23:34:18.868794" elapsed="43.935444"/>
</kw>
<kw name="Click Sign In Button On Home Page" owner="home-page">
<kw name="Click Element" owner="AppiumLibrary">
<msg time="2024-02-15T23:35:02.811676" level="INFO">Clicking element '//android.widget.Button[@resource-id="com.example.myapplication:id/login"]'.</msg>
<msg time="2024-02-15T23:35:08.532578" level="INFO">xpath criteria: //android.widget.Button[@resource-id="com.example.myapplication:id/login"]</msg>
<arg>locator=${login_btn}</arg>
<doc>Click element identified by `locator`.</doc>
<status status="PASS" start="2024-02-15T23:35:02.806431" elapsed="5.727139"/>
</kw>
<status status="PASS" start="2024-02-15T23:35:02.805275" elapsed="5.728295"/>
</kw>
<kw name="Input Username" owner="login-page">
<kw name="Wait Until Element Is Visible" owner="AppiumLibrary">
<msg time="2024-02-15T23:35:14.663200" level="INFO">xpath criteria: //android.widget.EditText[@resource-id="com.example.myapplication:id/username"]
xpath criteria: //android.widget.EditText[@resource-id="com.example.myapplication:id/username"]</msg>
<arg>locator=${username_input}</arg>
<doc>Waits until element specified with `locator` is visible.</doc>
<status status="PASS" start="2024-02-15T23:35:08.537560" elapsed="6.125640"/>
</kw>
<kw name="Input Text" owner="AppiumLibrary">
<msg time="2024-02-15T23:35:14.667770" level="INFO">Typing text 'support@ngendigita.com' into text field '//android.widget.EditText[@resource-id="com.example.myapplication:id/username"]'</msg>
<msg time="2024-02-15T23:35:17.486012" level="INFO">xpath criteria: //android.widget.EditText[@resource-id="com.example.myapplication:id/username"]</msg>
<arg>locator=${username_input}</arg>
<arg>text=support@ngendigita.com</arg>
<doc>Types the given `text` into text field identified by `locator`.</doc>
<status status="PASS" start="2024-02-15T23:35:14.663776" elapsed="2.822236"/>
</kw>
<status status="PASS" start="2024-02-15T23:35:08.535567" elapsed="8.950445"/>
</kw>
<kw name="Input Password" owner="login-page">
<kw name="Input Text" owner="AppiumLibrary">
<msg time="2024-02-15T23:35:17.492608" level="INFO">Typing text 'abc123' into text field '//android.widget.EditText[@resource-id="com.example.myapplication:id/password"]'</msg>
<msg time="2024-02-15T23:35:18.363009" level="INFO">xpath criteria: //android.widget.EditText[@resource-id="com.example.myapplication:id/password"]</msg>
<arg>locator=${password_input}</arg>
<arg>text=abc123</arg>
<doc>Types the given `text` into text field identified by `locator`.</doc>
<status status="PASS" start="2024-02-15T23:35:17.488105" elapsed="0.874904"/>
</kw>
<status status="PASS" start="2024-02-15T23:35:17.487394" elapsed="0.876067"/>
</kw>
<kw name="Click Sign In Button On Login Page" owner="login-page">
<kw name="Click Element" owner="AppiumLibrary">
<msg time="2024-02-15T23:35:18.368988" level="INFO">Clicking element '//android.widget.Button[@resource-id="com.example.myapplication:id/signIn"]'.</msg>
<msg time="2024-02-15T23:35:19.271554" level="INFO">xpath criteria: //android.widget.Button[@resource-id="com.example.myapplication:id/signIn"]</msg>
<arg>locator=//android.widget.Button[@resource-id="com.example.myapplication:id/signIn"]</arg>
<doc>Click element identified by `locator`.</doc>
<status status="PASS" start="2024-02-15T23:35:18.365006" elapsed="0.906548"/>
</kw>
<status status="PASS" start="2024-02-15T23:35:18.364325" elapsed="0.907229"/>
</kw>
<kw name="Verify User Success To Logged In" owner="login-page">
<kw name="Wait Until Element Is Visible" owner="AppiumLibrary">
<msg time="2024-02-15T23:35:26.016247" level="INFO">&lt;?xml version='1.0' encoding='UTF-8' standalone='yes' ?&gt;
&lt;hierarchy index="0" class="hierarchy" rotation="0" width="1080" height="1794"&gt;
  &lt;android.widget.FrameLayout index="0" package="com.example.myapplication" class="android.widget.FrameLayout" text="" checkable="false" checked="false" clickable="false" enabled="true" focusable="false" focused="false" long-clickable="false" password="false" scrollable="false" selected="false" bounds="[0,0][1080,1794]" displayed="true"&gt;
    &lt;android.widget.LinearLayout index="0" package="com.example.myapplication" class="android.widget.LinearLayout" text="" checkable="false" checked="false" clickable="false" enabled="true" focusable="false" focused="false" long-clickable="false" password="false" scrollable="false" selected="false" bounds="[0,0][1080,1794]" displayed="true"&gt;
      &lt;android.widget.FrameLayout index="0" package="com.example.myapplication" class="android.widget.FrameLayout" text="" checkable="false" checked="false" clickable="false" enabled="true" focusable="false" focused="false" long-clickable="false" password="false" scrollable="false" selected="false" bounds="[0,63][1080,1794]" displayed="true"&gt;
        &lt;android.widget.LinearLayout index="0" package="com.example.myapplication" class="android.widget.LinearLayout" text="" resource-id="com.example.myapplication:id/action_bar_root" checkable="false" checked="false" clickable="false" enabled="true" focusable="false" focused="false" long-clickable="false" password="false" scrollable="false" selected="false" bounds="[0,63][1080,1794]" displayed="true"&gt;
          &lt;android.widget.FrameLayout index="0" package="com.example.myapplication" class="android.widget.FrameLayout" text="" resource-id="android:id/content" checkable="false" checked="false" clickable="false" enabled="true" focusable="false" focused="false" long-clickable="false" password="false" scrollable="false" selected="false" bounds="[0,63][1080,1794]" displayed="true"&gt;
            &lt;android.view.ViewGroup index="0" package="com.example.myapplication" class="android.view.ViewGroup" text="" checkable="false" checked="false" clickable="false" enabled="true" focusable="false" focused="false" long-clickable="false" password="false" scrollable="false" selected="false" bounds="[0,63][1080,1794]" displayed="true"&gt;
              &lt;android.view.ViewGroup index="0" package="com.example.myapplication" class="android.view.ViewGroup" text="" resource-id="com.example.myapplication:id/toolbar" checkable="false" checked="false" clickable="false" enabled="true" focusable="false" focused="false" long-clickable="false" password="false" scrollable="false" selected="false" bounds="[3,63][1074,333]" displayed="true" /&gt;
              &lt;android.widget.ImageView index="1" package="com.example.myapplication" class="android.widget.ImageView" text="" resource-id="com.example.myapplication:id/imageView3" checkable="false" checked="false" clickable="false" enabled="true" focusable="false" focused="false" long-clickable="false" password="false" scrollable="false" selected="false" bounds="[31,63][265,314]" displayed="true" /&gt;
              &lt;android.widget.LinearLayout index="2" package="com.example.myapplication" class="android.widget.LinearLayout" text="" resource-id="com.example.myapplication:id/linearLayout" checkable="false" checked="false" clickable="false" enabled="true" focusable="false" focused="false" long-clickable="false" password="false" scrollable="false" selected="false" bounds="[40,331][1040,1029]" displayed="true"&gt;
                &lt;android.widget.TextView index="0" package="com.example.myapplication" class="android.widget.TextView" text="Enter username" resource-id="com.example.myapplication:id/textView2" checkable="false" checked="false" clickable="false" enabled="true" focusable="false" focused="false" long-clickable="false" password="false" scrollable="false" selected="false" bounds="[40,331][1040,431]" displayed="true" /&gt;
                &lt;android.widget.EditText index="1" package="com.example.myapplication" class="android.widget.EditText" text="support@ngendigita.com" resource-id="com.example.myapplication:id/username" checkable="false" checked="false" clickable="true" enabled="true" focusable="true" focused="false" long-clickable="true" password="false" scrollable="false" selected="false" bounds="[40,431][1040,636]" displayed="true" /&gt;
                &lt;android.widget.TextView index="2" package="com.example.myapplication" class="android.widget.TextView" text="Enter password" resource-id="com.example.myapplication:id/textView5" checkable="false" checked="false" clickable="false" enabled="true" focusable="false" focused="false" long-clickable="false" password="false" scrollable="false" selected="false" bounds="[40,636][1040,759]" displayed="true" /&gt;
                &lt;android.widget.EditText index="3" package="com.example.myapplication" class="android.widget.EditText" text="••••••" resource-id="com.example.myapplication:id/password" checkable="false" checked="false" clickable="true" enabled="true" focusable="true" focused="false" long-clickable="true" password="true" scrollable="false" selected="false" bounds="[40,759][1040,993]" displayed="true" /&gt;
              &lt;/android.widget.LinearLayout&gt;
              &lt;android.widget.Button index="3" package="com.example.myapplication" class="android.widget.Button" text="Sign In" resource-id="com.example.myapplication:id/signIn" checkable="false" checked="false" clickable="true" enabled="true" focusable="true" focused="false" long-clickable="false" password="false" scrollable="false" selected="false" bounds="[454,1100][623,1226]" displayed="true" /&gt;
            &lt;/android.view.ViewGroup&gt;
          &lt;/android.widget.FrameLayout&gt;
        &lt;/android.widget.LinearLayout&gt;
      &lt;/android.widget.FrameLayout&gt;
    &lt;/android.widget.LinearLayout&gt;
  &lt;/android.widget.FrameLayout&gt;
&lt;/hierarchy&gt;</msg>
<kw name="Capture Page Screenshot" owner="AppiumLibrary">
<msg time="2024-02-15T23:35:27.822867" level="INFO" html="true">&lt;/td&gt;&lt;/tr&gt;&lt;tr&gt;&lt;td colspan="3"&gt;&lt;img src="data:image/png;base64, iVBORw0KGgoAAAANSUhEUgAABDgAAAeACAYAAAArYecKAAAAAXNSR0IArs4c6QAAAARzQklUCAgI
CHwIZIgAACAASURBVHic7N17nFd1nfjx95fhMnIZBuQiYAkll8gLmqb+4jJIFmLKkD68LdZQLdXD
NUF0zW5CbqWWCq3ZauwKpq6rmJhWUAoIWelqQHmBMi7qeiNwhusAM3N+f7DMMjIwMzAXPvp8Ph6f
R8x8v+dzzpkBY158zjm5iMgCAAAAIGGtWvoAAAAAAA6WwAEAAAAkT+AAAAAAkidwAAAAAMkTOAAA
AIDkCRwAAABA8gQOAAAAIHkCBwAAAJA8gQMAAABInsABAAAAJE/gAAAAAJLXuqUPAN5t8vLyonfv
3vHpT386PvnJT8bgwYPj8MMPj1wuF+vXr48VK1bE/Pnz42c/+1m88sorUVlZ2dKHDAAAkLxcRGQt
fRCQulwuF8cee2zccccdceKJJ0br1q0jl8vtd5ssy6KysjKWL18eX/rSl+LZZ5+NLEv3j2Pbtm3j
6KOPjoiIl156KXbs2NHCRwQAALyXCBxwkI466qhYvXp1RESdUWNfdoeN1q1bR1VVVaMdW3Po2LFj
DBw4MEpKSuJTn/pUREQ8+uijMWvWrFixYkVs2bKlhY8QAICGKCwsjOOPPz6GDBkShYWF1f+7W2lp
aSxbtqz6f5cvXx6lpaUteMQHb8iQIbFs2bIm38ctt9yy3/dMnjy5yY/j3UzgoFn17t07iouL46ST
Tqr19WeeeSbmzp0br732WjMfWcMddthhsWTJkjjhhBOiVavGuZ3N3XffHZdcckmjzNXU8vLyYvTo
0fHlL385hg4dGp06dar+OlRVVcXGjRvjySefjB//+Mcxb968pC/F6dixY3zuc5+Lvn37NnjbDRs2
xK9+9at4/vnno7y8vAmODgDg4PXt2zfGjh0bxcXFUVRU1ODtFy1aFHPnzo2HH3441qxZ0wRH2HRK
SkqipKTkgM67IYqKimLhwoX7fc/IkSNj0aJFTXoc73aZYTTXGD16dLZ48eJs8+bNtY7Fixdno0eP
bvHjrGv07ds32759e1ZVVZU1prKysiyXy2URkXXo0KHFz/OdIy8vL+vZs2c2ceLEbPHixdmmTZv2
+zWoqqqq/r5OnDgx69GjR9a6desWP4+GjE6dOmWXXnpptnbt2mz9+vUNHq+99lq2ZMmS7PTTT0/u
3A3DMAzDePePoqKi7KGHHmrUv9M+9NBDWVFRUYufW31GSUlJlmVZtmjRomb5Wtclla/boTrcZJRm
1b179+jTp0906NCh1tf79OkT3bt3b+ajapizzz475s6d22irNvbUsWPH6NGjR7z55pvx1a9+Nf78
5z/H/fff3+j7aai2bdvG+9///iguLo4pU6bEEUccUa/tcrlcdOjQIYYNGxbDhg2Lb3/72/GDH/wg
5s6dGy+//PIhf5+ODh06xJgxY2Ly5Mnx/ve//4Dn6d69e5x99tmxevXq6suZAABaUlFRUVx77bVN
smqhuLg4iouLY9GiRTFt2rRDdkVCSUlJ3HnnnU02/5AhQ2Ls2LHVH9dnNfBnP/vZGDFiRPXHDz/8
sEtWGqjFK4vx3hlTpkzJNm3atM9iuWnTpmzKlCktfpz7GqeeempWWVnZaHX7naqqqrLPfOYzWURk
Y8eOzSorK7Mzzjijxc63TZs22fDhw7M77rgjW716dbZz586DPseKiops9erV2R133JENGzYsa9u2
bYt/X2sbHTt2zC644IJs+fLl2c6dO7MXX3wxmzp1ajZ16tTs29/+dlZVVZUtXrw4+5d/+Zds6tSp
2cyZM7ONGzdmc+fOzb773e9mU6dOzebOnZtt2LAhy7IsW7BgQXbqqae2+HkZhmEYhvHeHoWFhY2+
YqMud955Z1ZYWNji577n2L1yY7fGXsExderURvv6TZ06tcW/XqmMFl/B0bdv37jkkkvi/vvvj5Ur
Vx6yc77TBz/4wRg3blyccMIJ0bVr12jVqlW8/fbb8fzzz8cvf/nLePbZZxs036WXXhqtWzfs27H7
caMp6dChwz5Xb9Tn9ZbUu3fvePLJJ5tk5cZuuVwuzjnnnLjrrrvi9ddfj1atWsW8efOiX79+8fLL
LzfZft+pa9eu8bGPfSzGjx8fI0aMiJ49ezba3Hl5edG3b9/4x3/8xxg7dmwsWrQo7r777njyySdj
w4YNjbafg9GpU6cYM2ZMfPWrX43jjjsutm/fHqtXr44f//jHEbHrHL72ta/FH//4x7jjjjti+/bt
8ZGPfCTOOuusWLhwYTzyyCOxZcuWuPDCC2PIkCHRpUuX6Nq1axx22GEtfGYAwHvZkCFDYuHChTVu
GNocSkpKori4OEaOHHlIrEZo6pUbERGTJk1qtLkuv/zymDp1aqPN927X7FWlTZs22ec+97ns17/+
dVZeXp5lWXbQ911oijlrG126dMlmz56dbd26dZ+FraKiIps/f372oQ99qN5zHsi9HO69994WL2R7
jnbt2mVjx47Nbrzxxuz888/PunXrVv1ap06dsvPPPz/7wx/+UOd5/eEPf8jOP//8rFOnTtXbd+vW
LTv//POzG2+8MRs7dmzWrl27Zj231q1bZ2VlZQ3+Hh2IF154IcvlcjWu0du8eXPWpk2bZjvf22+/
PSsvL2/0e4zUpqqqKisvL89uv/32Fv89HBFZQUFBduGFF2bPPvts9TGWl5dnDz30UPV78vLysoqK
iuw73/lOlp+fn0XsWt3z6quvZiUlJVnHjh2ziMgmTJiQ/e1vf8uyLMuee+65bNSoUS1+foZhGIZh
vDfHO1cstJSSkpJD8uvQ2Cs4GltL//5JZTTrCo6hQ4fGhAkT4qyzzmq0fxFuijn3pV+/fvGLX/wi
PvShD+33fXl5efGJT3wilixZEuPGjYslS5bs9/0DBw484MeLHkqOP/74KCkpiZEjR8Y//MM/xKpV
q+LXv/51rFixIkaMGBFjxoyJ3r171znPkCFD4vrrr4/hw4fHE088EYMGDYpPfOIT8YEPfCA6dOgQ
/fv3j9dffz2efvrpZjirXX70ox9FQUFBs+yrR48ekWVZDBw4sPpzHTp0iNmzZ8fFF1/cLMfQpUuX
aNeuXbPsK5fLRbt27aJLly7Nsr/96dy5c4wZMyamTJkSJ554YksfDgBAo7jzzjujpKSkpQ8jInYd
S2FhYUyfPr3Z990cKzdoWU0eOPr06ROf+9zn4txzz43jjjuuUX6Qb4o56+O//uu/asSN3/72t3HP
PffE0qVLo7KyMgYOHBjjxo2LcePGRatWreLwww+Pe+65J4499tgoKyvb57xHHXVU9a8rKirir3/9
a72O59VXXz3wk2lknTp1ijPOOCOGDx8enTt3js6dO0ePHj1i8ODBUV5eHh07doxOnTrV63vVrl27
6suMxo0bF/n5+VFQUFB9Cc/w4cPjmWeeiRdffDE2bdrU1KcWERFf+MIXmmU/EVEdFt55w6cLLrig
2QLHe1FhYWGceeaZMXny5PjIRz7S0ocDANAodj8C9VByyy23RGlpacyaNavZ9llb3Fi+fHkcf/zx
zXYMNL0mDxzPPvtsrSsr/v73v0e3bt0OmTnrctVVV8XJJ59c/fHNN98cU6ZMqfGeZ555Ju65556Y
PHly3HzzzRER8b73vS+mTJkS3/rWt/Y5d58+fap/vWbNmhg8eHAjH33TO/XUU2P06NE1/hW+devW
0bVr1wOaL5fLRUFBQa2rJrp06RKjR4+Op59+On7zm98c8DHX9zheeuml/d53Y9eKsdq3PRDbtm2L
XC631w/ZrVq1irfeeit69uy5z31yYAoLC2PMmDExadKkGn/OAQBS1xRPSWkMRUVFzRY4aosbEyZM
iL59+woc7zJNd7fE/9W2bdvqX5eVlcWDDz4Y5557blxyySWH1Jx1ueCCC6p/vXTp0r3ixp5uueWW
WLp0afXHZ5xxxn7n3vORm2+99dZBHGXL6N27d5x99tlx0kknNctqmlwuFyeddFKcffbZ9brk5WC0
adOmxgqbiF1Bo7KyMv7617/GTTfdFJ/4xCdiwIABMXjw4Dj77LNj6tSpcf/998fll18eixcvju3b
t0dVVVW99/n6669HLpeL973vfXu91rVr12a7dOS9okuXLjFmzJj4yle+st+40b59++jbt2/1iNh1
SctRRx0Vffv2jV69ekVeXl5069at+nPdunVr8M2DAQAaU0lJSSxfvrylD6OG5cuXN9uqkn3FjeZc
PULzafK/ee/YsSOeeOKJ+NnPfhazZ8+uvlRj9OjRh9ScdTnmmGOqfz1v3rw63//73/8+TjjhhIiI
OProo/f73j1Xo7z55psHeIQtZ+TIkXHmmWdGfn5+g7bbsWNHvPbaaxGxK5LsGa7qkp+fH6effnos
WbIkHnjggQbttyEuu+yy6tUbVVVV8eqrr8bEiROrV44MGDAgbrrpphg9enSNuNO/f//429/+Fj/8
4Q8jYlfE+tGPfhRjx46NvLy8/e5z2bJlceSRR9YaMvLy8uKKK66I7373u411igesqqoqHnnkkbji
iiviiCOOiFtvvTWOOeaYaN26dVL3lOnbt29cdNFFccopp+zzPa1bt46BAwfGN7/5zYjYFdlyuVwM
HTo0OnbsGJWVldG9e/coKCiIc845J4499tioqKiI/v37HxL3FgEA3tuKiopi2bJle/3DXUtYu3Zt
s60qETfem5r0LqZHHnlkrZ8fPXp0jbvCNuSJJ00x54033pgtXbo0e+SRR7IBAwbUeK1z587ZnDlz
qseZZ55Z53zXXntt9XHs2LFjv+/91a9+Vf3eH/3oRy1+59mGjN69e2e33XZbtnPnznrfAXjVqlXZ
DTfckA0fPjzr379/1r9//2z48OHZDTfckK1atare82zfvj279dZbs969ezfJueXl5WUvvfRSVlVV
la1Zsybr169f9WsXXXRRtmHDhqyysnKv46qsrMzy8vJqnTM/Pz+76aabat0uy3Y9UeScc87J7rjj
jn2e99q1a5v8+3r//ffX+fXfvHlz9tGPfrR6my5dumTnn39+9pvf/CbbvHlzvb+Pu91///0t8nt4
1KhR2XPPPdfg420oT1ExDMMwDKMlx5AhQ7LS0tIm/zvP/pSWlmZDhgxplvOt7Wkp73yCy9SpU6tf
8xSVd81omR0fTIxo7DkvuOCCGtvNmTPnoI/l5ptvrp7vzTff3O97n3nmmer3fv3rX2/p3xANGm3a
tMk+85nPZCtWrKjXH8ynn346u/jii7PDDz88a926dfU8rVu3zg4//PDs4osvzp5++ul6zbVixYrs
M5/5TJM9PnX3o0BPOOGELJfLZRG7YlddMae+AWLr1q17PYa1srIyKyws3GcA2f2epv6+1idwlJWV
1foo5C5dumQTJkzI/vjHP2bbtm2r1/cyywQOwzAMwzCMph7FxcVN/nee/SkuLm6W86xP3IgQON6N
o8nvwZGCd97rYM97YhyooUOHVv+6rmve9rwx6iuvvBIRu673Hzp0aIwZMyZOOumk6NSp00EfU1PY
uXNnzJ07N6ZMmRILFizY73tXr14ds2bNiocffjjWr18fFRUV1a9VVFTE+vXr4+GHH4577723+tKV
fVmwYEFMmTIl5s6dGzt37myUc3mnTp06RWFhYSxdujSyLIurr746NmzYsN97KmRZVufXYbeOHTvG
T37ykxo3DN2wYUNceOGF+73E41C//OPtt9+OWbNmxcc//vH40pe+FCtXrnRTVACAQ8DcuXNj2rRp
LbLvadOmxdy5c5t8Py5LoUXKyqG0gqNv377Z2rVrsyzbddnDF7/4xYM6jssuu6zGcdRVKjdt2lT9
3uuuuy5bsmRJVl5eXmOOLVu2ZAsWLMjGjBnT4lWstpGfn5+deOKJ2cyZM7ONGzfWWh3vuuuu7IMf
/GCdcx199NHZ3XffXescGzduzGbOnJmdeOKJWX5+frOcW6tWrbKf//zne622qE1VVVU2ceLEBs1/
+eWXV89900031bnqoaqqqsnP+WBWcLzza9erV6/ssssuy5YvX77f1S9WcBiGYRiGYTTPmDVrVpP/
3WdPs2bNapbzmjlz5l77rm3lxu5hBce7b1jBEbsezTpkyJA488wz49hjj43bb7/9gOYZOHBg3Hbb
bdWPiI2ImDNnzn5LZc+ePaNjx47VH3/jG9+IoUOH7nWDyfbt28fIkSPj0UcfjRkzZhzQ8TWl8vLy
+NOf/hQLFiyoXoWypx07dsRf//rXWLt2bZ1zrVmzJtasWVPra6+88kosWLAg/vSnP0V5eflBH3d9
LFmyJD71qU/Ve+XEqlWrGjT/jBkz4uqrr47Kysro2rVrnTdrbY4VHHuurjkYVVVV8frrr8e//uu/
xtChQ2P69On7/L411j4BANi/SZMmNduTVZYvXx6TJk1q8v3MnDkzPv/5z9f4nJUb7z2eX/i/3n77
7Xo9HWVPS5cujfbt20cul4uCgoLo0aNH9Q+fWZbF3XffHRMnTtzvHAMGDKj18+vXr4+NGzfGYYcd
Fj179qyeN5fLxVe+8pUoLy+Pq6++ukHH29QqKioiLy+v1h/Q161bF6+//nq9foitqKiItWvXxmuv
vbbXY2Dz8/MjLy+vWX4YzuVyMXPmzDjttNMaFBU2btzY4H19//vfj65dux4y39Nt27Y1+pybNm2K
66+/Ps4+++wYOHBgs+wTAIC9lZaWRnFxcSxbtiw6d+7cZPspKyuL4uLiKC0tbbJ9RIgb/B8rOA5C
//79Y8CAAdG/f/8aESLLsrjpppvi85//fJ2rDAoLC2PHjh3VHy9cuDBGjhwZ3bp1iw984APRq1ev
OO644+Kee+6pcR+DSZMmxbBhw5rmxA5CRUVFrfGhc+fODfqPZ/fu3aN79+57fX7Lli2xdevWgzrG
+vra174WJSUlDV4xUdvjXevSq1evuOqqqw6Z+2s0xeOK27RpE6ecckp07dq12fYJAEDt1qxZ0+SP
ay0qKtrnyuzGIm6wJ4HjIGzbti3Ky8tj+/btNT6fy+XiyiuvjKVLl9a42WhtHnnkkejdu3eUlJTE
lClT4vTTT49FixbVeM9zzz0X48ePj+9///vVn2vbtm1cfvnljXcyjaBbt24xYMCAWn+A7dChQxx1
1FE1bqi6v3l69eoVbdq02eu1I444Ij784Q/Xa56DNWzYsAMKDg29SW3nzp1j1apVkZeXV6/3Z81w
w876XErUEB06dIjbb7897rvvvlrDVUQ0+f/5AQBQ07Jly2LChAlNMveECRNi2bJlTTL3brXFjRtu
uEHceA8TOA5C9+7d47DDDov8/Pzo2rVrfPrTn4777ruv+qkeH/7wh+Phhx+OY489dr/zrF+/PmbP
nl3j3h21ufrqq+NPf/pT9cejRo06+JNoJIMGDYpp06bFpZdeGl26dNnr9VwuF//v//2/OO200+qc
a8SIEfusyV27do1/+qd/imnTpsWgQYMO+rj359Zbbz2g7YYMGVLv937wgx+Mv//973Xed6O5LV26
NCorKw9qjtatW8dxxx0Xt9xyS6xatSomTJiwz6cBVVRUNNt1oAAA/J9Zs2Y1+j3+ZsyY0eSRoba4
ERENvu0A7y4CRyN5++2346GHHoqLLroozjvvvNi8eXNE7PqB/Nvf/naj7ee+++6r/nVhYeEhcZnK
6aefHj/4wQ9i/Pjx0b17932uRDjmmGOipKQkTj755H3OdfLJJ8f48eP3eW+SvLy86N69e4wfPz5+
8IMfxOmnn94o51Cbxx9/vMGrJXK5XIwcObJe7/vyl78cK1eu3O9jZ2vTHCs4Xn755VixYsUBbdu6
des4+uij4xvf+EbMmzcvJk2aFD169NjvNitXrmz0VSMAANTPpEmT4oknnmiUuZ544okmv6novuIG
CBxN4Oc//3mNJ7F88pOfjCOPPLJR5l6yZEmNj/v169co8x6o3r17R3FxcYwaNSoKCgr2+9527drF
Jz/5ybj++utj/PjxNS4z6datW3z+85+PW265Jc4444xo27btfucqKCiIUaNGRXFx8V43Im0s5eXl
sWnTpgZvd8opp0SrVvv+o9W1a9d47bXX4rbbbqv3ZSl72rJlS4O3aaj169fH/Pnzo6qqap/vyeVy
e51nnz594tprr41f/OIX8c1vfjN69epV576yLIv58+fHhg0bDvq4AQA4MMXFxQe9onb58uVRXFzc
SEdUO3GD/RE4msieKy0OO+ywRltp8fLLL9f4uLCwsFHmPVDr1q2LlStX1vuH0w4dOsTHPvaxuPHG
G2PJkiUxf/78mD9/fixZsiS+853vxMknnxwdOnSo11wbNmyIlStXxrp16w7mFPYpy7J47LHHGrxd
Lper8ejf3Z/r169fLF68OP7+9783+D4dezqQY2qonTt3xvz586tXItWmXbt2cdZZZ0X79u2jZ8+e
cdVVV8Wvf/3ruPrqq2PAgAH7jTx72rRpU8ybN6/GzXYBAGhepaWlUVJSEmVlZQe0fVlZWZSUlDTp
E1PEDeoicDSR5cuX17iUoG/fvo0y7zt/cN7fD6DNYefOnbFo0aJ48skn671Nu3btolevXjFo0KAo
KiqKoqKiGDRoUPTs2bPOlRt7evLJJ2PRokXV9zxpCt/61rcO6DKVW265Jdq3bx8DBgyI6dOnx9at
W+Nvf/vbAd+4dLcsy+Ib3/jGAW/fEE899VQsXbp0n6+3bds2brjhhtiyZUu88cYbceONN8bgwYNr
vTns/ixbtiyefvrpgz1cAAAO0rJly6KkpOSAti0pKWnSm4qKG9SHwFEPF154YWzbtq16HH/88XVu
U1BQUOMH2W3btu31ntNOOy3KysqirKwsSktL6xVBjjvuuBofv/rqq/U4g6b1l7/8JR599NFYuXJl
g7dt27Ztg6LGbitXroxHH300/vKXvzR424Z48cUXa/3e1aWkpCTWr18fK1asiMsvvzzy8/Mb5RGw
O3bsiBdffPGg56mPjRs3xn/8x380aUTbvHlz/Pu//3ts3LixyfYBAED9zZ07NyZPntygbSZPnhxz
585toiMSN6g/gaMe/ud//ify8/OrxymnnFLnNu+80eSqVav2es/SpUujXbt2UVBQEJ07d46xY8fW
Oe8ZZ5xR/evNmzfH4sWL63EGTWvnzp3x+OOPx2OPPdYslxns2LEjHnvssXj88cebdPVGxK4VE0OH
Dm3wKo5WrVrF97///Ua9IWiWZXHaaac1y01Gd+/vgQceiIULFzbZPhYuXBhz5sxptnMCAKBu06dP
j9mzZ9frvbNnz47p06c32bGIGzSEwFEPS5YsiTfffLP64y984Qt1brPnH8LS0tL41a9+tdd7ysvL
43e/+12Nefe3vP9DH/pQnHvuuTWOq7y8vM5jaQ5vvPFGzJs3r8aytPXr18cDDzwQ1113XSxcuLBB
8WPHjh2xcOHCuO666+KBBx6I9evXV7+2bNmymDdvXrzxxhuNeg77smzZsgO6lvDKK6+MiRMnNtoP
72VlZU3+LPF32rZtW3zve99rsvmvv/762Lp1a5PNDwDAgSkpKanzpqPLly8/4Eta6kPcoKEEjv91
4403xtKlS+ORRx6p9RGle9409OSTT44HH3wwunTpstf78vPz47bbbovRo0dXf+7uu+/e50qDO+64
o/oH4GOOOSbmzJlT67yDBw+O+++/Pzp37hwREVVVVXHrrbc27CSbUGVlZfzud7+L//zP/4x58+bF
ddddF8XFxTFp0qSYPn16XHbZZXH99dfH6tWr65xr9erVcf3118dll10W06dPj0mTJkVxcXFcd911
MW/evJg9e3YsXLgwKisrm+HMdq1kOPHEE/f7RJHa5Ofnx6hRo+Kf//mfG7ztO1VWVsZHPvKRFlnp
8NRTT8WVV155QJfq7Mu2bdviyiuvjD/84Q+NNicAAI2rqKhonzcdLSsri6Kioibbt7jBgWjd0gdw
KLjgggviqquuioiIIUOGxPbt2+O8886r8Z5vfvObUVRUVH3/jU9/+tMxYsSIWLRoUaxatSqyLIv3
ve99MXz48OjTp0/1ds8991xMnTp1n/u+7777Yty4cXH++edHRMQ555wTf/nLX2LBggWxZs2ayMvL
i/79+8eoUaNqPF3krrvuil/+8peN9jVoDG+//XbMmjUrHnzwwdiyZUts3LgxKioqImLXfwBnzJgR
BQUFdT4X++GHH44ZM2ZEWVlZdcR466234oUXXogOHTrExo0bm+VRqXtas2ZNTJ06NaZNm1bve2nk
crm48MIL484774zPfvazcddddx3QfTiyLIvvfe97tV7m1Byqqqrihz/8YQwaNChKSkqideuD+89G
RUVF3HPPPfHDH/7woMMPAABNp7S0NIqKimLRokXV/9Aa8X9xo6memHIwceOzn/1sjBgxol7vre/7
SEvWEmP06NHZnkaPHt1ic1555ZU1tvvtb39b6/t69eqVLViwIKuv3//+91m/fv3q3H+bNm2ye++9
N6uqqqrXvA899FCWn5/fIt+3gx3XXHNNtn379n2e2/bt27NrrrmmxY+ztpHL5bLf/va39f7+71ZR
UZF17Ngx69WrV1ZZWdmgbauqqrKnnnoqy+VyLX7+RxxxRHbnnXdmO3fubPDXYLedO3dms2bNyo44
4ogWP5/dY9iwYdlTTz11wOdUX0899VQ2bNiwFj9fwzAMwzCMho6SkpIaf68pKSlpsn3NnDmzyf9e
VptFixY16nk0tpb+PZDKcIlKRMyZMydefvnliNh174ef/vSntb7v9ddfj9NPPz2+9KUvxTPPPFPr
JRJZlsXzzz8fV155ZZx22mn1uiRj586dcfHFF8dFF10UTz755D7nfeGFF+LSSy+NcePGHTL33mio
devWxbp16w749ZaUZVkMGzYsnn/++QZtl5eXF2VlZbFly5bIy8uLe++9t94rF1auXBmnnnrqIXET
zjfeeCO+/vWvx09/+tPYvn17g7ffvn17/PSnP41rrrmm2e6fUh+lpaWxdu3aJt/P2rVrm/S5HcF6
DwAAIABJREFU8AAATWXWrFkxY8aMiIiYMWNGzJo1q0n247IUDlYudpWO97wuXbrEKaecEqtWrar3
o0ePPPLIGD58ePTs2TNatWoV69ati9/97nfx0ksvHdSx9OnTJ0aMGBFHHHFEZFkW69ati6effrrJ
H4naHM4999y49tpr49hjj6319T//+c8xbdq0ePDBB5v5yOovl8vFz3/+8zjrrLMadMnJ9u3b4/jj
j4+VK1dGQUFB/OQnP4nzzjsvcrncXvNkWRbz5s2LT33qU9GvX78oLS2NTZs2NctTaurSrl27uOKK
K+K73/1ug7a75ppr4uabbz4kzmFP+fn5cd5558Xtt98e7du3b5J9bN26Nb74xS/GnDlzko2TAAAl
JSVNFjcuuOCCuP322w96npdeeik2b97c4O2WLVtW56X0DbFo0aJGuwTmiSeeaNL7nbybCBw0q0GD
BsXEiRNj2LBhtb7+2GOPxU9+8pMWu99EQ0ycODH+7d/+rUGRI8uyuPzyy+PWW2+NLMuiVatWMXLk
yLjmmmvi5JNPjo4dO0ZExBVXXFFdye+7774oLS2N7t2713iKTktq1apVDBs2LK6++uoYNmxY9XG/
0+bNm2PJkiVxww03xJIlSw7Ze24UFhbGqFGjYvz48dGjR49Gnfutt96Ku+++Ox5//HErOAAA3iMK
Cwtj+vTp0bdv34OaZ82aNTFp0iR/j6wngYNm1aZNm+jSpUuNG6buafPmzfH2229X35z0UNepU6d4
9tln4wMf+EDk5eXVa5ssy+K1116Lo446aq/Lkdq2bRutWrWq8a/8BQUFkWVZbNmy5ZALBIcddlic
e+65cckll8RJJ50UnTp1ioiITZs2xTPPPBN33XVXPPTQQ4f8o2BzuVy0bds22rdvH61aNe6Ve1VV
VbF169bYsWPHIXGpEQAAvFsJHNAI2rRpE3/+85/j6KOPjlatWtVrVUdVVVW89NJL8fGPfzxeeeWV
ZjjKppHL5aJTp04xePDg+OhHPxpZlsV///d/xwsvvBCbNm3yQz0AANAsBA5oRG3atInRo0fH5MmT
44QTToiCgoKIiOrgsfuH/U2bNsXy5cvjpptuil/+8pfJrFipj1wuJ2oAAADNTuAAAAAAkucxsQAA
AEDyBA4AAAAgeQIHAAAAkDyBAwAAAEiewAEAAAAkT+AAAAAAkidwAAAAAMkTOAAAAIDkCRwAAABA
8gQOAAAAIHkCBwAAAJA8gQMAAABInsABAAAAJE/gAAAAAJIncAAAAADJEzgAAACA5AkcAAAAQPIE
DgAAACB5AgcAAACQPIEDAAAASJ7AAQAAACRP4AAAAACSJ3AAAAAAyRM4AAAAgOQJHAAAAEDyBA4A
AAAgeQIHAAAAkDyBAwAAAEiewAEAAAAkT+AAAAAAkidwAAAAAMkTOAAAAIDkCRwAAABA8gQOAAAA
IHkCBwAAAJA8gQMAAABInsABAAAAJE/gAAAAAJIncAAAAADJEzgAAACA5AkcAAAAQPIEDgAAACB5
AgcAAACQPIEDAAAASJ7AAQAAACRP4AAAAACSJ3AAAAAAyRM4AAAAgOQJHAAAAEDyBA4AAAAgeQIH
AAAAkDyBAwAAAEiewAEAAAAkT+AAAAAAkidwAAAAAMkTOAAAAIDkCRwAAABA8gQOAAAAIHkCBwAA
AJA8gQMAAABInsABAAAAJE/gAAAAAJIncAAAAADJEzgAAACA5AkcAAAAQPIEDgAAACB5AgcAAACQ
PIEDAAAASJ7AAQAAACRP4AAAAACSJ3AAAAAAyRM4AAAAgOQJHAAAAEDyBA4AAAAgeQIHAAAAkDyB
AwAAAEiewAEAAAAkT+AAAAAAkidwAAAAAMkTOAAAAIDkCRwAAABA8gQOAAAAIHkCBwAAAJA8gQMA
AABInsABAAAAJE/gAAAAAJIncAAAAADJEzgAAACA5AkcAAAAQPIEDgAAACB5AgcAAACQPIEDAAAA
SJ7AAQAAACRP4AAAAACSJ3AAAAAAyRM4AAAAgOQJHAAAAEDyBA4AAAAgeQIHAAAAkDyBAwAAAEie
wAEAAAAkT+AAAAAAkidwAAAAAMkTOAAAAIDkCRwAAABA8gQOAAAAIHkCBwAAAJA8gQMAAABInsAB
AAAAJE/gAAAAAJIncAAAAADJEzgAAACA5AkcAAAAQPIEDgAAACB5AgcAAACQPIEDAAAASJ7AAQAA
ACRP4AAAAACSJ3AAAAAAyRM4AAAAgOQJHAAAAEDyBA4AAAAgeQIHAAAAkDyBAwAAAEiewAEAAAAk
T+AAAAAAkidwAAAAAMkTOAAAAIDkCRwAAABA8gQOAAAAIHkCBwAAAJA8gQMAAABInsABAAAAJE/g
AAAAAJIncAAAAADJEzgAAACA5AkcAAAAQPIEDgAAACB5AgcAAACQPIEDAAAASJ7AAQAAACRP4AAA
AACSJ3AAAAAAyRM4AAAAgOQJHAAAAEDyBA4AAAAgeQIHAAAAkDyBAwAAAEiewAEAAAAkT+AAAAAA
kidwAAAAAMkTOAAAAIDkCRwAAABA8gQOAAAAIHkCBwAAAJA8gQMAAABInsABAAAAJE/gAAAAAJIn
cAAAAADJEzgAAACA5AkcAAAAQPIEDgAAACB5AgcAAACQPIEDAAAASJ7AAQAAACRP4AAAAACSJ3AA
AAAAyRM4AAAAgOQJHAAAAEDyBA4AAAAgeQIHAAAAkDyBAwAAAEiewAEAAAAkT+AAAAAAkidwAAAA
AMkTOAAAAIDkCRwAAABA8gQOAAAAIHkCBwAAAJA8gQMAAABInsABAAAAJE/gAAAAAJIncAAAAADJ
EzgAAACA5AkcAAAAQPIEDgAAACB5AgcAAACQPIEDAAAASJ7AAQAAACRP4AAAAACSJ3AAAAAAyRM4
AAAAgOQJHAAAAEDyBA4AAAAgeQIHAAAAkDyBAwAAAEiewAEAAAAkT+AAAAAAkidwAAAAAMkTOAAA
AIDkCRwAAABA8gQOAAAAIHkCBwAAAJA8gQMAAABInsABAAAAJE/gAAAAAJIncAAAAADJEzgAAACA
5AkcAAAAQPIEDgAAACB5AgcAAACQPIEDAAAASJ7AAQAAACRP4AAAAACSJ3AAAAAAyRM4AAAAgOQJ
HAAAAEDyBA4AAAAgeQIHAAAAkDyBAwAAAEiewAEAAAAkT+AAAAAAkidwAAAAAMkTOAAAAIDkCRwA
AABA8gQOAAAAIHkCBwAAAJA8gQMAAABInsABAAAAJE/gAAAAAJIncAAAAADJEzgAAACA5AkcAAAA
QPIEDgAAACB5AgcAAACQPIEDAAAASJ7AAQAAACRP4AAAAACSJ3AAAAAAyRM4AAAAgOQJHAAAAEDy
BA4AAAAgeQIHAAAAkDyBAwAAAEiewAEAAAAkT+AAAAAAkidwAAAAAMkTOAAAAIDkCRwAAABA8gQO
AAAAIHkCBwAAAJA8gQMAAABInsABAAAAJE/gAAAAAJIncAAAAADJEzgAAACA5AkcAAAAQPIEDgAA
ACB5AgcAAACQPIEDAAAASJ7AAQAAACRP4AAAAACSJ3AAAAAAyRM4AAAAgOQJHAAAAEDyBA4AAAAg
eQIHAAAAkDyBAwAAAEiewAEAAAAkT+AAAAAAkidwAAAAAMkTOAAAAIDkCRwAAABA8gQOAAAAIHkC
BwAAAJA8gQMAAABInsABAAAAJE/gAAAAAJIncAAAAADJEzgAAACA5AkcAAAAQPIEDgAAACB5AgcA
AACQPIEDAAAASJ7AAQAAACRP4AAAAACSJ3AAAAAAyRM4AAAAgOQJHAAAAEDyBA4AAAAgeQIHAAAA
kDyBAwAAAEiewAEAAAAkT+AAAAAAkidwAAAAAMkTOAAAAIDkCRwAAABA8gQOAAAAIHkCBwAAAJA8
gQMAAABInsABAAAAJE/gAAAAAJIncAAAAADJEzgAAACA5AkcAAAAQPIEDgAAACB5AgcAAACQPIED
AAAASJ7AAQAAACRP4AAAAACSJ3AAAAAAyRM4AAAAgOQJHAAAAEDyBA4AAAAgeQIHAAAAkDyBAwAA
AEiewAEAAAAkT+AAAAAAkidwAAAAAMkTOAAAAIDkCRwAAABA8gQOAAAAIHkCBwAAAJA8gQMAAABI
nsABAAAAJE/gAAAAAJIncAAAAADJEzgAAACA5AkcAAAAQPIEDgAAACB5AgcAAACQPIEDAAAASJ7A
AQAAACRP4AAAAACSJ3AAAAAAyRM4AAAAgOQJHAAAAEDyBA4AAAAgeQIHAAAAkDyBAwAAAEiewAEA
AAAkT+AAAAAAkidwAAAAAMkTOAAAAIDkCRwAAABA8gQOAAAAIHkCBwAAAJA8gQMAAABInsABAAAA
JE/gAAAAAJIncAAAAADJEzgAAACA5AkcAAAAQPIEDgAAACB5AgcAAACQPIEDAAAASJ7AAQAAACRP
4AAAAACSJ3AAAAAAyRM4AAAAgOQJHAAAAEDyBA4AAAAgeQIHAAAAkDyBAwAAAEiewAEAAAAkT+AA
AAAAkidwAAAAAMkTOAAAAIDkCRwAAABA8gQOAAAAIHkCBwAAAJA8gQMAAABInsABAAAAJE/gAAAA
AJIncAAAAADJEzgAAACA5AkcAAAAQPIEDgAAACB5AgcAAACQPIEDAAAASJ7AAQAAACRP4AAAAACS
J3AAAAAAyRM4AAAAgOQJHAAAAEDyBA4AAAAgeQIHAAAAkDyBAwAAAEiewAEAAAAkT+AAAAAAkidw
AAAAAMkTOAAAAIDkCRwAAABA8gQOAAAAIHkCBwAAAJA8gQMAAABInsABAAAAJE/gAAAAAJIncAAA
AADJEzgAAACA5AkcAAAAQPIEDgAAACB5AgcAAACQPIEDAAAASJ7AAQAAACRP4AAAAACSJ3AAAAAA
yRM4AAAAgOQJHAAAAEDyBA4AAAAgeQIHAAAAkDyBAwAAAEiewAEAAAAkT+AAAAAAkidwAAAAAMkT
OAAAAIDkCRwAAABA8gQOAAAAIHkCBwAAAJA8gQMAAABInsABAAAAJE/gAAAAAJIncAAAAADJEzgA
AACA5AkcAAAAQPIEDgAAACB5AgcAAACQPIEDAAAASJ7AAQAAACRP4AAAAACSJ3AAAAAAyRM4AAAA
gOQJHAAAAEDyBA4AAAAgeQIHAAAAkDyBAwAAAEiewAEAAAAkT+AAAAAAkidwAAAAAMkTOAAAAIDk
CRwAAABA8gQOAAAAIHkCBwAAAJA8gQMAAABInsABAAAAJE/gAAAAAJIncAAAAADJEzgAAACA5Akc
AAAAQPIEDgAAACB5AgcAAACQPIEDAAAASJ7AAQAAACRP4AAAAACSJ3AAAAAAyRM4AAAAgOQJHAAA
AEDyBA4AAAAgeQIHAAAAkDyBAwAAAEiewAEAAAAkT+AAAAAAkidwAAAAAMkTOAAAAIDkCRwAAABA
8gQOAAAAIHkCBwAAAJA8gQMAAABInsABAAAAJE/gAAAAAJIncAAAAADJEzgAAACA5AkcAAAAQPIE
DgAAACB5AgcAAACQPIEDAAAASJ7AAQAAACRP4AAAAACSJ3AAAAAAyRM4AAAAgOQJHAAAAEDyBA4A
AAAgeQIHAAAAkDyBAwAAAEiewAEAAAAkT+AAAAAAkidwAAAAAMkTOAAAAIDkCRwAAABA8gQOAAAA
IHkCBwAAAJA8gQMAAABInsABAAAAJE/gAAAAAJIncAAAAADJEzgAAACA5AkcAAAAQPIEDgAAACB5
AgcAAACQPIEDAAAASJ7AAQAAACRP4AAAAACSJ3AAAAAAyRM4AAAAgOQJHAAAAEDyBA4AAAAgeQIH
AAAAkDyBAwAAAEiewAEAAAAkT+AAAAAAkidwAAAAAMkTOAAAAIDkCRwAAABA8gQOAAAAIHkCBwAA
AJA8gQMAAABInsABAAAAJE/gAAAAAJIncAAAAADJEzgAAACA5AkcAAAAQPIEDgAA4P+zYwckAAAA
AIL+v25HoDME2BMcAAAAwJ7gAAAAAPYEBwAAALAnOAAAAIA9wQEAAADsCQ4AAABgT3AAAAAAe4ID
AAAA2BMcAAAAwJ7gAAAAAPYEBwAAALAnOAAAAIA9wQEAAADsCQ4AAABgT3AAAAAAe4IDAAAA2BMc
AAAAwJ7gAAAAAPYEBwAAALAnOAAAAIA9wQEAAADsCQ4AAABgT3AAAAAAe4IDAAAA2BMcAAAAwJ7g
AAAAAPYEBwAAALAnOAAAAIA9wQEAAADsCQ4AAABgT3AAAAAAe4IDAAAA2BMcAAAAwJ7gAAAAAPYE
BwAAALAnOAAAAIA9wQEAAADsCQ4AAABgT3AAAAAAe4IDAAAA2BMcAAAAwJ7gAAAAAPYEBwAAALAn
OAAAAIA9wQEAAADsCQ4AAABgT3AAAAAAe4IDAAAA2BMcAAAAwJ7gAAAAAPYEBwAAALAnOAAAAIA9
wQEAAADsCQ4AAABgT3AAAAAAe4IDAAAA2BMcAAAAwJ7gAAAAAPYEBwAAALAnOAAAAIA9wQEAAADs
CQ4AAABgT3AAAAAAe4IDAAAA2BMcAAAAwJ7gAAAAAPYEBwAAALAnOAAAAIA9wQEAAADsCQ4AAABg
T3AAAAAAe4IDAAAA2BMcAAAAwJ7gAAAAAPYEBwAAALAnOAAAAIA9wQEAAADsCQ4AAABgT3AAAAAA
e4IDAAAA2BMcAAAAwJ7gAAAAAPYEBwAAALAnOAAAAIA9wQEAAADsCQ4AAABgT3AAAAAAe4IDAAAA
2BMcAAAAwJ7gAAAAAPYEBwAAALAnOAAAAIA9wQEAAADsCQ4AAABgT3AAAAAAe4IDAAAA2BMcAAAA
wJ7gAAAAAPYEBwAAALAnOAAAAIA9wQEAAADsCQ4AAABgT3AAAAAAe4IDAAAA2BMcAAAAwJ7gAAAA
APYEBwAAALAnOAAAAIA9wQEAAADsCQ4AAABgT3AAAAAAe4IDAAAA2BMcAAAAwJ7gAAAAAPYEBwAA
ALAnOAAAAIA9wQEAAADsCQ4AAABgT3AAAAAAe4IDAAAA2BMcAAAAwJ7gAAAAAPYEBwAAALAnOAAA
AIA9wQEAAADsCQ4AAABgT3AAAAAAe4IDAAAA2BMcAAAAwJ7gAAAAAPYEBwAAALAnOAAAAIA9wQEA
AADsCQ4AAABgT3AAAAAAe4IDAAAA2BMcAAAAwJ7gAAAAAPYEBwAAALAnOAAAAIA9wQEAAADsCQ4A
AABgT3AAAAAAe4IDAAAA2BMcAAAAwJ7gAAAAAPYEBwAAALAnOAAAAIA9wQEAAADsCQ4AAABgT3AA
AAAAe4IDAAAA2BMcAAAAwJ7gAAAAAPYEBwAAALAnOAAAAIA9wQEAAADsCQ4AAABgT3AAAAAAe4ID
AAAA2BMcAAAAwJ7gAAAAAPYEBwAAALAnOAAAAIA9wQEAAADsCQ4AAABgT3AAAAAAe4IDAAAA2BMc
AAAAwJ7gAAAAAPYEBwAAALAnOAAAAIA9wQEAAADsCQ4AAABgT3AAAAAAe4IDAAAA2BMcAAAAwJ7g
AAAAAPYEBwAAALAnOAAAAIA9wQEAAADsCQ4AAABgT3AAAAAAe4IDAAAA2BMcAAAAwJ7gAAAAAPYE
BwAAALAnOAAAAIA9wQEAAADsCQ4AAABgT3AAAAAAe4IDAAAA2BMcAAAAwJ7gAAAAAPYEBwAAALAn
OAAAAIA9wQEAAADsCQ4AAABgT3AAAAAAe4IDAAAA2BMcAAAAwJ7gAAAAAPYEBwAAALAnOAAAAIA9
wQEAAADsCQ4AAABgT3AAAAAAe4IDAAAA2BMcAAAAwJ7gAAAAAPYEBwAAALAnOAAAAIA9wQEAAADs
CQ4AAABgT3AAAAAAe4IDAAAA2BMcAAAAwJ7gAAAAAPYEBwAAALAnOAAAAIA9wQEAAADsCQ4AAABg
T3AAAAAAe4IDAAAA2BMcAAAAwJ7gAAAAAPYEBwAAALAnOAAAAIA9wQEAAADsCQ4AAABgT3AAAAAA
e4IDAAAA2BMcAAAAwJ7gAAAAAPYEBwAAALAnOAAAAIA9wQEAAADsCQ4AAABgT3AAAAAAe4IDAAAA
2BMcAAAAwJ7gAAAAAPYEBwAAALAnOAAAAIA9wQEAAADsCQ4AAABgT3AAAAAAe4IDAAAA2BMcAAAA
wJ7gAAAAAPYEBwAAALAnOAAAAIA9wQEAAADsCQ4AAABgT3AAAAAAe4IDAAAA2BMcAAAAwJ7gAAAA
APYEBwAAALAnOAAAAIA9wQEAAADsCQ4AAABgT3AAAAAAe4IDAAAA2BMcAAAAwJ7gAAAAAPYEBwAA
ALAnOAAAAIA9wQEAAADsCQ4AAABgT3AAAAAAe4IDAAAA2BMcAAAAwJ7gAAAAAPYEBwAAALAnOAAA
AIA9wQEAAADsCQ4AAABgT3AAAAAAe4IDAAAA2BMcAAAAwJ7gAAAAAPYEBwAAALAnOAAAAIA9wQEA
AADsCQ4AAABgT3AAAAAAe4IDAAAA2BMcAAAAwJ7gAAAAAPYEBwAAALAnOAAAAIA9wQEAAADsCQ4A
AABgT3AAAAAAe4IDAAAA2BMcAAAAwJ7gAAAAAPYEBwAAALAnOAAAAIA9wQEAAADsCQ4AAABgT3AA
AAAAe4IDAAAA2BMcAAAAwJ7gAAAAAPYEBwAAALAnOAAAAIA9wQEAAADsCQ4AAABgT3AAAAAAe4ID
AAAA2BMcAAAAwJ7gAAAAAPYEBwAAALAnOAAAAIA9wQEAAADsCQ4AAABgT3AAAAAAe4IDAAAA2BMc
AAAAwJ7gAAAAAPYEBwAAALAnOAAAAIA9wQEAAADsCQ4AAABgT3AAAAAAe4IDAAAA2BMcAAAAwJ7g
AAAAAPYEBwAAALAnOAAAAIA9wQEAAADsCQ4AAABgT3AAAAAAe4IDAAAA2BMcAAAAwJ7gAAAAAPYE
BwAAALAnOAAAAIA9wQEAAADsCQ4AAABgT3AAAAAAe4IDAAAA2BMcAAAAwJ7gAAAAAPYEBwAAALAn
OAAAAIA9wQEAAADsCQ4AAABgT3AAAAAAe4IDAAAA2BMcAAAAwJ7gAAAAAPYEBwAAALAnOAAAAIA9
wQEAAADsCQ4AAABgT3AAAAAAe4IDAAAA2BMcAAAAwJ7gAAAAAPYEBwAAALAnOAAAAIA9wQEAAADs
CQ4AAABgT3AAAAAAe4IDAAAA2BMcAAAAwJ7gAAAAAPYEBwAAALAnOAAAAIA9wQEAAADsCQ4AAABg
T3AAAAAAe4IDAAAA2BMcAAAAwJ7gAAAAAPYEBwAAALAnOAAAAIA9wQEAAADsCQ4AAABgT3AAAAAA
e4IDAAAA2BMcAAAAwJ7gAAAAAPYEBwAAALAnOAAAAIA9wQEAAADsCQ4AAABgT3AAAAAAe4IDAAAA
2BMcAAAAwJ7gAAAAAPYEBwAAALAnOAAAAIA9wQEAAADsCQ4AAABgT3AAAAAAe4IDAAAA2BMcAAAA
wJ7gAAAAAPYEBwAAALAnOAAAAIA9wQEAAADsCQ4AAABgT3AAAAAAe4IDAAAA2BMcAAAAwJ7gAAAA
APYEBwAAALAnOAAAAIA9wQEAAADsCQ4AAABgT3AAAAAAe4IDAAAA2BMcAAAAwJ7gAAAAAPYEBwAA
ALAnOAAAAIA9wQEAAADsCQ4AAABgT3AAAAAAe4IDAAAA2BMcAAAAwJ7gAAAAAPYEBwAAALAnOAAA
AIA9wQEAAADsCQ4AAABgT3AAAAAAe4IDAAAA2BMcAAAAwJ7gAAAAAPYEBwAAALAnOAAAAIA9wQEA
AADsCQ4AAABgT3AAAAAAe4IDAAAA2BMcAAAAwJ7gAAAAAPYEBwAAALAnOAAAAIA9wQEAAADsCQ4A
AABgT3AAAAAAe4IDAAAA2BMcAAAAwJ7gAAAAAPYEBwAAALAnOAAAAIA9wQEAAADsCQ4AAABgT3AA
AAAAe4IDAAAA2BMcAAAAwJ7gAAAAAPYEBwAAALAnOAAAAIA9wQEAAADsCQ4AAABgT3AAAAAAe4ID
AAAA2BMcAAAAwJ7gAAAAAPYEBwAAALAnOAAAAIA9wQEAAADsCQ4AAABgT3AAAAAAe4IDAAAA2BMc
AAAAwJ7gAAAAAPYEBwAAALAnOAAAAIA9wQEAAADsCQ4AAABgT3AAAAAAe4IDAAAA2BMcAAAAwJ7g
AAAAAPYEBwAAALAnOAAAAIA9wQEAAADsCQ4AAABgT3AAAAAAe4IDAAAA2BMcAAAAwJ7gAAAAAPYE
BwAAALAnOAAAAIA9wQEAAADsCQ4AAABgT3AAAAAAe4IDAAAA2BMcAAAAwJ7gAAAAAPYEBwAAALAn
OAAAAIA9wQEAAADsCQ4AAABgT3AAAAAAe4IDAAAA2BMcAAAAwJ7gAAAAAPYEBwAAALAnOAAAAIA9
wQEAAADsCQ4AAABgT3AAAAAAe4IDAAAA2BMcAAAAwJ7gAAAAAPYEBwAAALAnOAAAAIA9wQEAAADs
CQ4AAABgT3AAAAAAe4IDAAAA2BMcAAAAwJ7gAAAAAPYEBwAAALAnOAAAAIA9wQEAAADsCQ4AAABg
T3AAAAAAe4IDAAAA2BMcAAAAwJ7gAAAAAPYEBwAAALAnOAAAAIA9wQEAAADsCQ4AAABgT3AAAAAA
e4IDAAAA2BMcAAAAwJ7gAAAAAPYEBwAAALAnOAAAAIA9wQEAAADsCQ4AAABgT3AAAAAAe4IDAAAA
2BMcAAAAwJ7gAAAAAPYEBwAAALAnOAAAAIA9wQEAAADsCQ4AAABgT3AAAAAAe4IDAAAA2BMcAAAA
wJ7gAAAAAPYEBwAAALAnOAAAAIA9wQEAAADsCQ4AAABgT3AAAAAAe4IDAAAA2BMcAAAAwJ7gAAAA
APYEBwAAALAnOAAAAIA9wQEAAADsCQ4AAABgT3AAAAAAe4IDAAAA2BMcAAAAwJ7gAAAAAPYEBwAA
ALAnOAAAAIA9wQEAAADsCQ4AAABgT3AAAAAAe4IDAAAA2BMcAAAAwJ7gAAAAAPYEBwAAALAnOAAA
AIA9wQEAAADsCQ4AAABgT3AAAAAAe4IDAAAA2BMcAAAAwJ7gAAAAAPYEBwAAALAnOAADo9rGAAAb
4ElEQVQAAIA9wQEAAADsCQ4AAABgT3AAAAAAe4IDAAAA2BMcAAAAwJ7gAAAAAPYEBwAAALAnOAAA
AIA9wQEAAADsCQ4AAABgT3AAAAAAe4IDAAAA2BMcAAAAwJ7gAAAAAPYEBwAAALAnOAAAAIA9wQEA
AADsCQ4AAABgT3AAAAAAe4IDAAAA2BMcAAAAwJ7gAAAAAPYEBwAAALAnOAAAAIA9wQEAAADsCQ4A
AABgT3AAAAAAe4IDAAAA2BMcAAAAwJ7gAAAAAPYEBwAAALAnOAAAAIA9wQEAAADsCQ4AAABgT3AA
AAAAe4IDAAAA2BMcAAAAwJ7gAAAAAPYEBwAAALAnOAAAAIA9wQEAAADsCQ4AAABgT3AAAAAAe4ID
AAAA2BMcAAAAwJ7gAAAAAPYEBwAAALAnOAAAAIA9wQEAAADsCQ4AAABgT3AAAAAAe4IDAAAA2BMc
AAAAwJ7gAAAAAPYEBwAAALAnOAAAAIA9wQEAAADsCQ4AAABgT3AAAAAAe4IDAAAA2BMcAAAAwJ7g
AAAAAPYEBwAAALAnOAAAAIA9wQEAAADsCQ4AAABgT3AAAAAAe4IDAAAA2BMcAAAAwJ7gAAAAAPYE
BwAAALAnOAAAAIA9wQEAAADsCQ4AAABgT3AAAAAAe4IDAAAA2BMcAAAAwJ7gAAAAAPYEBwAAALAn
OAAAAIA9wQEAAADsCQ4AAABgT3AAAAAAe4IDAAAA2BMcAAAAwJ7gAAAAAPYEBwAAALAnOAAAAIA9
wQEAAADsCQ4AAABgT3AAAAAAe4IDAAAA2BMcAAAAwJ7gAAAAAPYEBwAAALAnOAAAAIA9wQEAAADs
CQ4AAABgT3AAAAAAe4IDAAAA2BMcAAAAwJ7gAAAAAPYEBwAAALAnOAAAAIA9wQEAAADsCQ4AAABg
T3AAAAAAe4IDAAAA2BMcAAAAwJ7gAAAAAPYEBwAAALAnOAAAAIA9wQEAAADsCQ4AAABgT3AAAAAA
e4IDAAAA2BMcAAAAwJ7gAAAAAPYEBwAAALAnOAAAAIA9wQEAAADsCQ4AAABgT3AAAAAAe4IDAAAA
2BMcAAAAwJ7gAAAAAPYEBwAAALAnOAAAAIA9wQEAAADsCQ4AAABgT3AAAAAAe4IDAAAA2BMcAAAA
wJ7gAAAAAPYEBwAAALAnOAAAAIA9wQEAAADsCQ4AAABgT3AAAAAAe4IDAAAA2BMcAAAAwJ7gAAAA
APYEBwAAALAnOAAAAIA9wQEAAADsCQ4AAABgT3AAAAAAe4IDAAAA2BMcAAAAwJ7gAAAAAPYEBwAA
ALAnOAAAAIA9wQEAAADsCQ4AAABgT3AAAAAAe4IDAAAA2BMcAAAAwJ7gAAAAAPYEBwAAALAnOAAA
AIA9wQEAAADsCQ4AAABgT3AAAAAAe4IDAAAA2BMcAAAAwJ7gAAAAAPYEBwAAALAnOAAAAIA9wQEA
AADsCQ4AAABgT3AAAAAAe4IDAAAA2BMcAAAAwJ7gAAAAAPYEBwAAALAnOAAAAIA9wQEAAADsCQ4A
AABgT3AAAAAAe4IDAAAA2BMcAAAAwJ7gAAAAAPYEBwAAALAnOAAAAIA9wQEAAADsCQ4AAABgT3AA
AAAAe4IDAAAA2BMcAAAAwJ7gAAAAAPYEBwAAALAnOAAAAIA9wQEAAADsCQ4AAABgT3AAAAAAe4ID
AAAA2BMcAAAAwJ7gAAAAAPYEBwAAALAnOAAAAIA9wQEAAADsCQ4AAABgT3AAAAAAe4IDAAAA2BMc
AAAAwJ7gAAAAAPYEBwAAALAnOAAAAIA9wQEAAADsCQ4AAABgT3AAAAAAe4IDAAAA2BMcAAAAwJ7g
AAAAAPYEBwAAALAnOAAAAIA9wQEAAADsCQ4AAABgT3AAAAAAe4IDAAAA2BMcAAAAwJ7gAAAAAPYE
BwAAALAnOAAAAIA9wQEAAADsCQ4AAABgT3AAAAAAe4IDAAAA2BMcAAAAwJ7gAAAAAPYEBwAAALAn
OAAAAIA9wQEAAADsCQ4AAABgT3AAAAAAe4IDAAAA2BMcAAAAwJ7gAAAAAPYEBwAAALAnOAAAAIA9
wQEAAADsCQ4AAABgT3AAAAAAe4IDAAAA2BMcAAAAwJ7gAAAAAPYEBwAAALAnOAAAAIA9wQEAAADs
CQ4AAABgT3AAAAAAe4IDAAAA2BMcAAAAwJ7gAAAAAPYEBwAAALAnOAAAAIA9wQEAAADsCQ4AAABg
T3AAAAAAe4IDAAAA2BMcAAAAwJ7gAAAAAPYEBwAAALAnOAAAAIA9wQEAAADsCQ4AAABgT3AAAAAA
e4IDAAAA2BMcAAAAwJ7gAAAAAPYEBwAAALAnOAAAAIA9wQEAAADsCQ4AAABgT3AAAAAAe4IDAAAA
2BMcAAAAwJ7gAAAAAPYEBwAAALAnOAAAAIA9wQEAAADsCQ4AAABgT3AAAAAAe4IDAAAA2BMcAAAA
wJ7gAAAAAPYEBwAAALAnOAAAAIA9wQEAAADsCQ4AAABgT3AAAAAAe4IDAAAA2BMcAAAAwJ7gAAAA
APYEBwAAALAnOAAAAIA9wQEAAADsCQ4AAABgT3AAAAAAe4IDAAAA2BMcAAAAwJ7gAAAAAPYEBwAA
ALAnOAAAAIA9wQEAAADsCQ4AAABgT3AAAAAAe4IDAAAA2BMcAAAAwJ7gAAAAAPYEBwAAALAnOAAA
AIA9wQEAAADsCQ4AAABgT3AAAAAAe4IDAAAA2BMcAAAAwJ7gAAAAAPYEBwAAALAnOAAAAIA9wQEA
AADsCQ4AAABgT3AAAAAAe4IDAAAA2BMcAAAAwJ7gAAAAAPYEBwAAALAnOAAAAIA9wQEAAADsCQ4A
AABgT3AAAAAAe4IDAAAA2BMcAAAAwJ7gAAAAAPYEBwAAALAnOAAAAIA9wQEAAADsCQ4AAABgT3AA
AAAAe4IDAAAA2BMcAAAAwJ7gAAAAAPYEBwAAALAnOAAAAIA9wQEAAADsCQ4AAABgT3AAAAAAe4ID
AAAA2BMcAAAAwJ7gAAAAAPYEBwAAALAnOAAAAIA9wQEAAADsCQ4AAABgT3AAAAAAe4IDAAAA2BMc
AAAAwJ7gAAAAAPYEBwAAALAnOAAAAIA9wQEAAADsCQ4AAABgT3AAAAAAe4IDAAAA2BMcAAAAwJ7g
AAAAAPYEBwAAALAnOAAAAIA9wQEAAADsCQ4AAABgT3AAAAAAe4IDAAAA2BMcAAAAwJ7gAAAAAPYE
BwAAALAnOACg9u7fp8q7/+P4+yZVxKXHgbupoeEowUS6UBPqoI3QrYk/DourNHZsIv4FHhdX6F4D
jrp4UBMThwJ1ojS2DmWQIJiiTYqJxwUEE/sdGr2/jf2pwHXe9fEYSTjXiwny5Lo+FwAA6QkcAAAA
QHoCBwAAAJCewAEAAACkJ3AAAAAA6QkcAAAAQHoCBwAAAJCewAEAAACkJ3AAAAAA6QkcAAAAQHoC
BwAAAJCewAEAAACkJ3AAAAAA6QkcAAAAQHoCBwAAAJCewAEAAACkJ3AAAAAA6QkcAAAAQHoCBwAA
AJCewAEAAACkJ3AAAAAA6QkcAAAAQHoCBwAAAJCewAEAAACkJ3AAAAAA6QkcAAAAQHoCBwAAAJCe
wAEAAACkJ3AAAAAA6QkcAAAAQHoCBwAAAJCewAEAAACkJ3AAAAAA6QkcAAAAQHoCBwAAAJCewAEA
AACkJ3AAAAAA6QkcAAAAQHoCBwAAAJCewAEAAACkJ3AAAAAA6QkcAAAAQHoCBwAAAJCewAEAAACk
J3AAAAAA6QkcAAAAQHoCBwAAAJCewAEAAACkJ3AAAAAA6QkcAAAAQHoCBwAAAJCewAEAAACkJ3AA
AAAA6QkcAAAAQHoCBwAAAJCewAEAAACkJ3AAAAAA6QkcAAAAQHoCBwAAAJCewAEAAACkJ3AAAAAA
6QkcAAAAQHoCBwAAAJCewAEAAACkJ3AAAAAA6QkcAAAAQHoCBwAAAJCewAEAAACkJ3AAAAAA6Qkc
AAAAQHoCBwAAAJCewAEAAACkJ3AAAAAA6QkcAAAAQHoCBwAAAJCewAEAAACkJ3AAAAAA6QkcAAAA
QHoCBwAAAJCewAEAAACkJ3AAAAAA6QkcAAAAQHoCBwAAAJCewAEAAACkJ3AAAAAA6QkcAAAAQHoC
BwAAAJCewAEAAACkJ3AAAAAA6QkcAAAAQHoCBwAAAJCewAEAAACkJ3AAAAAA6QkcAAAAQHoCBwAA
AJCewAEAAACkJ3AAAAAA6QkcAAAAQHoCBwAAAJCewAEAAACkJ3AAAAAA6QkcAAAAQHoCBwAAAJCe
wAEAAACkJ3AAAAAA6QkcAAAAQHoCBwAAAJCewAEAAACkJ3AAAAAA6QkcAAAAQHoCBwAAAJCewAEA
AACkJ3AAAAAA6QkcAAAAQHoCBwAAAJCewAEAAACkJ3AAAAAA6QkcAAAAQHoCBwAAAJCewAEAAACk
J3AAAAAA6QkcAAAAQHoCBwAAAJCewAEAAACkJ3AAAAAA6QkcAAAAQHoCBwAAAJCewAEAAACkJ3AA
AAAA6QkcAAAAQHoCBwAAAJCewAEAAACkJ3AAAAAA6QkcAAAAQHoCBwAAAJCewAEAAACkJ3AAAAAA
6QkcAAAAQHoCBwAAAJCewAEAAACkJ3AAAAAA6QkcAAAAQHoCBwAAAJCewAEAAACkJ3AAAAAA6Qkc
AAAAQHoCBwAAAJCewAEAAACkJ3AAAAAA6QkcAAAAQHoCBwAAAJCewAEAAACkJ3AAAAAA6QkcAAAA
QHoCBwAAAJCewAEAAACkJ3AAAAAA6QkcAAAAQHoCBwAAAJCewAEAAACkJ3AAAAAA6QkcAAAAQHoC
BwAAAJCewAEAAACkJ3AAAAAA6QkcAAAAQHoCBwAAAJCewAEAAACkJ3AAAAAA6QkcAAAAQHoCBwAA
AJCewAEAAACkJ3AAAAAA6QkcAAAAQHoCBwAAAJCewAEAAACkJ3AAAAAA6QkcAAAAQHoCBwAAAJCe
wAEAAACkJ3AAAAAA6QkcAAAAQHoCBwAAAJCewAEAAACkJ3AAAAAA6QkcAAAAQHoCBwAAAJCewAEA
AACkJ3AAAAAA6QkcAAAAQHoCBwAAAJCewAEAAACkJ3AAAAAA6QkcAAAAQHoCBwAAAJCewAEAAACk
J3AAAAAA6QkcAAAAQHoCBwAAAJCewAEAAACkJ3AAAAAA6QkcAAAAQHoCBwAAAJCewAEAAACkJ3AA
AAAA6QkcAAAAQHoCBwAAAJCewAEAAACkJ3AAAAAA6QkcAAAAQHoCBwAAAJCewAEAAACkJ3AAAAAA
6QkcAAAAQHoCBwAAAJCewAEAAACkJ3AAAAAA6QkcAAAAQHoCBwAAAJCewAEAAACkJ3AAAAAA6Qkc
AAAAQHoCBwAAAJCewAEAAACkJ3AAAAAA6QkcAAAAQHoCBwAAAJCewAEAAACkJ3AAAAAA6QkcAAAA
QHoCBwAAAJCewAEAAACkJ3AAAAAA6QkcAAAAQHoCBwAAAJCewAEAAACkJ3AAAAAA6QkcAAAAQHoC
BwAAAJCewAEAAACkJ3AAAAAA6QkcAAAAQHoCBwAAAJCewAEAAACkJ3AAAAAA6QkcAAAAQHoCBwAA
AJCewAEAAACkJ3AAAAAA6QkcAAAAQHoCBwAAAJCewAEAAACkJ3AAAAAA6QkcAAAAQHoCBwAAAJCe
wAEAAACkJ3AAAAAA6QkcAAAAQHoCBwAAAJCewAEAAACkJ3AAAAAA6QkcAAAAQHoCBwAAAJCewAEA
AACkJ3AAAAAA6QkcAAAAQHoCBwAAAJCewAEAAACkJ3AAAAAA6QkcAAAAQHoCBwAAAJCewAEAAACk
J3AAAAAA6QkcAAAAQHoCBwAAAJCewAEAAACkJ3AAAAAA6QkcAAAAQHoCBwAAAJCewAEAAACkJ3AA
AAAA6QkcAAAAQHoCBwAAAJCewAEAAACkJ3AAAAAA6QkcAAAAQHoCBwAAAJCewAEAAACkJ3AAAAAA
6QkcAAAAQHoCBwAAAJCewAEAAACkJ3AAAAAA6QkcAAAAQHoCBwAAAJCewAEAAACkJ3AAAAAA6Qkc
AAAAQHoCByRWKpWKngAAANAQBA5IqFwux/j4eDx69Ch++eWXuHz5stgBAAC80d4qegDw95VKpTh1
6lRUq9XffL1SqcTt27df+jpAEZqamqK1tTWam5ujubk5/vvf/0ZExM8//xyrq6uxuroaS0tL8ezZ
s4KXAm+qSqUSx44di3K5XOiOhYWFGBsbi1qtVugO+Lf4T0T8UvQI4K+dOHEiqtXqH/4inpycjN7e
3k1eBfCrrVu3xq5du+K9996Ljo6O6OzsjG3btsX27dvj3XffjYiIn376KZaXl+PJkycxOzsbc3Nz
8eOPP8b8/Hysra0V/BMAb4qRkZEYGBgoesZvjI6Oxqefflr0DEjPHRzQ4Lq7u2NoaEi8ABpSS0tL
dHV1RU9PT3z44YexZ8+e6Orqih07dvzp9z169ChmZmbizp078c0338T09HTMzMzEysrKJi0H3kSV
SqXh4kZExMDAgDs5YB0IHNCgSqVSnDlzJgYHB4ueAvCSLVu2RFtbW3z00UdRqVSir6/vH50FtGPH
jjhw4EAcOHAg+vv7Y3x8PGq1Wty8eTMWFxfj6dOnG7geeFNVKpWiJ/yhSqUicMBrEjigAT0/Z8PB
oUAj2r59e+zbty+OHz8eR48ejfb29tf6vFKpFP39/bFv3764evVqXLx4MW7duhXLy8vrtBjgV0Wf
ufFnGnkbZCFwQAPp7e2NoaGh6O7uLnoKwO8qlUpx6NCh+Oyzz+Lw4cPr+tnt7e3x+eefR7lcji+/
/DImJyejXq+v6zUAgH8vgQMaQLlcjjNnzjTkM6EAz5VKpfjkk0/i9OnT0dPTs2HXOXz4cLzzzjux
ffv2uH79usgBAPwtAgcU7Pk5Gx5HARrZ9u3bo7e3d8PjxnM9PT1x+vTpWFlZiRs3bnhcBQD4SwIH
FKRSqcTQ0JDnLYGGt2XLlti3b1+cPHlyU+LGcz09PXHy5Ml4+PBhTE1NOXgUAPhTAgdssnK5HCMj
I177CqTR1tYWx48fX/czN/6Ow4cPx8LCQty/fz/m5+c3/foAQB5NRQ+AN8Xz177Oz8+LG0AaLS0t
cfDgwTh69GhhG44cORIHDx6MlpaWwjYAAI1P4IBNcOLEiZifn49qtVr0FIB/pKurK/r7+1/7VbCv
o729Pfr7+6Orq6uwDQBA4xM4YAN1d3fH+Ph4jI6OOkQUSGfr1q3R09MTfX19RU+Jvr6+6Onpia1b
txY9BQBoUAIHbIBSqRQjIyPx3XffeRwFSGv37t2xf//+hgi0pVIp9u/fH7t37y56CgDQoAQOWGen
Tp2K+fn5GBgYKHoKwGtpa2uLPXv2FD3jhT179kRbW1vRMwCABiVwwDrp7e2N+fn5GB4eboj/dgK8
jqampujo6Ii9e/cWPeWFvXv3RkdHRzQ1+fMFAHiZvxDgNZXL5bh8+XKMj49HuVwueg7AumhtbY3O
zs7YsWNH0VNe2LFjR3R2dkZra2vRUwCABvRW0QMgszNnzsTg4KA7NoB/nebm5oZ8LWtLS0s0NzcX
PQMAaEACB7yikZER52wA/1rbtm1r2MCxbdu2omcAAA3IIyrwCkqlkrgB/Ku1trbGzp07i57xkp07
d3pEBQD4XQIHvIJ6vV70BAAAAP4fgQNe0RdffFH0BIANs7S0FA8ePCh6xksePHgQS0tLRc8AABqQ
wAGvaHBwMM6ePRuPHz8uegrAunvy5EmsrKwUPeMlKysr8eTJk6JnAAANSOCA11CtVqO7uzsuXLhQ
9BSAdbW6utqwgWN1dbXoGQBAAxI44DUtLCzEwMBA9PX1xe3bt4ueA7AulpaWYnZ2tqHOHKrX6zE7
O+sRFQDgdwkcsE4mJiaiu7s7Tp8+7bEVIL1nz57F3NxczMzMFD3lhZmZmZibm4tnz54VPQUAaEAC
B6yz4eHhKJfLDiEF0ltcXIw7d+4UPeOFO3fuxOLiYtEzAIAGJXDABqjX6zE4OBgffPBBTE5OFj0H
4JXcvXs3pqamGuIxlXq9HlNTU3H37t2ipwAADUrggA30/fffR29vb/T398e9e/eKngPwj6ytrcX0
9HSMj48XPSXGx8djeno61tbWip4CADQogQM2Qa1Wi+7u7jh79mzRUwD+kZmZmajVaoVG2nv37kWt
Vmuo80AAgMYjcMAmqdfrUa1WY9euXTE2Nlb0HIC/ZWVlJW7evBlXr14tbMOVK1fi5s2bDfnaWgCg
cQgcsMkWFhaiUqlEX1+fx1aAFBYXF+PixYtx7dq1Tb/2tWvX4tKlSw4XBQD+ksABBZmYmIhyuRxn
z571WlmgoT19+jRu3boV58+fj+np6U277vT0dJw/fz5u3boVT58+3bTrAgA5CRxQsGq1GuVyOS5c
uFD0FIA/tLy8HBMTEzE0NLQpkWN6ejqGhoZiYmIilpeXN/x6AEB+Agc0gHq9HgMDA9HX1+e1skDD
qtfrcf369Th37tyGPq5y7dq1OHfuXFy/fr0hXlELAOTwVtEDgP+ZmJiI3t7eGBgYiOHh4Xj77beL
ngTwG/V6PW7cuBEPHz6MhYWFOHLkSLS3t6/LZ9+7dy+uXLkSly5dilu3brlzAwD4RwQOaECjo6NR
q9WiWq3GqVOnip4D8BvLy8sxNTUV9+/fj2+//TaOHTsWH3/88StH2cePH8dXX30VY2Nj8fXXX8fi
4qIzN4ANsbCwEIcOHSp6xu9aWFgoegKk95+I+KXoEcAfK5fLMTo6+pe/jCcnJ6O3t3eTVgH8qqWl
Jbq6uqKnpyf2798fnZ2d8f7770epVPrT76vX6/HDDz/E7OxsTE1NxfT0dMzMzHgVLLChKpVKXL58
uegZv6u/vz9qtVrRMyA1gQOSqFQqMTw8/Ie3ggscQJG2bt0au3fvjra2tujo6IjOzs5oaWmJlpaW
2LlzZ0REPHjwIFZWVmJlZSVmZ2djbm4uFhcX4+7du7G2tlbwTwC8KUZHR+PEiRNFz/iNCxcuxMDA
QNEzID2BAxIplUoxODgYg4ODL90Kfvbs2ahWqwUtA/ifpqamaG1tjebm5ti2bVu0trZGRMTS0lI8
efIkVldXY2lpKZ49e1bwUuBNValUolKpRLlcLnTHwsJC1Go1d27AOhE4IKFyuRzVavXFfx/Gxsai
UqkUvAoAAKA4AgcAAACQXlPRAwAAAABel8ABAAAApCdwAAAAAOkJHAAAAEB6AgcAAACQnsABAAAA
pCdwAAAAAOkJHAAAAEB6AgcAAACQnsABAAAApCdwAAAAAOkJHAAAAEB6AgcAAACQnsABAAAApCdw
AAAAAOkJHAAAAEB6AgcAAACQnsABAAAApCdwAAAAAOkJHAAAAEB6AgcAAACQnsABAAAApCdwAAAA
AOkJHAAAAEB6AgcAAACQnsABAAAApCdwAAAAAOkJHAAAAEB6AgcAAACQnsABAAAApCdwAAAAAOkJ
HAAAAEB6AgcAAACQnsABAAAApCdwAAAAAOkJHAAAAEB6AgcAAACQnsABAAAApCdwAAAAAOkJHAAA
AEB6AgcAAACQ3v8Be+NhINK2OjAAAAAASUVORK5CYII=
" width="800px"&gt;</msg>
<doc>Takes a screenshot of the current page and embeds it into the log.</doc>
<status status="PASS" start="2024-02-15T23:35:26.017163" elapsed="1.806960"/>
</kw>
<msg time="2024-02-15T23:35:27.824866" level="INFO">xpath criteria: //android.widget.TextView[@resource-id="com.example.myapplication:id/textView"]
xpath criteria: //android.widget.TextView[@resource-id="com.example.myapplication:id/textView"]
xpath criteria: //android.widget.TextView[@resource-id="com.example.myapplication:id/textView"]
xpath criteria: //android.widget.TextView[@resource-id="com.example.myapplication:id/textView"]
xpath criteria: //android.widget.TextView[@resource-id="com.example.myapplication:id/textView"]
xpath criteria: //android.widget.TextView[@resource-id="com.example.myapplication:id/textView"]
xpath criteria: //android.widget.TextView[@resource-id="com.example.myapplication:id/textView"]
xpath criteria: //android.widget.TextView[@resource-id="com.example.myapplication:id/textView"]
xpath criteria: //android.widget.TextView[@resource-id="com.example.myapplication:id/textView"]</msg>
<msg time="2024-02-15T23:35:27.824866" level="FAIL">Element locator '//android.widget.TextView[@resource-id="com.example.myapplication:id/textView"]' did not match any elements after 5 seconds</msg>
<arg>${text_view}</arg>
<doc>Waits until element specified with `locator` is visible.</doc>
<status status="FAIL" start="2024-02-15T23:35:19.273393" elapsed="8.553524">Element locator '//android.widget.TextView[@resource-id="com.example.myapplication:id/textView"]' did not match any elements after 5 seconds</status>
</kw>
<status status="FAIL" start="2024-02-15T23:35:19.272394" elapsed="8.554691">Element locator '//android.widget.TextView[@resource-id="com.example.myapplication:id/textView"]' did not match any elements after 5 seconds</status>
</kw>
<kw name="Click Home Button search" owner="search-page">
<status status="NOT RUN" start="2024-02-15T23:35:27.828349" elapsed="0.000000"/>
</kw>
<kw name="Input Flight Number" owner="search-page">
<status status="NOT RUN" start="2024-02-15T23:35:27.828895" elapsed="0.000000"/>
</kw>
<kw name="Click Search Button" owner="search-page">
<status status="NOT RUN" start="2024-02-15T23:35:27.828895" elapsed="0.000000"/>
</kw>
<kw name="Close Application" owner="AppiumLibrary">
<doc>Closes the current application and also close webdriver session.</doc>
<status status="NOT RUN" start="2024-02-15T23:35:27.829857" elapsed="0.001000"/>
</kw>
<status status="FAIL" start="2024-02-15T23:34:18.867802" elapsed="68.964928">Element locator '//android.widget.TextView[@resource-id="com.example.myapplication:id/textView"]' did not match any elements after 5 seconds</status>
</test>
<test id="s1-t2" name="Invalid Search" line="19">
<kw name="Open Flight Application" owner="base">
<kw name="Open Application" owner="AppiumLibrary">
<arg>remote_url=${REMOTE_URL}</arg>
<arg>platformName=${PLATFORM_NAME}</arg>
<arg>platformVersion=${PLATFORM_VERSION}</arg>
<arg>deviceName=${DEVICE_NAME}</arg>
<arg>appPackage=com.example.myapplication</arg>
<arg>appActivity=com.example.myapplication.MainActivity</arg>
<doc>Opens a new application to given Appium server.
Capabilities of appium server, Android and iOS,
Please check https://github.com/appium/appium/blob/master/docs/en/writing-running-appium/server-args.md
| *Option*            | *Man.* | *Description*     |
| remote_url          | Yes    | Appium server url |
| alias               | no     | alias             |
| strict_ssl          | No     | allows you to send commands to an invalid certificate host like a self-signed one. |</doc>
<status status="PASS" start="2024-02-15T23:35:27.836839" elapsed="37.423721"/>
</kw>
<status status="PASS" start="2024-02-15T23:35:27.835843" elapsed="37.425624"/>
</kw>
<kw name="Click Sign In Button On Home Page" owner="home-page">
<kw name="Click Element" owner="AppiumLibrary">
<msg time="2024-02-15T23:36:05.266453" level="INFO">Clicking element '//android.widget.Button[@resource-id="com.example.myapplication:id/login"]'.</msg>
<msg time="2024-02-15T23:36:08.710395" level="INFO">xpath criteria: //android.widget.Button[@resource-id="com.example.myapplication:id/login"]</msg>
<arg>locator=${login_btn}</arg>
<doc>Click element identified by `locator`.</doc>
<status status="PASS" start="2024-02-15T23:36:05.262665" elapsed="3.447730"/>
</kw>
<status status="PASS" start="2024-02-15T23:36:05.262465" elapsed="3.448514"/>
</kw>
<kw name="Input Username" owner="login-page">
<kw name="Wait Until Element Is Visible" owner="AppiumLibrary">
<msg time="2024-02-15T23:36:10.776822" level="INFO">xpath criteria: //android.widget.EditText[@resource-id="com.example.myapplication:id/username"]
xpath criteria: //android.widget.EditText[@resource-id="com.example.myapplication:id/username"]</msg>
<arg>locator=${username_input}</arg>
<doc>Waits until element specified with `locator` is visible.</doc>
<status status="PASS" start="2024-02-15T23:36:08.711977" elapsed="2.064845"/>
</kw>
<kw name="Input Text" owner="AppiumLibrary">
<msg time="2024-02-15T23:36:10.782204" level="INFO">Typing text 'support@ngendigita.com' into text field '//android.widget.EditText[@resource-id="com.example.myapplication:id/username"]'</msg>
<msg time="2024-02-15T23:36:11.062605" level="INFO">xpath criteria: //android.widget.EditText[@resource-id="com.example.myapplication:id/username"]</msg>
<arg>locator=${username_input}</arg>
<arg>text=support@ngendigita.com</arg>
<doc>Types the given `text` into text field identified by `locator`.</doc>
<status status="PASS" start="2024-02-15T23:36:10.777518" elapsed="0.285087"/>
</kw>
<status status="PASS" start="2024-02-15T23:36:08.711977" elapsed="2.351648"/>
</kw>
<kw name="Input Password" owner="login-page">
<kw name="Input Text" owner="AppiumLibrary">
<msg time="2024-02-15T23:36:11.068588" level="INFO">Typing text 'abc123' into text field '//android.widget.EditText[@resource-id="com.example.myapplication:id/password"]'</msg>
<msg time="2024-02-15T23:36:12.020463" level="INFO">xpath criteria: //android.widget.EditText[@resource-id="com.example.myapplication:id/password"]</msg>
<arg>locator=${password_input}</arg>
<arg>text=abc123</arg>
<doc>Types the given `text` into text field identified by `locator`.</doc>
<status status="PASS" start="2024-02-15T23:36:11.064601" elapsed="0.955862"/>
</kw>
<status status="PASS" start="2024-02-15T23:36:11.063625" elapsed="0.957885"/>
</kw>
<kw name="Click Sign In Button On Login Page" owner="login-page">
<kw name="Click Element" owner="AppiumLibrary">
<msg time="2024-02-15T23:36:12.027114" level="INFO">Clicking element '//android.widget.Button[@resource-id="com.example.myapplication:id/signIn"]'.</msg>
<msg time="2024-02-15T23:36:12.732500" level="INFO">xpath criteria: //android.widget.Button[@resource-id="com.example.myapplication:id/signIn"]</msg>
<arg>locator=//android.widget.Button[@resource-id="com.example.myapplication:id/signIn"]</arg>
<doc>Click element identified by `locator`.</doc>
<status status="PASS" start="2024-02-15T23:36:12.022459" elapsed="0.710041"/>
</kw>
<status status="PASS" start="2024-02-15T23:36:12.022459" elapsed="0.710809"/>
</kw>
<kw name="Verify User Success To Logged In" owner="login-page">
<kw name="Wait Until Element Is Visible" owner="AppiumLibrary">
<msg time="2024-02-15T23:36:17.994625" level="INFO">&lt;?xml version='1.0' encoding='UTF-8' standalone='yes' ?&gt;
&lt;hierarchy index="0" class="hierarchy" rotation="0" width="1080" height="1794"&gt;
  &lt;android.widget.FrameLayout index="0" package="com.example.myapplication" class="android.widget.FrameLayout" text="" checkable="false" checked="false" clickable="false" enabled="true" focusable="false" focused="false" long-clickable="false" password="false" scrollable="false" selected="false" bounds="[0,0][1080,1794]" displayed="true"&gt;
    &lt;android.widget.LinearLayout index="0" package="com.example.myapplication" class="android.widget.LinearLayout" text="" checkable="false" checked="false" clickable="false" enabled="true" focusable="false" focused="false" long-clickable="false" password="false" scrollable="false" selected="false" bounds="[0,0][1080,1794]" displayed="true"&gt;
      &lt;android.widget.FrameLayout index="0" package="com.example.myapplication" class="android.widget.FrameLayout" text="" checkable="false" checked="false" clickable="false" enabled="true" focusable="false" focused="false" long-clickable="false" password="false" scrollable="false" selected="false" bounds="[0,63][1080,1794]" displayed="true"&gt;
        &lt;android.widget.LinearLayout index="0" package="com.example.myapplication" class="android.widget.LinearLayout" text="" resource-id="com.example.myapplication:id/action_bar_root" checkable="false" checked="false" clickable="false" enabled="true" focusable="false" focused="false" long-clickable="false" password="false" scrollable="false" selected="false" bounds="[0,63][1080,1794]" displayed="true"&gt;
          &lt;android.widget.FrameLayout index="0" package="com.example.myapplication" class="android.widget.FrameLayout" text="" resource-id="android:id/content" checkable="false" checked="false" clickable="false" enabled="true" focusable="false" focused="false" long-clickable="false" password="false" scrollable="false" selected="false" bounds="[0,63][1080,1794]" displayed="true"&gt;
            &lt;android.view.ViewGroup index="0" package="com.example.myapplication" class="android.view.ViewGroup" text="" checkable="false" checked="false" clickable="false" enabled="true" focusable="false" focused="false" long-clickable="false" password="false" scrollable="false" selected="false" bounds="[0,63][1080,1794]" displayed="true"&gt;
              &lt;android.view.ViewGroup index="0" package="com.example.myapplication" class="android.view.ViewGroup" text="" resource-id="com.example.myapplication:id/toolbar" checkable="false" checked="false" clickable="false" enabled="true" focusable="false" focused="false" long-clickable="false" password="false" scrollable="false" selected="false" bounds="[3,63][1074,333]" displayed="true" /&gt;
              &lt;android.widget.ImageView index="1" package="com.example.myapplication" class="android.widget.ImageView" text="" resource-id="com.example.myapplication:id/imageView3" checkable="false" checked="false" clickable="false" enabled="true" focusable="false" focused="false" long-clickable="false" password="false" scrollable="false" selected="false" bounds="[31,63][265,314]" displayed="true" /&gt;
              &lt;android.widget.LinearLayout index="2" package="com.example.myapplication" class="android.widget.LinearLayout" text="" resource-id="com.example.myapplication:id/linearLayout" checkable="false" checked="false" clickable="false" enabled="true" focusable="false" focused="false" long-clickable="false" password="false" scrollable="false" selected="false" bounds="[40,331][1040,1029]" displayed="true"&gt;
                &lt;android.widget.TextView index="0" package="com.example.myapplication" class="android.widget.TextView" text="Enter username" resource-id="com.example.myapplication:id/textView2" checkable="false" checked="false" clickable="false" enabled="true" focusable="false" focused="false" long-clickable="false" password="false" scrollable="false" selected="false" bounds="[40,331][1040,431]" displayed="true" /&gt;
                &lt;android.widget.EditText index="1" package="com.example.myapplication" class="android.widget.EditText" text="support@ngendigita.com" resource-id="com.example.myapplication:id/username" checkable="false" checked="false" clickable="true" enabled="true" focusable="true" focused="false" long-clickable="true" password="false" scrollable="false" selected="false" bounds="[40,431][1040,636]" displayed="true" /&gt;
                &lt;android.widget.TextView index="2" package="com.example.myapplication" class="android.widget.TextView" text="Enter password" resource-id="com.example.myapplication:id/textView5" checkable="false" checked="false" clickable="false" enabled="true" focusable="false" focused="false" long-clickable="false" password="false" scrollable="false" selected="false" bounds="[40,636][1040,759]" displayed="true" /&gt;
                &lt;android.widget.EditText index="3" package="com.example.myapplication" class="android.widget.EditText" text="••••••" resource-id="com.example.myapplication:id/password" checkable="false" checked="false" clickable="true" enabled="true" focusable="true" focused="false" long-clickable="true" password="true" scrollable="false" selected="false" bounds="[40,759][1040,993]" displayed="true" /&gt;
              &lt;/android.widget.LinearLayout&gt;
              &lt;android.widget.Button index="3" package="com.example.myapplication" class="android.widget.Button" text="Sign In" resource-id="com.example.myapplication:id/signIn" checkable="false" checked="false" clickable="true" enabled="true" focusable="true" focused="false" long-clickable="false" password="false" scrollable="false" selected="false" bounds="[454,1100][623,1226]" displayed="true" /&gt;
            &lt;/android.view.ViewGroup&gt;
          &lt;/android.widget.FrameLayout&gt;
        &lt;/android.widget.LinearLayout&gt;
      &lt;/android.widget.FrameLayout&gt;
    &lt;/android.widget.LinearLayout&gt;
  &lt;/android.widget.FrameLayout&gt;
&lt;/hierarchy&gt;</msg>
<kw name="Capture Page Screenshot" owner="AppiumLibrary">
<msg time="2024-02-15T23:36:18.881511" level="INFO" html="true">&lt;/td&gt;&lt;/tr&gt;&lt;tr&gt;&lt;td colspan="3"&gt;&lt;img src="data:image/png;base64, iVBORw0KGgoAAAANSUhEUgAABDgAAAeACAYAAAArYecKAAAAAXNSR0IArs4c6QAAAARzQklUCAgI
CHwIZIgAACAASURBVHic7N13mJxV3f/x9zn3zJbsppJOgBBKCoQEkkAoIaF3CIKCSFdQVCQIiqhI
VbBgKPqggD+qioA0laJA6IQSSCAJoaVASIX03c3uzH2f3x/3zOzM7szuzO7OFvJ5Xdde2Z25+yw+
z/nsOd+v4aSjHCIiIiIiIiIiXZjt6AsQEREREREREWktBRwiIiIiIiIi0uUp4BARERERERGRLk8B
h4iIiIiIiIh0eQo4RERERERERKTLU8AhIiIiIiIiIl2eAg4RERERERER6fIUcIiIiIiIiIhIl6eA
Q0RERERERES6PAUcIiIiIiIiItLlKeAQERERERERkS4v0tEXIPJl41nL4N59+Mqe+3DYmD0YNWRb
tqrsjjGGLzZuZMGypTw1ZxYPvf4qn36xGj8IOvqSRUREREREujzDSUe5jr4Ika7OGMPobbbj1nPP
Z4/tdyBiPYwxTe7jnMMPAuYsWcR3bv8jsxZ9hHNd9z/HkkiEHQcOBuCjFcuoi8c7+IpERERERGRL
ooBDpJW269ufRTf/BaDZUCOXZLAROeVYgi4WclSWlTF88BDOnHwwR+8xAYB/v/U6dz7/DAs++5Sq
2toOvkIRERERKUSvigrGbLc9Y7cbRq+KysS/Fan311VVMXvJQtZVbWL2koXMWbKIdVVVHXjFrXfY
mD14as5bRT3H2KHDmH76OU1uc+HdtzF78cKiXseXmZaoSLsa3LsPUyfszfhhO2V9/82FH/LIG6+y
bO2adr6ywpWXlPDiFb9h9+13aHGwkZTc/67v/pDT/nh9W1xe0XnWcviYcZx36JHsN3wU3cu7YRP3
8d1Dj+bU/Q7g5Q/e45b/Ps6Tc2Z16aU4lWVlnD3lUIb271/wvms2beKJ2W8y79NP2ByrK8LViYiI
iLTe0H4DOG78XkydsDdTRo1udvupEyZm/Pzc/Hd55I1XefTN11i8emWxLrMorjjxFKaM2q3oAUev
bhXNPtte3SqafF+apoBD2tVu227Pyfvszx7b75D1/R0HDmLhyhWdPuAY2q8/70+/lajX/FKUQhw7
bi+MMTjnqCgto6p2c5sduy141tK3ew+OGz+RUycdwO5Dh1FRWtboGVhj6FVRyZFjxzNl1GjeWvQx
9744g0feeJU1VZuI+34H3UHhupeXc/qkg7jo6OOpLCsreP/aeIzDdtuDyx/4Ky8smNul7l1ERES+
/KaMGs0FRxzXKLBoyXGmjBrNDWecyyNvzOTGJx7lufnvttFVFs8VJ57C5SeewvPz53b0pUgbUMAh
7apfj55s3WcrKkqzDxS37rMV/Xr0bOerKswx4/bkkYsvS81WaEuV5eX079GTlevX8ZPjTuTdT5dw
/6svtvl5ClUSibBt335MHb83Fx19PAN79c5rP2MMFaVlTBqxC5NG7MJVXzuV3/3rIR5581U++Xx1
p6/TUVFaxpFjx3PhUcexbd9+LT5Ov+49OWbcnixavYJFq7rWXzRERETky2nKqNFcfuIpec3WKNTU
CROZOmEiz81/lysf/FunDTqS4UaxjB06jOPG1wdHQ/s1Pxv4jMkHMTntM3n0zZlaslIABRzSrvr3
7En/Hr1yv9+jF/17dt6AY+JOw4sWbgAYwvV/d7/wLG8u/IiHfvhT1m7axP/efbso52tO1PPYe+eR
nLrfARyy21iG9OlLxPNafLwBPXtx3Sln8r3DjuJ/78zmnhef5bWP3u+UQUdlWRlH7T6Bnx5/Etv1
7c+CZUv5xysvAGCt5efHn8RL78/nhffCWRlDturL1yZO4tl5c5i/9FPq4jHGDh3G/iN3pXdFJWO2
254BPXsr4BAREZEO1auigju+c2GrZ2zkY8qo0Uz5xbXc+fzTXHj3bZ2qTkexw42WHv/MyQc3Os6V
D/6NKx78W1td2pdahwccQ/sN4LRJB3D/zJd4f9nSTnvMhnYYMIjjJ+zN7tsPo09ld6yxrK3axLxP
l/D47DeZtfCjNjlP9/Jy9tl5JAN69qJXt0peXDCPtxd/3CbH7ggVpWVUlJY28X5pztkdHW1w7z68
fNXvihZuQDjj4dhxe3H3C8+yfN0arLU8+dOr2P78s/nk89VFO29DfSq7s+/OIzl10gFMHjWaAT1z
h1KF8qxlaL8BnHPQYRw3YS+em/cu9740g5fff481mza22Xlao3t5OUeOHc9Pjvsqu207lNpYjEWr
VnDL/x4Hwnv46dSv8daij7n1mSepjcUYN2xHjtp9AjPmvcO/Zr1OVe1mTt5nf8YOHUbvikr6VHan
vKSkg+9MREREtmRjhw5jxmXXZhQMbQ9nTj6YqeP35oCrL+0UsxGKHW4ATDvyuDY71gVHHKeAI08d
EnBEvQin7X8AJ++zP/uP2JXSaJQ3Pv6wVWFEMY6ZTe+KSm4441y+OnG/7IOVvSdx+Ymn8MzcOUy7
61be++zTgs8xpE9fvn3w4Rw7fiIjBg+hJFL/MX3///2p0wYcpdEoh48Zx77DR/Lmwo94du4cPt+4
AQgHjEeMHc+Ru49vsmaFMYYjdx/PgmVLeWL2m2ysqQGgb/ceHLjrGMYP25GX33+PJ+fMojYWa5f7
Aoh4Hu/9/k9FDTeSRg3ZFmMM3UrCIMgaw/zrb6H32ScT89tnpsO1Xz+DM/Y/iJJIpE1rjDTUv0cv
vjpxP44bP5G7XniGb9/2h6KdK189yrtx5O7j+dExJzB26LDU67WxOCvXrwPCgAOgqnYzq9avZ3Os
jjWbNuEHAeurq1m1YR2bNm9mQ011qrhqxPPa5fdHREREJJszJx/MHedN67Dz96qo4O3rbuKsW27g
zuef7rDraI9wA6BnGxYLbe9Aqitr14BjvxGjOGvyIRy1x4Q2+4twMY6Zy/b9B/CfS65g5NbbNLmd
Zy2H7rY7L17xG46//hpeXDAv73P84PBj+cUJX2er7t1be7ntbsx223Pm5IM5YJfRfGO/WhauXMF/
33mLBcuWMnnUrhw5dgKDe/dp9jhjtxvGdV8/k/1H7sLz8+cyYvAQDt1tD4YNGEhFaSk7Ddya5evW
8PpHH7TDXYX+ePZ59Cjv1i7n6t+jF845hg8eknqtorSMu757Iafc/Nt2uYbeFZWURqPtci5jDKXR
KL0rKtvlfE3p2a2CI3cfz0VHHZ+zEK6IiIhIV3PHedMaLX3oKHecN41eFRXc8Pij7X7u9go3pOMU
PeDYus9WnD3lEE7Ya19223Zom/w1uBjHzMc/LvhJRrjx0oL5/PXlGby9aCF+EDB88NYcP2Fvjt9z
H6wxbNW9O389/0eM/tH3WF/d/Hqzm8/6Dt8/7OiM12J+nPc+W8qS1avYUFPN/M8+afP7agvdy8s5
ZPTu7D9yF3p2q6Bntwr69+jJqCHbsDkWo7KsjO5l5Xl9VqXRKEP79ee0SQdy/IR9KItG6VHeLVX7
Yf+Ru/Dmwt1577NPUzM8iu1bBx7WLucBUsFCw4JPJ+2zf7sFHFuiXhUVHDF2PBceOZVxw3bs6MsR
ERERaRNnTj6404QbSdNPP4d1VVXtOpND4caWoegBx6xrb8w6s+LzjRvo271Hpzlmc350zAlM2GGn
1M+//88jXHTP7RnbvLnwQ/760nNceORUfn/6twDYZqu+XHT08fzi/nubPP41J52WEW6srdrELf97
nFv++zhL13zehndSHBN3HMHhY8Zl/BU+4nn0qWzZTBRjDD3Ku2WdNdG7opLDx4zj9Y8+KHrxTWMM
H914W5NLC5xzOfdtiZq6WowxjQbZ1hhW3fpXBnz71JznlJbpVVHBkWMnMO3I4zL+OxcRERHp6orR
JaUtTBk1ut0CDoUbW46iBxzp9SPWV1fx9Luz+dvLz1NdW8sTl17ZaY7ZnJP2npT6/u3FHzcKN9JN
f/wRTtv/AHYfGk5xP2T02CYDjsPG7MGPjz0h9fNHK5Zzys2/4Y2PP2yDKy++wb37cMy4PRm/w47t
MpvGGMP4HXbkmHF7Mm/pEpatXVO0c0U9j+36ZrZzcs4ROMfCVSt47M3XeHLOLBavWknE89hhwCDG
DduRUUO25ZX33+OEvfZhrx2HE/U8bKJuQ3OWr1uLIQzHGupT2Z3SSJTNsbq2uD0hDMyOGDueHxxx
TJPhRrfSUob2GwDU1+Do2a0b2/XrT20sxqBevfGspW/3HmzXtz9VtbX07d6TiG151xkRERGR1jrz
lumMHTqMMdtt39GXkjJnySLOvGV6u5xL4caWpegBR108zvPz5/LQ669w1wvPpJZqHD5mXKc6ZnN2
3Wa71PdPzn6r2e1f/WBBKuDYceDgJre9+munEfXCj2L5ujUccNWlXWLWRtIBu+zGEWPHUxYtrENE
XTzOsrVfADC491YZwVVzyqIlHLjrGF5cMI8HZr5U0HkLcf7hx6RmbwRBwNI1X3DubTfzv3fCmSM7
D9qa60/7FoePHUd6tLPTtHP5eOVybnryMQAG9urNH88+j+PGT0wNjnOZvfhjhmzVl9JI4xoYnrX8
8Kip/OqR+9vmBlshcI5/zXqNH959OwN79eYPZ3+HXbfZjoj12m3ZWFsY2m8AX993f/bacXjObSKe
x/DBW3PZV04GwpDNGMN+w3ehsrQcPwjo16MnPcq7cez4vRi97VDivs9OgwZ3itoiIiIismWbctVP
mP3rmxv94a4jLPl8FVOu+km7nEvhxpan6AHH+EuntflgvRjH/M03zuKQ0buzdM3nXHTPX/hg+Wep
93p2q+Dfb72e+jmfoqGrNqxP2z93ccrDx4xL/dXYOceP/3pHlwo3Bvfuw77DRzG0X/7/Y7lo1Uoe
mPkS/3n7DZYnZl8M6t2Ho3afwFcn7sf2/QfkdZydBg5m8qhdefn9+UWZxeFZy3mHHAmE/0N8wFWX
smjVSgC+vu9k/nj2efQs79ZoZkbgHItXr8x4bcW6tZzw+19RFi3hlyefzrQjj8u67MU5xz9fe4Wf
H39yzpDg2wcf0SkCjpq6Wn71yP0sXLWChatWcNDVP+OQ0WM556DD2XunEVSUdc52vw31qaxk+/4D
m9zGs5bt+vbn7AMOyXh9zHbbN/pryKQRuzBpxC5tfp0iIiIiLbWuqoqpv7uG535xbZt29yjU+urw
OtZVNV+fsLUUbmyZih5wFGOw3tbHPGnvSfzomHCJyNihw6iNxThx+rWp99dXV2X8nI/0UGNt1aac
231jvymp799evJB7X5xR0Hk62uoNG5j54QIO3GW3jK4fubzx8Yfc8PijPPXOLNZXVxP3fQAWrV7J
vKVLmLNkUd51EBatWsHrH33A6g0bWn0fuQztN4Bxl05j9pKFOOfo2a2Cz2/7W6rgaTZLv/g81Rq0
oc2xOi6653Yuuud2qu9+iLJoNCPIcMALC+by8MU/z3n8IVmWrnQEPwgyiryurdrE/TNf4n/vzmbq
hImcf/gxjNx6m4Jn9oiIiIhI25u9eCFn3jKdhy/K/f9nFtuZt0xn9uKFRT+Pwo0tV35FAb7kttmq
X8bPA3v1bvUx9xte/xfcOUsW5dxun+EjU98/9Porqe8H9erDobvtztf3ncwRY8d32raxMT/OI2/M
5KJ7/sKz8+Y0ue2iVSu58/mnefTNmXyxcWMq3ACI+z5fbNzIo2/O5G8vP9fsjIxn583honv+wiNv
zCTmx9vkXhrqXl5Or7O/xtuLP8Y5xyXHnsiav9zXZLjhnGv2OSRVnnECtz37VEbB0DWbNnLyPvvT
1AKPzr74Y23VJu587mkOvubnfOf2P/L+sqUqiioiIiLSCTzyxkyufPBvHXLuKx/8G4+8MbPo51G4
sWUr+gyOruDB117m/MOPYdu+/aiLx7mnlbMozj88s1jh//33P1m3277/ALbvV78c4z9vv8HJ++zP
hUdOZffth6XqckAYALzywXv88uF/8N93its5pFAbaqp5Zu4clq9bw3cPPYqvTZxE9/LyRtu99P48
nprzFlW1m3Meq6p2M/9+63XGD9spY3ZL0saaGu6f+SL/99//MH/pp0UttpmcOmeN4ZGLL+PoPSbk
VVvi1Q8W5HX8wDm+fdsfmL/0E6affg7GGO5+4dnU912ZIwxr7nnhWf47521OnLgv3zrwMEZtvU2T
AZGIiIiIFNcVD/6Nof0GcMbkg9rtnHc9/wxXtEOwonBDFHAAi1evZOwl57PXjsNZuGpFRv2NQgwf
PIQLjjiWcw48LPXag6+9nDOp3GfnkamB7Iaaan5w+LGcNSV7j+qI57H/yF2ZuNMIfnDnn/nz00+0
6BqLZXOsjnc+Wcyzc99h751GMGrIthnv18XjfLh8GUs+X9XssRavXtWohkXSp1+s5tm57/DOJ4sz
ZoAU04tX/oa9dxqRd+iwcNWKgo5/4xOPURKJcO3Xz6RPZWWzSzraI/xoq2cbOMfydWu4+cl/cefz
T/OLE77O9w87Ous9ttfnKSIiIrKlm3b3re3WWWXOkkVMu/vWop9H4YaAAo6UtVWbeHLOrIL2efu6
m+hWWooxhh7l3ejfo2dq8Omc496XZnDurX/Iuf9Oad1VupeVp8KNwDlmLfyIj1YsoyQSYdSQbRm5
9TZA2CL35rO+HdY7ePXFQm+zqOK+j2ctZSWNB6+rN6xn+bq1eQ1i477Pks9XsWztGgb37pPxXllJ
CZ617TIYNsZw+7k/KCjcgDCsKtRv//UQfSq7c8mxJxa8bzHU1LX9zJiNNTVc9+gDHLPHnlnrtRTj
nCIiIiLSWLLo6Oxf31TUoqPtVVRU4YYkKeBohZ0GDaaitHGnCOcc1//nYX7697ubrA8xuPdWqe+T
A+h5Sz/hO7f/gZcWzM/Y9nuHHs3vT/8WJZEIUS/CVV/9Bg+//mrR6k+0VDzws4YPPbtVNNlNpqF+
3XvSr0ePRq9Xbd5MdV1tq64xXz+d+jXOnHxQwTMmsrV3bc6gXn340TEndJqlKSvXr2vzY0a9CHvt
MJw+ldnryRTjnCIiIiKS3eLVK5ly1aW8fd1NRTvHlKsuzTkzu60o3JB0KjLaCjV1dWyO1VEbi2W8
bozh4qO/wtu/von9RozKuX/DOhVzlizikGt+3ijcAPjjf//N9f9+OPXz8MFD+OaBhzTariP17d6D
nQdtnXUAW1FaynZ9+9O3e+PQIttxBvXuk1GDJGlgr97sMmTbvI7TWpNG7NKiwKHQIrU9u3Vj4c23
49n8/nNsj4Kd+SwlKkRFaRl/Puf73HfBJfTr0TPrNsX+P34iIiIikmn24oWcdcsNRTn2WbfcUPSO
KQo3pCEFHK3Q75xTKD/tK5Sddjx9vnkyX7n+l9z3ygupWRW7DNmWRy++jNHbDs26f2m0/i/9cd/n
+3fcwvJ1ubuHXPPwfRl/5T5st3FtdCetN2LwEK786jf43qFH0buistH7xhj22Xkke+88otljTR41
mimjRmd9r09ld75/2NFc+dVvMCKPtrSt8Yen/t2i/cYOHZb3tjsMGMTnt/2907VSfXvxxzlb3eYr
4nnstu1Qpp9+Dgtvup2zphyctfgshL//TXUbEhEREZHiuPP5p7nxicfa9Jg3PvEYdz7/dJsesyGF
G5KNAo42srZqEw+/8Spfv+k3nPj7a9m0OewU0qeyO1d99dSs+9i02QELli3NOnMjXXVtLTPmvZP6
eY/td2iDK2+9A3cZw+9O+yanTjqAfj165pyJsOs223Hm5IMzOsw0NGGHnTh1vwPYedDWWd/3rKVf
j56cOukAfnfaNzlwlzFtcg/ZPDN3NoXOlTDGcMCo3fLa7rxDjuT96X8uuKtIezRc/eTz1SxYtrRF
+0Y8jx0HDuLnx5/Ekz+9imlHHkf/nr2a3Of95Z+1+awREREREcnPtLtu5fn5c9vkWM/Pn8u0u4pb
VFThhuSiGhxF8Nis1/jz009w0dHHA3DYmD0Y0qcvS9d8nrFdXby+fobNcynE3E+XpL5vj2UazRnc
uw9TJ0zkoF3HNDsLoTQa5bAxe9CrooI7nnuaJ2fP4vONG4DwXo4bP5GzphzM2KHDKIk0/avZo7wb
B+06hoUrV7Bg2acsW5t75ktLbY7F2FhTXXDhpb12Go41hiDHUpI+ld2Z97v/K3gpS1LV5txtdtvK
Fxs38NSctxg5eAg2R2BlMI1+b7fusxXfOfgIvrb3JHYcODiv32vnHE/NeYs1mza2ybWLiIiISOGm
Xn81z/3iulZ1VpmzZBFTr7+6Da+qMYUb0hQFHEVy3ysvpAKO8pISJo3chb+//HzGNsnBPUC30tK8
jptegbhbaSndSkuprm2fopvZrN6wgfeXfcaaTZsadTzJpqK0jH13HsXIrbfhZ8efxCefrwZg2779
6F1RSe+KymbDjaQ1mzbx/rLPWL1hQ/Mbt4Bzjqffnc0Je+1b0H4GqCwrz+imYoxhaL/+3PXdH7Lf
8FGtKib69NzZLd43XzHf56k5s/jWgYfSozx7cdjSaJSj9pjAotUr6V5Wzun7H8SZkw9ip0GDs9ZP
yWXj5hqenD0rI/ATERERkfa1rqqKM2+ZznO/uLZFnVXWV4f7F7NjisINaY4CjiKZs2QRzrnUQHZo
v/6NtkmfdTCgZ2/KoiVsjjXdKrOyrL5rS01dXYeGGwAxP85z899h8qhd+erE/fLapzQaZVCvPgzq
1Ydh/QcC5B1qpHv5/fk8N/+donaS+cX99/KVPfcpKJAwxjD99HM4/84/MaRPX7576FF8++DDKY1E
W90lxTnHz/9xT6uOka/XPvqAtxd9zOQc9VBKIhF+fcpZ/PqUs1p1ntmLF/L6xx+06hgiIiIi0nqz
Fy/kzFum8/BFPy943zNvmV7UoqIKNyQfqsGRh5P32Z+aex5KfeUzbatHt/KMwWxNXePg4ul36/8S
X15SwiG7jW32uDsOHJT6fuX6tc1u3x4+WL6Mf7/1Ou+3oGZDSSTSonDj/WVL+fdbr/PB8mUF71uI
95YtzfrZNefMKQfzxe1/Z8Hv/8QFRxxLWbSkTVrA1sXjvPfZp60+Tj421FTz/577X6qeTDFs2ryZ
v8z4b8ZsFxERERHpOI+8MZML776toH0uvPs2HnljZpGuSOGG5E8BRx4+W/MFZdGS1NdeOw5vdp+G
hSYXrlzRaJuZHy7IaI15xv4HNXvcKWnHnb24c3SdiPlxnpk7h6fnzm6XZQZ18ThPz53NM3PnFHX2
BoQzJva7/McFt2a1xvDbfz3UpgVBnXPsfdlF7dImNnm+B2a+lFHYtq3NmDeHB197ud3uSURERESa
d8Pjj3LX88/kte1dzz/DDY8/WrRrUbghhVDAkYcXF8zLaM/6rQMPa3afbx54aOr7dVVVPDF7Vtbt
7nvlhdT3UyfszdQJE3Me84Ijjs2YwfHAzJeavY72smLdWp6c/VbGtLQvNm7kgZkvcfVD9zFj3jsF
hR918Tgz5r3D1Q/dxwMzX+KLjfUFKGcvXsiTs99ixbr2mcEye8lC1lUXvpbw4qO/wrm33txmg/f1
1dXMbudWqjV1dVz76P1FO/51jz7Y4cusRERERKSxM2+Zzpxm/n/POUsWceYt04t2DQo3pFAKOBJ+
842zePu6m/jXj3+RtUVpehAxYYed+OcPf0rvispG25VFS/i/b36Xw8eMS71270szcs40+NUj9/Pp
F2F3Fc9a7jzvwqy1LE7eZ3+uOen01M/vfLKYv738XP43WGR+EPDKB+/x91ee58k5s7j6ofuYev3V
TLvrVm54/FHOv+NPXPfoAyxatbLZYy1atZLrHn2A8+/4Ezc8/ijT7rqVqddfzdUP3ceTc2Zx1wvP
MGPeO/hB0A53Fs5k2OMnF+TsipJLWTTKQbuO4cd/vYOgldfqBwHjLr2gQ2Y6vPbh+1x8z19atFQn
l5q6Oi6+9y/M/HBBmx1TRERERNrWlKt+wvocf+hbX13FlKt+UrRzK9yQllCRUeCkvSfxo2NOAGDs
0GHUxmKcOP3ajG0uu/8epowanaq/8ZU992HyyNE8N/8dFq5agXOwzVZ92X/krmzdZ6vUfnM/XcIV
D/4157k31tQw7a5buff7F1NeUkLPbhXcd8ElfO/Qo3l78cdEPI/dhw5jn51Hpmo4bI7VFb23dEus
rdrEnc8/zT9fe5mq2lo21FQT930g/B/AG594jB7l3Zh25HFNHufRN2dy4xOPsb66KhVirNqwnvlL
P6WitJQNNTVU1Ra/VWq6xatXcsUDf+XKr34j71oaxhhO3md/7njuac64ZTp3f/eHLarD4Zzj2kfu
Z+Gqxsuc2kPgHDc9+S9GbD2EMycfTMTzWnW8uO/z15dmcNMT/yo4NBIRERGR9rOuqoopV13aqLNK
GG5cWrSOKQo3pKUUcADbbNUv4+eBvXo32mZjTQ1HXHs5fz3/Yg7YJayDsVX37k22EJ354QJOufm3
Gcsrsnno9Vc497abue3c8ymLlmCNYfKoXZk8atdG21bX1nLOrTcXtS5CSznnWFdVlfV/6PwgYM2m
jazasI66eDxnYdG6eJxVG9axZlPmM4v7Pms2bWz0enu65uF/cNiYPdh3+Ki89zHG8MSlV9Lr7K+x
9XlnsPSWu7AFhBzOOd74+EN+8UDukKw9xPw4l91/LxHrceqkA1occoThxnNc9o97i14/JV918ThV
RSykmlS1ebNa4YqIiEiXM3vxQqbddRt3nDct9dq0u24rWscUhRvSGlqiAjz42st88vlqIBzs3PPi
jKzbLV+3hgOv/infuf2PvLnww6xLJJxzzFv6CRff+xf2vuzivJZkANz74gwO/eVlPDf/3azHramr
4/G332S/y3/cqZamFGr1hg2s3rC+iffXs3rDhna8ovw555h0xSXMW/pJQft51rL+jgeoqt2M9/Vj
+NvLz+U9c+H95Z8xsR0LizZlxbq1/Owfd3PPizOojcUK3r82FuOeF2dw6d/vZEUn6QAEsK66iiWf
ryr6eZZ8vqpFtVxEREREOtqdzz/NjU88BsCNTzzGnc8/XZTzKNyQ1jKcdFTHj5w6gd4Vley1aVIN
XQAAIABJREFU43AWrlrBB8s/y2ufIX3CJSkDevbCWsPqDet55YP3+GjF8lZdy7Z9+zF55GgG9OxF
bTzG8rVreGbuHNZWbWrVcTuDE/bal8tP+Dqjtx2a9f13P1nMlf/8O/987eV2vrL8GWN47EeXcdTu
EwpaclIbizHmkvN5f9lSepR347Zzz+fEifthEsdM55zjyTmzOPrXV7J9/4Gsq97ExpqaTjEDoDQa
5YdHTeVXJ59R0H6X/v0ufv+fhzvFPaQri5Zw4sR9+fO3vk+30tKinKO6tpZv3/4HHpz5MptjbVfL
RERERKQ9nTn54KKFG4eN2YOfHPfVohw7H7MXLyy4PW5TnvvFdVln5LfE8/PnFrXeyZeJAg5pVyMG
D+Hcgw9n0ohdsr7/9Luzue2Zpzqs3kQhzj3ocP70re8VFHI457jgrlv5w1P/xjmHNYYDdtmNS6d+
jQk77ERlWTkAP7z7tlRKft8Fl7CuahP9evTkhN//qij3UihrDJNG7sIlx57IpBG7UllWlnW7TZs3
8+KCufz6sQd58b15nbbmRq+KCg7adSyn7ncA/Xv2bNNjr1q/nntfmsEzc2cXbZ2qiIiIiHQuvSoq
uOH0cxnab0CrjrN49Uqm3X2r/v/IPCngkHYV9SL0rqikoiz7X8o3bd7M2qpNqeKknV33snJmXXcj
w/oPxLP5rfhyzrFs7Rq2+/5ZjZYjlUQiWGMz/srfo7wbDkfV5s2dLiAoLynhhL325bRJBzJ+2I50
Lw8Dmo01Nby58CPufuEZHn7j1U7fCtYYQ0kkQreSUqwtvBBsU4LAUV1XS1083imWGomIiIiIfFkp
4BBpA1Evwru//QM7DhyMNSavWR2Bc3y0YhkHX/OzVKvgrsgYQ/eyckYN2ZY9d9g5LIy68EPmL/2E
jZtrNKgXEREREZF2oYBDpA1FvQiHj92DC4+cyu5Dd6BHeTkYQzLuSP7HtrGmmjlLFnH9vx/m8dlv
dpkZK/kwxijUEBERERGRdqeAQ0RERERERES6PLWJFREREREREZEuTwGHiIiIiIiIiHR5CjhERERE
REREpMtTwCEiIiIiIiIiXZ4CDhERERERERHp8hRwiIiIiIiIiEiXp4BDRERERERERLo8BRwiIiIi
IiIi0uUp4BARERERERGRLk8Bh4iIiIiIiIh0eQo4RERERERERKTLM3V1dS75Q0lJSUdei4iIiIiI
iIhIk+rq6rK+rhkcIiIiIiIiItLlKeAQERERERERkS5PAYeIiIiIiIiIdHkKOERERERERESky1PA
ISIiIiIiIiJdngIOEREREREREenyFHCIiIiIiIiISJengENEREREREREujwFHCIiIiIiIiLS5Sng
EBEREREREZEuTwGHiIiIiIiIiHR5CjhEREREREREpMtTwCEiIiIiIiIiXZ4CDhERERERERHp8hRw
iIiIiIiIiEiXp4BDRERERERERLo8BRwiIiIiIiIi0uUp4BARERERERGRLk8Bh4iIiIiIiIh0eQo4
RERERERERKTLU8AhIiIiIiIiIl2eAg4RERERERER6fIUcIiIiIiIiIhIl6eAQ0RERERERES6PAUc
IiIiIiIiItLlKeAQERERERERkS5PAYeIiIiIiIiIdHkKOERERERERESky1PAISIiIiIiIiJdngIO
EREREREREenyFHCIiIiIiIiISJengENEREREREREujwFHCIiIiIiIiLS5SngEBEREREREZEuTwFH
J2ZS/0YwgMGCIfF94mcg/BhtYntT/7rhy/0JG0jeYHjvXv3Dqf+nAZu2jQUiqYN5RbtQERERERER
KbZI85tIR3Hp3xnAGYwDF/5A8jsIElsZMCb1aviWyTjSl4oDQ4Az4JwF4+M58AFM4q4d1Kc8DgjA
mbSfHeABAT5f4mclIiIiIiLyJaeAoxMzBsCjFJ+ogzGDyhgzuB8jB/ehZ0k4II/5sKrWY+4Hi5nx
8edUO0c1hsBYnHNpYciXj8UQWItxAQZHxEEU2KoM9t9lIGN3Hkq/Sh9rAnCWNdWW5RtqmPfxUt5Y
sIYNAdThE8fDGkfgIkC8o29LREREREREWsDU1dWlRr8lJSUdeS0dw5jEX/QtJjEToqHkA0pGBfV/
/8++PViiOOIGnMseLhgszoT7R7wS/CAGQQRHjK2Ax759ECMqN1MZ30S47CTAYTEOsNliC4uz9VdY
43lsiHTnrqfe5Nq3NlBHlDgxrKH+qp0FE+A5i5/zXjpeGDuE14ox4awU69EniDH99N04ZNf+dGMT
pa4ORwRj0p6MCTDGhc/NOJwLwx9MkJrI4ZsyaiMVLFrjc8Tlz/IFFmMDXBChxPjEjUfg4kQcxE0E
XOMQJDHBBpxNfVbp7yU1/G0wiVcdjnCmSfg5eIDDIwjno4iIiIiIiEhCXV1d1tcVcBiPUudnDDzT
Q4yGku8l/00PGpLfWyCWWCIR5Jg84RHBN3FsYsnJkAg8cdEh7Fy1gsA4bNyDkrTQwaVdUa66GsaE
yzVMeKWeMVjncA5qPcvsul585cYZrE7M8MBZIA7W0WnzjcRDDQMEy/Dulsd/dgwDY5/ibDURU4Fv
Ixhi9bsYk7Z7kPGzSwQ8zgZZt3fO4hnYaLvztRvf4sXF6wiI4oIYzlgiLsg5x6PEgJf2KBv+njSU
/quR/r4FaojgTJwc+ZiIiIiIiMgWSwFHDuEgNMLC86awbfVSnGcInMNgMYmKnsY5jLH1f5c3Ft86
cB7JoakxLjHDICDuSvBcHQNvm8eanOc1WAPHDe3FncfsRLd4HRgf3zisI5xhYEvCf51PeqphbPaE
I5zBEbIuTuBFMEEEZ32sqWWzLcM6D4KAMx9ezMMff4GPbWImSseyNlxmU4Jj+ql7ceooKHM+DoMJ
fFwE4tYjcI4I4WwZY1xGYAH1AYYz4BvCzynL+8YlAhAT4FwU5zlKA5+3vijhgKtfo9YabJBrToVl
9S0H0S1YhzVxHBEw4FsykozAhPdlAOs7fEsilHKYxFKawMA233yDjdaDQDM4RERERERE0uUKOLb4
Ghzh2DNOgAtnPgRhiGFsJGMrF8Ydib/IJwbY6UNdazGJ6RMR44PxMIRLDVKDXBcuQbCUsbfdzNPn
jSPiasDfTGDCAqEGk5iBkRZoGBOGKSZ3EBEkpgnYIDlItxjnsCYGDuImSjTwgRjWWu49cRB1ZhtO
u/MD/rWiGt8zWN8RmHCgX/9s2lf4jMPn5ALD7F8dzo5uJdbVEQQQJC4u8LzwswgCLCaxxAOcM2CS
XWQCMlarOMAGqSCjoeRr1tmw5KgLF5uM7htn9Y17Um16stMP/stGkitlDDiHcYmQyJhw2ZHzEp9Z
GIi45DIoE+A5g/HDh+ySBWFdgDUGE1icMXhBolCqwg0REREREZG8bfEBB5CYhJG+0KTh+2lLHtL+
2h+YzDoLyWAiMOGqD0gsV3CA87D4bFtimX3e7lTGazF+HXGbaOpqmokTmgg3Gt5K+pGCxHUZl7hm
G16QcR4lznHf6TuyMQKTfv8uC4LkapVUIpPXOdtMqvOJx+++MobvjY/j3BepR2MJSM2YIf0Tq7/O
jNkbrr6mBTT/iNOFT8ARGIt1EAni2MhGVk8fw+qyQQw//ymq4y4MsAgweHjOpD73zOfn0k7uMj5L
m9wmsRYl7JIjIiIiIiIihVLAkWTSloG4HEtAXKLNKGCMl8o9GhUSTRtYJ/96bwl4+ZzJ7BHZRKSu
ipgXx3iWqO/je17OywqPnWgJa0yiMGgeQ2DnUjU5oMEuifsLrI8Xr6QXG5h14Rje39SNcX94NSyS
6dLnRbQPa6GvtXx41R5YV4sXj1DnhaU2k6GAIXxWWa/LmCbrp2RsmmMWRwaXnGnhUxuxRIMqAmPp
HV/F57/fl7dXlTDpmhk4G87oCS8q90GdSxQ79dICs8QFK9QQERERERFpnVzlKrccDcejLkKux2KM
SQQbjQOJINExxQUO6+rwEn+ktw4GW0f1ebuyh7cOY2LhPATnYZwjbqNNDrRTM0ZMPsP2xFKVcIfs
4Ubqhi1eEAFbQ5xSIoFjVEUV1ZeMZatE1xYIl9hgbF6hQeFMKmEzJsrLPz6IT36+O55fTTRwBBYi
QSJ4SoQyjuTSoCwzWgqoyJnsctLkvJjUWh0P68A3UXxrMM4SsJkx/Tew/o97Mrw8sXQpsMRtg6Ib
6YczBmxxnqSIiIiIiMiWTjM4Uuqbv2b+XMARkssLnKG6JCAArp28PdN2qSCOJZK2UiH8t9B8Kb9r
Si5JqT9Pzi1xJlwmYRLFRj3iLLtkV37w3w38+a0l+BisCxLLVtq+GGncQKmDT3+9N71q14QFXl00
NbWhPvxJBAfJ2TVZAp/w2TcuMto6LuOxG2frr8lASRAw59rdmR/viyNGie/wrVe/9ERERERERETa
hWZwJKUGzrHEcpVmNncu9ZXOGIOx0K22lDln7MLFO/XA+BGiLpbjSE0wQebxm11T0WB319wH3DDU
Sf5kuOGw7jx29r5gbdHCDXBUOlh3zXjK6zbjnCMwhpIglrqOIP2WnUnMosn+HJp6r9G2qboeTQlI
NPvNcfUBcS9OYMsYWfo5EVudiIpq87oGCGfcdM4eNiIiIiIiIl2LAo6MsX3Q4N+mBBiCjAG1S3Qy
cXjEbR0DotFwjYoJCIgmTpf/IzeBwzoTLiXJURekpZypL9gZJFqjAgREwtobLspBA2uYNW3fsBsJ
kcR0H4vXygUrYS1Wj60jltW/HI8NAkr8AN94WOeIm2iOGhsubYlKtptq21kT1tnUV/bLseCiGGLg
PKJ+DJdoMZuvbFdcP0FEy1lERERERETypYCjkURK0UKO+joYxviN62Dk2Q0lZAHT1tlGiktcVObd
BgR4GAI8F2dEdD1v/fAADBBPLGRpbfNSAwyLwkeXj8E4n8AEBMZhnGsiAGq+q4sjS8HXVmrurBlL
gGzh5w4/4QbHRP9hioiIiIiIFErjqKRUFxUDLndXk5ZIDXsLCjcS+1pHUEh/08KODiRmImT8KiTP
ZzGez+jIF/zz7LFgbHgtrbyeSmDupbsSceCCsFqFs5lLeFKlUAs4VSFLVPLlTO6VQQ1fd9isy5ZS
7zsHQYMlTa41cZqIiIiIiIgkKeAooItKS3nJMa2zLV9qYoIWBSSNDpMYlSdzivArwLowTLBpy3Oc
c3iuBN+zHNHPcfqI7mHNzZbkGwbwSinB8ukVexIxHkFiRohxFhPkHyolW8U2UkgXlTxShaCJbbLt
nwwrcu2WXxeV5meqiIiIiIiISGMKOFLSC2627QAzY6Dc6pCivQe/QaKhSZxbpw5iK2sKrXWaUhLU
sfRXe9PNryPAS4Q9yefR+nkMhSxRSbbBbfHN5Dpuq2eQpF+/5naIiIiIiIjkSwFHUoFdVAo6dPKb
1oQbietzLey5kWupRVNLMABc2puWCB//dA+8FoQCFph35RF0r9tEzCvBGb9NZqSkK2yJSl59dNO3
zDxXjt1cgW1q1UVFRERERESkbSjgaHEXlcSOzq+fDZBDmy1RoeUzBHKVzmhufG+ShUiNwVmPcgNz
po1P/eY0dTepKzUeB/crY6D9jMBEscSxzhCQbEHb7NWT12yGJmdvWAILOJMIdXIfL70xbN4FRlM7
W1xTa1uynEtERERERERaTwFHI/l2UTFhUcnEV1PadolKyzQ3UyNsFUtG4NAwTAkw+L7PDpUBo7pF
EhU0mjhn4lmWuoDHz9uRaF2EiKufHWNdkMeTDhJf+c20yL1ExSffAiKt6aNTaKFTqyKjIiIiIiIi
bUIBR1IeXVTCDhk+zvkY4+U9mG2TJSptoFHXj0ToEY75M6/NGNMoLHDGhvccxJh1/q6UEoDX3K+Q
Y8FVk4hbi8U0KtzZ9NNLFFY1fl7Lhhp9HulhhkkGJfnJJ3QodKVO1i4qeZ5LREREREREmhbp6Avo
cFm7qOTY1BiMKTwT8hz4hsTyFENTA23fGLzAEtgYERchwGFMLc6VZyyFMS6KIUbcBuCiWOenVmgY
V79dOCMj+/nSx/82tXTGEph41loSkSDAGfCth28iXHpAb66esZZ44t4MQeY8C2MY4sHgYBO4CIEN
MIFNO7EhbK4aJEq7Nny2NpEiOOqjgOSUB1ufHJkAHw/P1eKbMqwB39aCKcEPSpi/vpzXPl7HO4tW
8NEnn7L14IGM3XEbJg7rwai+hu7Begw+PoANwy2PWKIQKmDjGb8XhqY7rORijFGaISIiIiIiUiQK
OFLSu6ik/9x6jZaoNLFKwjgHpg4TlBBYH+MsgYniuXhYN8JZsD6+gUhg8Bw44vjWSy0YScYBjY/d
+LXkLIT67etnSmQLOYwL57lYfC7eZyhXP7cOnEuEG17G/riAD38+ERv4YVFRB67hRTgDxmBwGY+l
PuxIn+PgCC8nc2aGcQHGGgJKCICbnlvNr/+zkI1EcSYAF0AqW7CwbAX/eGM1Yd7gE2AoxXHYrv25
9ZzdqAjW4YIIhhiYKIGLYtLO6ZLPUmGFiIiIiIhIp6GAIym9iwqW5h6Ncy6PqhCJbZPfmIDmRsWe
MzjjYTCss91ZW9aDB199l//N/oJYYtcRgwzfOngCO5caKlwtxm3ANxEMrn7gnVo/kShOmqyJmuX0
gQEvua0JAJt1iUqSdRCYCBFq+cvJEznjvjdwLk5GuAHs0wcM8TBESAtSXKNnYBL7Np4dEwYnyc/G
T9X1CK81cT2RElb75ex72fN8Gk+/5lhqwodzJrFvcpqLwblw5oiHoxZ4bP7nPP6DpwGY/dsTGGoX
Y00MQzTrc8iZJBUgaBQwiYiIiIiISEuYurq61IiwpKSkI6+l4xj46DsHsl3NsvqXbPZnkZzR4Fxi
0G68MAiIgAlcOHA2ie8Ba8PBuW/q9zeEdSWMixJgcJGASNzhrOXV2gqOvf1lNtAwLsitHMMfTpvE
1wdswsQNgbcZSymeqcMLvNS5ITlhwmT87BuIpEKDIFVotOHsDYtJbW+Nw+HhjKPi6rcIrIXAYokT
MYaYc6y7fG8q2UicUtJnXdRfg03U1gjrYwRpoZKxyUTGpoUyDmfLiFCNwyNeaqgLyhh1yUssT63C
SQsxWsNAKfDebw9loN1A4MUSsz2iWFMf0RibY8lS4vqDLMVd05+rn5hZYjJmthj6n/M61a2/CxER
ERERkS+durq6rK+ryGgjbV/2MWsXFRchbhyGONbCBS+spOyPs5n0l5dZa8DPd3KNgVpj+NY9L9Ht
d29z9AMfELgKrO+wzuJ72T/41O6uvqZEwy4qjYuMpk6ZmFURzhg5aeTAsHimiRMYjzoc21d4lNrN
YbiRViA0Y7CfUTg0y69ioqVruvDoBh944D2frS55meUZrXfbqPGqM9TiMexHz3HMTfNxiUUqtpk2
v47Cio827qJi2uoOREREREREtigKOJLy6KLSUtm6qHguTqkzzHZb0e3GOfxx3iriiYUi2bqaNCUg
wBmDwfDMsmq6T3+d2z9YQy0BUSryPkq+0gflgYG/nDQYjMM4mypw+tpP9sb4BpcoggrZBv7pnU0a
/yq6BjNInAlw1BHDY5cr3uabt7+NC1xB156/sJ6IcXU8s6SarS58k7ipwDYTGGFyt6pVFxURERER
EZHiUcCRtYtK2z4WL7nagggWi3MRNhuPUbfNZsKfXyBmSJTY9DEuWaMiv0G7CduPYJyPI1FQ08H3
nljCoOvnUm0N1jogQsyrbw2b/mVdODMh/Gp+5kj6jBSDwQXQzZEIcBylDsqC9UCACZL1NbIVObVh
mOS8RulHfZFRh288AmOwzuATYcBP32RRDPzkbIeiTHmIh0VRAePi1DlL7wteZZ3piYcLlxZliSaM
a7y0J/WeMWAVZ4iIiIiIiBSDAo6U9C4qbTtiTgYC1sXwnU8Q8eh/yzt8EE87Zca3+Z/fNfg39Z2D
DZ6l129nU23LCLBEgsyZKdm6quRT+SP9CRkXtnmd8fPjUq1er/jaaAhKGgUAzhCGMOkvJC8k+8UA
EA1iGOcTt44+P3uLKmOxLqBIyUYjybNEMAz+wfPEqMTgMmqbpLZVfiEiIiIiItIhFHAkpXdRMfmW
98zz0Il/jbEEOHrdMotNBnzjEXHFWF5B2BbVD4gFPj1//TrxUojG46ksIZknZOYKQYvu3bkow80X
eHhgA76/gyMSNA4fHEHj2Q0mucQkyNgydUXGJ+YFxF2EIT+bTa0D4wKCdl3YYSl1ATHncM6jzw/D
WTe5sqBcS1RERERERESkeBRwNBzgZ/ybx47OD7ui5BAQwRmHM7DJ1rHVLfPYHCTWPjifeLHG6WlL
XRxRul/7NptKKzEmwLgovq1fotIaYS+UGCXUUO4CIgHYUq9BV5CQdTaxZCWbtGdoku1hDeBR5htO
v28J6zFpbWbbM0QIqE0uG3Jx/Lhl8PlvUorBunjYFSbxII0Lu820hkl9aTqIiIiIiIhIvhRwNJJv
2UeDw6a+crFmM14A0cBn3J/epxqTOTYv6jg9efAAZx39fvMqdZTg21pMg1ob2bqo5Kolkc4AvjHE
jeP7Bw3n4knbABZH40KtYaCSdsMZIYjN2NCF1T0Aw7LSATy2YDX1HUY6YoZEeM6w44xPjfG4933w
vRJsG8/YUOFRERERERGRwingSMqji4pzDud8nPMxxsMY02wI4PkRnLXcvypgsXV4qYF7ewog8Km1
jjHTZ2GDKM40XK6SOQvFGJP3UotI4FFq4OL9BnDBIcPwAgvEGm3nCDJb5jbZRcUk9vAY9uOnCHzC
AqodLBlmOWf45p9ep9aWAj6BbdlnGoZKIiIiIiIi0loKOAroohIGGh7G5N9GtjZSi/EtpzzyHi5m
8PE7YP5BuCTG+IaP4x4LYpVE/MwZHDZZgyQ1gHd5zeAIjx4QBFARbKJnfAMGH0yOXy2TXmTUI1cX
FesccQIu/+9K4omzdI7KFkHiWsOAaM9LXsEngs2RUjSXe2SrVNIxM1RERERERES6NgUcKeldVNru
b+oRV8KR97+Hw3T4EN3hMMZn95tewEXDCpmN63C07N7DmSDJ+Q1NTEtwWX7lsnRR8VyMWlPKjc9/
0qLrKa76hTIfr3fUmB45a5nkLDnSzLFDWqgiIiIiIiKSLwUcSRldVJof5IfLVVyzyzhqI+U8s64m
0da04zln8a3jg0gfoL72RsgCQSpryDVoz33vDpzDBSZVdDOdSS4BynixcRcVB8RsKU99WNfhoVBT
wrKjcSZf8jRB2uebfutqGysiIiIiItI+FHC0uItKgMnW9pSwToNxAcZZ/vZ+DYFtyV/yiyXA+DDu
mmdwNo5zJfiJ5STWhSVGk4PyLI1QwtcTtUca33uiuogJwAQFtkutf+bJo55x1+xOPYchvFdYsMkQ
IQL4BMbDuPDz9m3uZ5hbWGA1IFz6IyIiIiIiIvlRwNFI63tYeC4Iu4iYOD/43zsQeJ2rrIIx1Dqo
i/TGt3E8F2TtolJYQFEvuVf2Gh7Nd1FxBuo8i+/Ap6RF19BuXNhFZmnpEOI2giWGb7xE69iWHLD9
S9CKiIiIiIh8GSjgSMqji0q+4hZwATGi1CWPnWfBzvaQDC6eWVpDhHhiQN14toAxhgBHgMt7qUVq
ZkfWmS0Nz5G9i4rB8c9FEcBhwifYKSXv0LgIx/74P0RdjLipxbd1GNe4wKhzDgLFFyIiIiIiIsWg
gKOALir5HzIgahwryvrhQ6IxRucb2F7zrzkELoLBYJ1NfNV3V3HOYTFYTMGzEXLmIfl0UXGGn97x
Kg6basvaGbnUv3V8vK4GG0Swrhue87J2TzHGgO08QZeIiIiIiMiXSecdPba75MAzs+Bli47kLL4p
5a+vf9jqqyqm+WtiGAKc8dNejbf6uIYmlrfk2UVlfdwBJlGNovPbDGyyFVjnVFlURERERESkAyjg
SEp1UYnn1UWluWMFzueZRStbf11FVGNMoiBq8tcgaHUHmeTrxphG7+fbRSUwHjVYDH6XqkcRiYZX
azp1aVQREREREZEvJwUcLe6ikuyl6jeeZWACAuv4cFVN66+viAwQWIdvTEFdXnJ1UXH4qaF9MuTI
X/0z9PESbXW7zq+nAWJ+fTeapGxLVRrul+218EtBiYiIiIiISL4izW+ypcl3UG2arA9hTGsXurQD
E9bW8BK1NsKQo9ihQrj0JDx/ri4qBmc8nAvC5S5FvqK24mPSZsCE99iS9sCt7+MjIiIiIiKy5VHA
kZTqokL2OhEk60qEA1hjvFSjkFz1JlpfzaK4XBBgk90+UuFGfSyT7KKS/D6fQXf4TMItGz6VsItK
+lHSI6DMZ+6cw+C6TLiRFttkvt7MQwuffde5TxERERERkc5KAUfWLio5NjUGY/Kb4WAD2+kHrcnr
M6nReYBJq5HpnMOmUhyanVZgCGddgAuPma1jiAnq2/A2bMebmNFhXJCaXeK60hQOSKvl4lL/NF9z
NP0mXY7XRUREREREpCldp8hB0bVdF5WkrjI0bdChNaWwGhoNjpmrHWoeXVRMIk0JsF3nIbaZLe6G
RURERERE2oQCjqQCu6g01UmkqzCAbyCWuHWbNtsgWxeUpGbv3Zissxby7aLiEae00y/wERERERER
kc5EAUeLu6gEGIJWzXLoaMlVJ8lOH4Gpn0jRVBeUXF1UWiet9geOMkh0p/Fy7tE5mbDWiAm/bOcv
NSsiIiIiIvKloICjEcuW9lhyxRStmZ1icu7qcmyU9sydYY9tysIuNcZv8TV0GGfCGUHOhstsRERE
REREpOg0+krKo4vKl1Gqi0oWyS4qAS6PQplpnAu/Gr5MWIC0XvrSlPQ2sXDX9w7rujU20+qP5Pfc
uuJNioiIiIiIdC5bzkg+l0ZdVKJsSY/FkDmRIj3scM5hMVhMEzMychw31/bpbzgv7av+gzA4+sY/
A+Pyak3b2Zhck1Ry79Hg+/SCtyIiIiIiIpKPLWck36zkoNJnSxlYJidIpM8yCNooUWjXNoWrAAAg
AElEQVRNF5Xw2gyjSx2YrlaDo7WzMbpipCMiIiIiItLxFHAkZXRR6YJ1H1rIt9m7qDQl7KAS4FzD
JScJiaUtDWt45NtFxWHBxZlx+YFb1GfRkFHYISIiIiIikjcFHFm7qOTzV/hkuxE/0e2ja3Jk76LS
lLCDisWYxoGFy9gmn7TE0vB5G+cAj7LYevoZwCQLv0aaP14nk6u+ST5UmUNERERERCR/CjgaybeL
isFhU18Saj7SaDhsb1xJNJxF4gDLB1ftQzTVdjXeRlfZftpqyY+IiIiIiIg0TSPzpFQXFZOzi0q4
NMPHOR9jvPxnKXRRhXZRcc6lnke2mSAuz5kuYUkOR8TEsCbGoUO7g/PwusiUhuSzcjQXcLi0LxER
EREREWkNBRyNuqhEyPVYwkDDw3S5wpfZpS9Pyfp+gV1UjIE4ycKlOUb2JlvI0fh5OwMBHiVBjIfO
2Z4K4ye2Sh63834GyWdlaG6Jikn7Skqva/LlDc9ERERERETamgKOlC2vi0pS2w2jDZ5zvFE3GONy
PMMcs2OyHStcvOLh/CiLf7UXcRO+DhbDllt8VERERERERBpTwJFUYBeVZjuJdBHWFV4Is6l7NziO
+vV/CChptF/WLiq5zwKESzzi1lHhfJZcdzDWWiDQL66IiIiIiIhk0DixxV1UAgwuayeRrsSQWS8j
n7CjqS4qMQu1QK1XmqjHYbM8nfQwKZ75WsaVOawL8JzFBI5+8VV89utJYGzik/JIxiadhwlrjZjE
1xY2G0hERERERKSjdK6xYaeQbxeVri/ZvyS9gGhru354DmIOJlz3IoEJCMuUNnyeyUG/R32YlC0I
CAOS+pa8Hn3YyPLfHIBnEgEIjsBEW3fRbc0lCtW6Led3SUREREREpKNp9JWURxeVLyPfhrMuIJy9
kR52FNpFBcDg4QEf1UA1FTgMNmc9jmSAAY0DjvolKvWvWOJx6Btfx5rr9mSACcAYPGL5XVw7yb+z
jrqoiIiIiIiItJUtZySfSwFdVL6M0jupBCZzuUqhXVSccxgXdlIB2POXL+MihlikiY4nLqyp0dQS
[...]
AKhg0JkVnb4e1noPFeOi2yVGQgoArCyBAwAGsBKD1927H4mvfu32uOuuf469ex+Nubn5OHzrlnjc
44+Op+w8KU444YkxOdn/P+U3/OOn44tf/Eqc+pQd8afapgAAIABJREFUcf75z12zt6+NiLjrrn+O
hx9+JOr1ehy25bA4ZceJI9nvaqz7AQBUI3AAQEX9BqON28KWfX97aLj72/fGn/7ph+KvPvJ3MTMz
23W7pz3t1HjVz70sfvAHn9XcR/u+vnbrHfGa176l+fiKD1wSz3jG0zqeV+bg0fhePvSXH4krr7om
IiLOO+85cckf/FbH93XbfpBjlnm+zO+MyAEAwxE4AKCCTrf4bNVvkdB+d075xxs/E7/6a78Tjzyy
p++5/NM//d/4xTf8Wrz8Zf8q3vD6fx8bN244ZMHSe++9f8k2377nvjizxMA8a+wY5S1Yh4khg2wr
cADAcAQOABhAURQdI0D77I1uOr3vs5/9YrzhP7415ucXIiJi27bD46Uv+bE488ynxeOOPiomJydj
795H4667/jn+50f+Lm655UsREXHV1R+Ooijil9/0mkPCya5nPD2eedb3xU03fz6e9rRT4znPPqvU
91f2+1hNw4SG5Txm1W2FDQAYDYEDACpozAgY9aD0wIGD8V9/95Jm3Nh5yknxe7/3jjju2O3N9zSC
w1Of+pR48YufH1dc8ZfxB5dcFhERV151TZy164w499xnL9nvYYdtjssve1fs2bM3tm7dErVabaTn
vdJWIgYsR8RYzmMCAI/J/X85ALAKliNyfO6Wf4o77vhG8/Fb3/pLS+JG+3FrtVr87M++NH7sx17Y
fP2P3/Onsbi4eMg2RVHEtm2HV44b4zDobv2el+t8hj3GMNtWWasFAOhN4ACAAYz68o2vfvX25ten
7DgxTj/tlFLbveSnLmx+fettd8btd3z9kPcMM4Bv37bsn0ENe67LfYxRaxx/HM4FALJziQoAVNA6
IG39u6EoitJ3J2l938MPP9L8evsxjy892D3pxCctefzNb34rdpz85ObjRx7ZE3/zt/+7+fjCC14Q
hx++tec+v/Slr8Z1138qbr/jrnjwwd3xPd9zZJx80pPjuc95ZpxxxukREfHRv782HnjgoYiIeMHz
z4nHP/7oJfv42q13xM03fyEiIp54/LFxzjlnR0TEnXd+I2644dPx5a98Le67/4HYND0dJ5/8pDj7
7F3xrLN3xcTERKnvu5vWn1u3aHDrbXcuObfnPe8HIuKxW8y2ntvmTZvipJNOiLPP3hVn/8AzmudW
JaT0e25cQgsArAUCBwBU1O9OGO1Bo8yCnUccsa359e23fz3m5uZjcvKxAXWvbTdsmIor//zS5jlt
f8Ljlhxvz569cdE7L22+/wd/8FmxdeuW5uPWfT/66L74vd9/b/yPa/7mkONcd90n47LLr4wX/+gP
xVve/Lq4+i/+Z3zhC1+OiIhdu55+SOC4885vNI974QUviO///jPjssuvissuv/KQfX/mplviyquu
iXPOOTt+4+2/Ekceue2Q93QzSBi4446vxzsv/uOIiLjgxc+PZz7z++Ly910dl7/vqo7ndtXVH47n
Pe8H4u1ve1Ppcyt7q1hhAwBGxyUqADAGdu48qfn1t799b8fI0M3pp50STz19Zzz19J3xuMd9T0SU
v+Sh8b79+w/Er771dw457ubNm+LYlrVA/uZv/3f8ypt/M+6++57S5/fgg7vjHb/xriVx45jtj28G
nIbrr/9U/Po73nnIOiLdznkUceDBB3fHb/7W7y+JG53O7YYbPh3v+M139T23QYgcADAaZnAAwABG
PSjd9Yynx85TToqv3XpHRET87kV/FLt3Pxz/5hX/esmMi+Vy9V98OK699hPNxxde+MPxs698STz5
yf8iiqKIAwcOxCc/+dm49D0fiE9+6rOV9v2JT94cEREnnPDE+A+/8Mp43nN/IA47bHPMzs7Fbbff
Fe9+9+XxqU9/LiIemynyuc/9U5x11hnN7ZczADS+lxNOeGL8wqv/bTz3Od/fPLdbb7szLr30/fHp
z9wSEY8FmFtu+VLs2vX0kR3fIqMAMDpmcADAgEY5IJ2e3hhve9svLbkE4r9ddmX8+E/8XLzv/VfH
nXd+Y9kGwPfe951473/78+bjn/zXF8RvvP2X48lP/hcR8dj3OT09Heef/9x473veGaeduqPyMU47
7ZS47L0Xx4teeF4cdtjmiHjs8prTTzsl3nXx2+O4445pvvczN90y0lka/RYVPe20U+K977koXvjD
5x5ybu+86G1LZrDcdPPnhz6f9nNrPUcAYHACBwBUUGaRyH7PdbvryFN2nhx/8scXxWktd1B54IGH
4t1/9P74iZ98Vbzkpa+O973/6vjSl78WCwsLpe5i0ut8G38+/vEbY2ZmNiIiDj98a7z2NT/T8fuo
1+tx9NFHxX/+z2/ou8/W405OTsSvv+2N8fjHH93xfYcdtjl+9EfOb77/1tvuHNndW9oDQvt7Jicn
4m1v/aWO5xYRsWXLYYecW9nPs8rvBwAwPJeoAEBF/QbTEd+99KDXILbT5Qknn/ykuOy9F8df/6+/
j8vfd3XzTiUREbfdflfcdvtdEfH+OO3UHfFTP3lhPP/558SmTdNdz6XMIPqGGz7V/PrH/+ULlyx4
2ul7e+Lxx/R8vf3xjpNPjB0nP7nnuRx//LHNrx98cHffcy6r3/ffOLdeWs/toYce7vm9DnIuQgcA
jIYZHAAwhG7/et9vZkEv09Mb46d+8sL4qw9/IH77t94Sz37WWYe85yv/97b49XdcHC//N6+NGz9x
08DnPzMzG7d8/kvNx7t2ndHj3ctn48YNza/37ds/0D6Wa1bEKM6tHzM6AGB4ZnAAwDJrzNTod6vY
dps3b4oXvfC8+JEXnR/33veduOmmz8fHr70xrr/+uzMuvv71b8brfvFX4w2/+PPxylf+VKn9tg6k
H9r9cPPylIiI733icZXOcTkMOyNilNqPUeUuKv1m+QAAoyVwAEAFvda3KLtt1dAREbH9CY+LCy94
QVx4wQvi7rvvib/6yN/HVVddEwcOHoyIiD+45LJ4wvbHxQt/+NxK+93fNiOhscjmOFrpODDM8crG
DcEDAEbHJSoAUFHVywnKLExaxXHHHROvfc3PxJ9dccmS9SEueff74sCBg5X2NT+/sOTx1NTkWC2C
OU7n0skozqvKeikAQHcCBwBUMOrBdpm1Oro9f9JJT4r/9JbXNR/fc8998ZWv3Frp+Js3L12gtD2Q
lL1bySiNQ9TodezlOL9x+J4BIDuXqABARe0LibYqiqLUc60+//kvx2duuiUiIqampuJV/+5lXY/Z
2F/DM858WmzcuKG5jsY3/9/d8YxnPK3jdp1s3bplyePvPPBQPOEJj+u5Tadz63ecYV8fRJm73bQ+
LhuYBjnXbpc2CRoAMDoCBwAMoOxguFvwaPWdBx6My993dfPxy376X8amTZu6rtXRur+pqck4Ytvh
cd/9D0TEoTMwOm3buv22bYfHSSedEHfc8Y2IiLj11jvi9NNO6bmPcTVoeFjOyFA2jggdADA8l6gA
wDLqNIBuf+6kE09Y8votn/9y123bPfzwI824ERFx1FFHVD6/Z529q/n4ox+9tu8xW++6ktFyB41u
l5t0O+7i4qLAAQAjIHAAQAWD/It/p5kYrc896UnfG2ftOqP5+NJLPxAPPfRwqX3/9V9/bMnj007d
UencIiLOP++5za8/+7kvxj/e+Jme3+OVV11T+Rhr2ajWzxA5AGA4AgcAVNQaJ6oswFkURfNP+/Ov
f/2rYnrjxoiIuO32u+IXXvPmuPHGm2JhYaHTruLgwZn48yv/R/zhuy9vPvejP3J+HH/8sZUH26ef
vjPOPffZzce//V/+ML70pa8e8n3Nzs7Fn7z3z+LP/vy/l973oLotbtrrT9l9DXIOy80CowAwPGtw
AEBJw95JpNc2p+w4Md59yW/Hm37lN+KRR/bEXXf9c7zhl94Wxx9/TJzzvLPjiU88NjZu3BgHDhyM
b37zW/Hxaz8R97dcmnLKjhPjF1/3qo7n209RFPH6170qvvCFL8fu3Y/E/fc/EK/82dfHC55/Tjz9
6afF9PTGuOee++Kjf39dfOtb3+74ffW7HGO1Bu8rcdz24NXv+EIGACwPgQMAKipzR5D2QW+3BUNb
nXHGafHe9/xu/PGfXBE33PDpiIj41rfuiauu/nDP7c479znxK7/8mjj66KNKnXvj/FvP6Xu/97h4
1zt/Pf7jG98ejzyyJyIiPvYP18fH/uH6JdtPTk7EW978uvit3/6DvsdaKaMOBqPan7ulAMDKEjgA
YADdZnI0osGgkePEE0+Iiy96W3z2c1+M66//VFx73SeXzNRo2Lx5U5x37rPjRS86P5551hnNu7X0
mk3Q/lz7rWfPOOP0uOrKS+Pyy6+Kv/vox5csJjo5ORHP/6Fz4mde+ZJ4whOOXhI4ijj0TjHtxxnl
bWJ73YlkkJkjVe9sUvV76RU6hA8AGJ1idnbWf1kBoI+FhYXYu3dvfP3rX4977703tm3bFtu3b4/5
+flD3ttvUdFe2t83P78Q993/nXj44T2xf//+2DQ9HVu3boljj90eU1OTPbcte4xO9u59NL519z2x
b9/+OOywzXH8ccfE1q1bIiLivvu+Ez/y4lc03/vXH7kijjt2e6ljj8owYWAlti17acrU1FQ8+OCD
8dBDD8XExEQ85SlPiaOOOio2btxY+vMEAB5jBgcArIBuMz36vW9yciKOO3Z7qYAw6DE62bLlsNh5
ykkdX7v77nuXnN+RR2zru78q1tOshpVcyBQA1jp3UQGAikYxGB1mJsCoj9F47/XXf6rU3Uj+z8f/
sfnc2Wfvik2bpge660nVu6EMa5j9L+e5WasDAEZD4ACACoZZ06HVSl1+UHbA/Bcf/Kt44y+/I/7o
0g/EwYMzXd937bWfiA9+6CPNxxe8+PlDn+NyGcVdbwbZdphjAQCDc4kKAAyh06C0seBn6+PWv1da
v0tXHn10X1x11TUREXHFn/1l3Hzz5+OlL/3xOOOM0+LII7fF/Nx8fPP/fTs+9rHrltzR5dnPOivO
ed7Zy/8NlLSWb0ULAPRnkVEAKKGxyOhdd90V99xzTxxxxBFxzDHHxNzc3CHvbQ8Iwyw62smoQ0lR
FPHVr90eb3rTO+K+Dnds6eT7vu/0+N3/+mtx1FFHjPRcqhiX28NWudtK+3NTU1PxwAMPxEMPPRST
k5Oxc+fOOProoy0yCgADMIMDACpqDFLbLytovUVs63OdZlAMOpgeZtte+9t5yklxxZ9eElf9xYfj
mmv+NvbvP9Dx/Vu2HBavePlPxMtf9q9ienrjqs9eGJfI0W3bsrfqdYkKAAxP4ACACvotwhmxdIZF
r+c66fev9v0GwVX/1b91f0cddUS87rU/F6/6uZ+Or371jrj1tjvjO995MBYWFuLII7fFySc9OZ76
1J2xbdvhlY4xjHEKGFW2Lxs7Gs8LHAAwPIEDANaQsreK7WXTpk1x5plPjTPPfGqpY3RS5rgrMaAX
DQBg/RA4AKCC5b6l6SgCxThYK2Fhub8PMzcAYHTcJhYAKhr01qErdctRRmMlf/Y+ZwAYnsABACts
Jf/Vfj0PnLPdNnY9f1YAMAouUQGACjIOQoe5Y0sm2YJG+/YZf7cAYJwIHABQwWoM+ldrXY5xOW7W
YwAAK0vgAICKut3ytfH8coeBtRweVsJqXx5U5RayAEB5AgcAVNBrINp4rT041Ov1jhGi2/uHPads
l5ZkVeZ3oez7AYDhCRwAUFG/gWqnoNEtcpTZX0S1aCF4dDdMZCi7rbgBAKtD4ACAAXW7G0pRFB0j
wzCLfQ6ybbdLZtabUX7/o44crc+t988JAIYlcABASa13u1hcXFzls+mv7IB5Lc3wGHUkWKkFT8UN
ABiewAEAFQw6EB1mvY1RrdXRb//LeYzlNE5Ro+q27e8XOgBgcAIHAKygYWLCSqytMY6xY7kH/cPu
f5jtu92RBwCoTuAAgKRW+na0y3GMMsfMeAwAYOUJHACwSkYdKFZ6hsd65WcAAOOpttonAAAZFEWx
7HclGae1JNaiUSzmuRw/U4uMAsBomMEBABW03kllufY/ypkXo95fJtmCkcgBAMMROACgopUe6I76
0pVO1kIEyRY0AIDREjgAoIK1OuhdifU7Rm0tfRZr6XsBgNUicAAAh1jt4GHADwBUJXAAwJgbh3U0
WoPDcp3LOEWNlT6XcfreASArgQMAKlqNweg4raORfTA+judfFMVYnhcAZCJwAMAasdqXlYwr4QAA
1ofaap8AAGQ17gPncT+/leBnAADrh8ABACXV6/XmgDnLwDnLeS6HLN976+8VADA4l6gAwBq3Xi5d
yR4JhA4AGI7AAQAjtri4eMhzGQeunULIcseRTj8nPzsAoAyBAwAqah1wz83NVd4mg3EbjK/Vn9/k
5KSZGwAwIgIHAFTQGLguLCzE7OxszM/Pr/IZkdnc3FwsLi5GvV6PWq02dmEJADIROACgpKIoYmJi
IiIi5ufn4+DBgwIHQ5udnY2iKKJWq0WtZv13ABiUwAEAJdVqtdiwYUNMTU3FzMxMPPzww83g0ar9
cgOXH6xP7bMxOs3OePTRR+PgwYNRFEVMT0+bxQEAQxA4AKCkWq0WmzZtiunp6XjwwQdj9+7dsXfv
3ubr7beQ7fZ3g4Hs2tDtc+33d0TE1q1bY8OGDXH44YfH1q1bY3Jy0u8FAAxI4ACAkiYmJmLLli1x
9NFHR71ej/3798fCwkLz9cZika2LRrb+bSbH+lAURceo0fqnYdu2bbFp06bYtm1bHHXUUbFhwwaX
qQDAgIrZ2Vn/twUAfdTr9Zifn48DBw7Evn37Yt++fTEzM7NkBkfjfd0CR+vfrE29Zm20x42Ix2Zw
TE1NxaZNm2LLli2xadOmmJqacqkKAAxA4ACAEur1eiwuLsbi4mLMz8/H3Nxc804q7e9r/bvTa91e
J6/WGNEpTHS6PCUiYsOGDTExMRGTk5MxOTnZXGi0UwwBAHpziQoAlNS400VjnYTFxcWYnFz6n9J+
C4w2Hhu8ri3dPtd+jycmJppRozVs+P0AgOoEDgAoof1Sg1qtdsi6GmZlUEb7bI/2qCFuAMBgBA4A
KKl9ACpoMAqCBgCMhsABAAMyMAUAGB/uQwYAAACkJ3AAAAAA6QkcAAAAQHoCBwAAAJCewAEAAACk
J3AAAAAA6QkcAAAAQHoCBwAAAJCewAEAAACkJ3AAAAAA6QkcAAAAQHoCBwAAAJCewAEAAACkJ3AA
AAAA6QkcAAAAQHoCBwAAAJCewAEAAACkJ3AAAAAA6QkcAAAAQHoCBwAAAJCewAEAAACkJ3AAAAAA
6QkcAAAAQHoCBwAAAJCewAEAAACkJ3AAAAAA6QkcAAAAQHoCBwAAAJCewAEAAACkJ3AAAAAA6Qkc
AAAAQHoCBwAAAJCewAEAAACkJ3AAAAAA6QkcAAAAQHoCBwAAAJCewAEAAACkJ3AAAAAA6QkcAAAA
QHoCBwAAAJCewAEAAACkJ3AAAAAA6QkcAAAAQHoCBwAAAJCewAEAAACkJ3AAAAAA6QkcAAAAQHoC
BwAAAJCewAEAAACkJ3AAAAAA6QkcAAAAQHoCBwAAAJCewAEAAACkJ3AAAAAA6QkcAAAAQHoCBwAA
AJCewAEAAACkJ3AAAAAA6QkcAAAAQHoCBwAAAJCewAEAAACkJ3AAAAAA6QkcAAAAQHoCBwAAAJCe
wAEAAACkJ3AAAAAA6QkcAAAAQHoCBwAAAJCewAEAAACkJ3AAAAAA6QkcAAAAQHoCBwAAAJCewAEA
AACkJ3AAAAAA6QkcAAAAQHoCBwAAAJCewAEAAACkJ3AAAAAA6QkcAAAAQHoCBwAAAJCewAEAAACk
J3AAAAAA6QkcAAAAQHoCBwAAAJCewAEAAACkJ3AAAAAA6QkcAAAAQHoCBwAAAJCewAEAAACkJ3AA
AAAA6QkcAAAAQHoCBwAAAJCewAEAAACkJ3AAAAAA6QkcAAAAQHoCBwAAAJCewAEAAACkJ3AAAAAA
6QkcAAAAQHoCBwAAAJCewAEAAACkJ3AAAAAA6QkcAAAAQHoCBwAAAJCewAEAAACkJ3AAAAAA6Qkc
AAAAQHoCBwAAAJCewAEAAACkJ3AAAAAA6QkcAAAAQHoCBwAAAJCewAEAAACkJ3AAAAAA6QkcAAAA
QHoCBwAAAJCewAEAAACkJ3AAAAAA6QkcAAAAQHoCBwAAAJCewAEAAACkJ3AAAAAA6QkcAAAAQHoC
BwAAAJCewAEAAACkJ3AAAAAA6QkcAAAAQHoCBwAAAJCewAEAAACkJ3AAAAAA6QkcAAAAQHoCBwAA
AJCewAEAAACkJ3AAAAAA6QkcAAAAQHoCBwAAAJCewAEAAACkJ3AAAAAA6QkcAAAAQHoCBwAAAJCe
wAEAAACkJ3AAAAAA6QkcAAAAQHoCBwAAAJCewAEAAACkJ3AAAAAA6QkcAAAAQHoCBwAAAJCewAEA
AACkJ3AAAAAA6QkcAAAAQHoCBwAAAJCewAEAAACkJ3AAAAAA6QkcAAAAQHoCBwAAAJCewAEAAACk
J3AAAAAA6QkcAAAAQHoCBwAAAJCewAEAAACkJ3AAAAAA6QkcAAAAQHoCBwAAAJCewAEAAACkJ3AA
AAAA6QkcAAAAQHoCBwAAAJCewAEAAACkJ3AAAAAA6QkcAAAAQHoCBwAAAJCewAEAAACkJ3AAAAAA
6QkcAAAAQHoCBwAAAJCewAEAAACkJ3AAAAAA6QkcAAAAQHoCBwAAAJCewAEAAACkJ3AAAAAA6Qkc
AAAAQHoCBwAAAJCewAEAAACkJ3AAAAAA6QkcAAAAQHoCBwAAAJCewAEAAACkJ3AAAAAA6QkcAAAA
QHoCBwAAAJCewAEAAACkJ3AAAAAA6QkcAAAAQHoCBwAAAJCewAEAAACkJ3AAAAAA6QkcAAAAQHoC
BwAAAJCewAEAAACkJ3AAAAAA6QkcAAAAQHoCBwAAAJCewAEAAACkJ3AAAAAA6QkcAAAAQHoCBwAA
AJCewAEAAACkJ3AAAAAA6QkcAAAAQHoCBwAAAJCewAEAAACkJ3AA/P/27t+3qvv+4/i7VoMxSy+D
GxW54gZkpLiLi+QyJFXsbpVIcr1kxVU6VsL8BZglq+neCDMmCyZBQspQmzK5rmgz1AMW2KgOlepI
uVlsDBL5DlXSb0R+gvG5r/B4jJZ8z8uTrafP+RwAACCewAEAAADEEzgAAACAeAIHAAAAEE/gAAAA
AOIJHAAAAEA8gQMAAACIJ3AAAAAA8QQOAAAAIJ7AAQAAAMQTOAAAAIB4AgcAAAAQT+AAAAAA4gkc
AAAAQDyBAwAAAIgncAAAAADxBA4AAAAgnsABAAAAxBM4AAAAgHgCBwAAABBP4AAAAADiCRwAAABA
PIEDAAAAiCdwAAAAAPEEDgAAACCewAEAAADEEzgAAACAeAIHAAAAEE/gAAAAAOIJHAAAAEA8gQMA
AACIJ3AAAAAA8QQOAAAAIJ7AAQAAAMQTOAAAAIB4AgcAAAAQT+AAAAAA4gkcAAAAQDyBAwAAAIgn
cAAAAADxBA4AAAAgnsABAAAAxBM4AAAAgHgCBwAAABBP4AAAAADiCRwAAABAPIEDAAAAiCdwAAAA
APEEDgAAACCewAEAAADEEzgAAACAeAIHAAAAEE/gAAAAAOIJHAAAAEA8gQMAAACIJ3AAAAAA8QQO
AAAAIJ7AAQAAAMQTOAAAAIB4AgcAAAAQT+AAAAAA4gkcAAAAQDyBAwAAAIgncAAAAADxBA4AAAAg
nsABAAAAxBM4AAAAgHgCBwAAABBP4AAAAADiCRwAAABAPIEDAAAAiCdwAAAAAPEEDgAAACCewAEA
AADEEzgAAACAeAIHAAAAEE/gAAAAAOIJHAAAAEA8gQMAAACIJ3AAAAAA8QQOAAAAIJ7AAQAAAMQT
OAAAAIB4AgcAAAAQT+AAAAAA4gkcAAAAQDyBAwAAAIgncAAAAADxBA4AAAAgnsABAAAAxBM4AAAA
gHgCBwAAABBP4AAAAADiCRwAAABAPIEDAAAAiCdwAAAAAPEEDgAAACCewAEAAADEEzgAAACAeAIH
AAAAEE/gAAAAAOIJHAAAAEA8gQMAAACIJ3AAAAAA8QQOAAAAIJ7AAQAAAMQTOAAAAIB4AgcAAAAQ
T+AAAAAA4gkcAAAAQDyBAwAAAIgncAAAAADxBA4AAAAgnsABAAAAxBM4AAAAgHgCBwAAABBP4AAA
AADiCRwAAABAPIEDAAAAiCdwAAAAAPEEDgAAACCewAEAAADEEzgAAACAeAIHAAAAEE/gAAAAAOIJ
HAAAAEA8gQMAAACIJ3AAAAAA8QQOAAAAIJ7AAQAAAMQTOAAAAIB4AgcAAAAQT+AAAAAA4gkcAAAA
QDyBAwAAAIgncAAAAADxBA4AAAAgnsABAAAAxBM4AAAAgHgCBwAAABBP4AAAAADiCRwAAABAPIED
AAAAiCdwAAAAAPEEDgAAACCewAEAAADEEzgAAACAeAIHAAAAEE/gAAAAAOIJHAAAAEA8gQMAAACI
J3AAAAAA8QQOAAAAIJ7AAQAAAMQTOAAAAIB4AgcAAAAQT+AAAAAA4gkcAAAAQDyBAwAAAIgncAAA
AADxBA4AAAAgnsABAAAAxBM4AAAAgHgCBwAAABBP4AAAAADiCRwAAABAPIEDAAAAiCdwAAAAAPEE
DgAAACCewAEAAADEEzgAAACAeAIHAAAAEE/gAAAAAOIJHAAAAEA8gQMAAACIJ3AAAAAA8QQOAAAA
IJ7AAQAAAMQTOAAAAIB4AgcAAAAQT+AAAAAA4gkcAAAAQDyBAwAAAIgncAAAAADxBA4AAAAgnsAB
AAAAxBM4AAAAgHgCBwAAABBP4AAAAADiCRwAAABAPIEDAAAAiCdwAAAAAPEEDgAAACCewAEAAADE
EzgAAACAeAIHAAAAEE/gAAAAAOIJHAAAAEA8gQMAAACIJ3AAAAAA8QQOAAAAIJ7AAQAAAMQTOAAA
AIB4AgcAAAAQT+AAAAAA4gkcAAAAQDyBAwCxjppVAAAPlElEQVQAAIgncAAAAADxBA4AAAAgnsAB
AAAAxBM4AAAAgHgCBwAAABBP4AAAAADiCRwAAABAPIEDAAAAiCdwAAAAAPEEDgAAACCewAEAAADE
EzgAAACAeAIHAAAAEE/gAAAAAOIJHAAAAEA8gQMAAACIJ3AAAAAA8QQOAAAAIJ7AAQAAAMQTOAAA
AIB4AgcAAAAQT+AAAAAA4gkcAAAAQDyBAwAAAIgncAAAAADxBA4AAAAgnsABAAAAxBM4AAAAgHgC
BwAAABBP4AAAAADiCRwAAABAPIEDAAAAiCdwAAAAAPEEDgAAACCewAEAAADEEzgAAACAeAIHAAAA
EE/gAAAAAOIJHAAAAEA8gQMAAACIJ3AAAAAA8QQOAAAAIJ7AAQAAAMQTOAAAAIB4AgcAAAAQT+AA
AAAA4gkcAAAAQDyBAwAAAIgncAAAAADxBA4AAAAgnsABAAAAxBM4AAAAgHgCBwAAABBP4AAAAADi
CRwAAABAPIEDAAAAiCdwAAAAAPEEDgAAACCewAEAAADEEzgAAACAeAIHAAAAEE/gAAAAAOIJHAAA
AEA8gQMAAACIJ3AAAAAA8QQOAAAAIJ7AAQAAAMQTOAAAAIB4AgcAAAAQT+AAAAAA4gkcAAAAQDyB
AwAAAIgncAAAAADxBA4AAAAgnsABAAAAxBM4AAAAgHgCBwAAABBP4AAAAADiCRwAAABAPIEDAAAA
iCdwAAAAAPEEDgAAACCewAEAAADEEzgAAACAeAIHAAAAEE/gAAAAAOIJHAAAAEA8gQMAAACIJ3AA
AAAA8QQOAAAAIJ7AAQAAAMQTOAAAAIB4AgcAAAAQT+AAAAAA4gkcAAAAQDyBAwAAAIgncAAAAADx
BA4AAAAgnsABAAAAxBM4AAAAgHgCBwAAABBP4AAAAADiCRwAAABAPIEDAAAAiCdwAAAAAPEEDgAA
ACCewAEAAADEEzgAAACAeAIHAAAAEE/gAAAAAOIJHAAAAEA8gQMAAACIJ3AAAAAA8QQOAAAAIJ7A
AQAAAMQTOAAAAIB4AgcAAAAQT+AAAAAA4gkcAAAAQDyBAwAAAIgncAAAAADxBA4AAAAgnsABAAAA
xBM4AAAAgHgCBwAAABBP4AAAAADiCRwAAABAPIEDAAAAiCdwAAAAAPEEDgAAACCewAEAAADEEzgA
AACAeAIHAAAAEE/gAAAAAOIJHAAAAEA8gQMAAACIJ3AAAAAA8QQOAAAAIJ7AAQAAAMQTOAAAAIB4
AgcAAAAQT+AAAAAA4gkcAAAAQDyBAwAAAIgncAAAAADxBA4AAAAgnsABAAAAxBM4AAAAgHgCBwAA
ABBP4AAAAADiCRwAAABAPIEDAAAAiCdwAAAAAPEEDgAAACCewAEAAADEEzgAAACAeD+qqs+aHgEA
AADwJNzBAQAAAMQTOAAAAIB4AgcAAAAQT+AAAAAA4gkcAAAAQDyBAwAAAIgncAAAAADxBA4AAAAg
nsABAAAAxBM4AAAAgHgCBwAAABBP4AAAAADiCRwAAABAPIEDAAAAiCdwAAAAAPEEDgAAACCewAEA
AADEEzgAAACAeAIHAAAAEE/gAAAAAOIJHAAAAEA8gQMAAACIJ3AAAAAA8QQOAAAAIJ7AAQAAAMQT
OAAAAIB4AgcAAAAQT+AAAAAA4gkcAAAAQDyBAwAAAIgncAAAAADxBA4AAAAgnsABAAAAxBM4AAAA
gHgCBwAAABBP4AAAAADiCRwAAABAPIEDAAAAiCdwAAAAAPEEDgAAACCewAHBWq1W0xMAAAB6gsAB
gdrtdi0sLNQnn3xSn332WV26dEnsAAAAnmk/bnoA8N21Wq06ffp0zczMfOnrnU6nPvzww0e+DtCE
vr6+GhwcrP7+/urv76+f/vSnVVX1n//8p3Z2dmpnZ6c2Nzfr4cOHDS8FnlWdTqdef/31arfbje5Y
X1+vy5cv1/z8fKM74IfiR1X1WdMjgG936tSpmpmZ+dpfxNeuXavx8fE9XgXwX/v27asXXnihfv7z
n9fRo0dreHi49u/fXwcOHKif/exnVVX173//u7a2turevXu1urpat27dqn/961+1trZW9+/fb/gn
AJ4VFy5cqKmpqaZnfMnc3Fz97ne/a3oGxHMHB/S40dHRmp2dFS+AnjQwMFAjIyM1NjZWv/rVr+rY
sWM1MjJSBw8e/Mbv++STT2plZaVu3rxZf/3rX2t5eblWVlZqe3t7j5YDz6JOp9NzcaOqampqyp0c
sAsEDuhRrVarzp49W9PT001PAXjEc889V0NDQ/XrX/+6Op1OTUxMfK+zgA4ePFgvvfRSvfTSSzU5
OVkLCws1Pz9f169fr42NjXrw4MFTXA88qzqdTtMTvlan0xE44AkJHNCDPj9nw8GhQC86cOBAHT9+
vN5444167bXX6vDhw0/0ea1WqyYnJ+v48eP1/vvv1zvvvFM3btyora2tXVoM8F9Nn7nxTXp5G6QQ
OKCHjI+P1+zsbI2OjjY9BeArtVqteuWVV+r3v/99nTx5clc/+/Dhw/WHP/yh2u12/elPf6pr165V
t9vd1WsAAD9cAgf0gHa7XWfPnu3JZ0IBPtdqteq3v/1tnTlzpsbGxp7adU6ePFnPP/98HThwoK5e
vSpyAADficABDfv8nA2PowC97MCBAzU+Pv7U48bnxsbG6syZM7W9vV0ffPCBx1UAgG8lcEBDOp1O
zc7Oet4S6HnPPfdcHT9+vN588809iRufGxsbqzfffLM+/vjjWlpacvAoAPCNBA7YY+12uy5cuOC1
r0CMoaGheuONN3b9zI3v4uTJk7W+vl4fffRRra2t7fn1AYAcfU0PgGfF5699XVtbEzeAGAMDA/Xy
yy/Xa6+91tiGV199tV5++eUaGBhobAMA0PsEDtgDp06dqrW1tZqZmWl6CsD3MjIyUpOTk0/8Ktgn
cfjw4ZqcnKyRkZHGNgAAvU/ggKdodHS0FhYWam5uziGiQJx9+/bV2NhYTUxMND2lJiYmamxsrPbt
29f0FACgRwkc8BS0Wq26cOFC/f3vf/c4ChDryJEjdeLEiZ4ItK1Wq06cOFFHjhxpegoA0KMEDthl
p0+frrW1tZqammp6CsATGRoaqmPHjjU94wvHjh2roaGhpmcAAD1K4IBdMj4+Xmtra3X+/Pme+G8n
wJPo6+uro0eP1osvvtj0lC+8+OKLdfTo0err8+cLAPAofyHAE2q323Xp0qVaWFiodrvd9ByAXTE4
OFjDw8N18ODBpqd84eDBgzU8PFyDg4NNTwEAetCPmx4Ayc6ePVvT09Pu2AB+cPr7+3vytawDAwPV
39/f9AwAoAcJHPCYLly44JwN4Adr//79PRs49u/f3/QMAKAHeUQFHkOr1RI3gB+0wcHBOnToUNMz
HnHo0CGPqAAAX0nggMfQ7XabngAAAMD/I3DAY/rjH//Y9ASAp2Zzc7Pu3r3b9IxH3L17tzY3N5ue
AQD0IIEDHtP09HSdO3euPv3006anAOy6e/fu1fb2dtMzHrG9vV337t1regYA0IMEDngCMzMzNTo6
WhcvXmx6CsCu2tnZ6dnAsbOz0/QMAKAHCRzwhNbX12tqaqomJibqww8/bHoOwK7Y3Nys1dXVnjpz
qNvt1urqqkdUAICvJHDALllcXKzR0dE6c+aMx1aAeA8fPqxbt27VyspK01O+sLKyUrdu3aqHDx82
PQUA6EECB+yy8+fPV7vddggpEG9jY6Nu3rzZ9Iwv3Lx5szY2NpqeAQD0KIEDnoJut1vT09P1y1/+
sq5du9b0HIDHcvv27VpaWuqJx1S63W4tLS3V7du3m54CAPQogQOeon/84x81Pj5ek5OTdefOnabn
AHwv9+/fr+Xl5VpYWGh6Si0sLNTy8nLdv3+/6SkAQI8SOGAPzM/P1+joaJ07d67pKQDfy8rKSs3P
zzcaae/cuVPz8/M9dR4IANB7BA7YI91ut2ZmZuqFF16oy5cvNz0H4DvZ3t6u69ev1/vvv9/Yhvfe
e6+uX7/ek6+tBQB6h8ABe2x9fb06nU5NTEx4bAWIsLGxUe+8805duXJlz6995cqVevfddx0uCgB8
K4EDGrK4uFjtdrvOnTvntbJAT3vw4EHduHGj3n777VpeXt6z6y4vL9fbb79dN27cqAcPHuzZdQGA
TAIHNGxmZqba7XZdvHix6SkAX2tra6sWFxdrdnZ2TyLH8vJyzc7O1uLiYm1tbT316wEA+QQO6AHd
brempqZqYmLCa2WBntXtduvq1av11ltvPdXHVa5cuVJvvfVWXb16tSdeUQsAZPhx0wOA/1lcXKzx
8fGampqq8+fP109+8pOmJwF8SbfbrQ8++KA+/vjjWl9fr1dffbUOHz68K599586deu+99+rdd9+t
GzduuHMDAPheBA7oQXNzczU/P18zMzN1+vTppucAfMnW1lYtLS3VRx99VH/729/q9ddfr9/85jeP
HWU//fTT+vOf/1yXL1+uv/zlL7WxseHMDeCpWF9fr1deeaXpGV9pfX296QkQ70dV9VnTI4Cv1263
a25u7lt/GV+7dq3Gx8f3aBXAfw0MDNTIyEiNjY3ViRMnanh4uH7xi19Uq9X6xu/rdrv1z3/+s1ZX
V2tpaamWl5drZWXFq2CBp6rT6dSlS5eanvGVJicna35+vukZEE3ggBCdTqfOnz//tbeCCxxAk/bt
21dHjhypoaGhOnr0aA0PD9fAwEANDAzUoUOHqqrq7t27tb29Xdvb27W6ulq3bt2qjY2Nun37dt2/
f7/hnwB4VszNzdWpU6eanvElFy9erKmpqaZnQDyBA4K0Wq2anp6u6enpR24FP3fuXM3MzDS0DOB/
+vr6anBwsPr7+2v//v01ODhYVVWbm5t179692tnZqc3NzXr48GHDS4FnVafTqU6nU+12u9Ed6+vr
NT8/784N2CUCBwRqt9s1MzPzxX8fLl++XJ1Op+FVAAAAzRE4AAAAgHh9TQ8AAAAAeFICBwAAABBP
4AAAAADiCRwAAABAPIEDAAAAiCdwAAAAAPEEDgAAACCewAEAAADEEzgAAACAeAIHAAAAEE/gAAAA
AOIJHAAAAEA8gQMAAACIJ3AAAAAA8QQOAAAAIJ7AAQAAAMQTOAAAAIB4AgcAAAAQT+AAAAAA4gkc
AAAAQDyBAwAAAIgncAAAAADxBA4AAAAgnsABAAAAxBM4AAAAgHgCBwAAABBP4AAAAADiCRwAAABA
PIEDAAAAiCdwAAAAAPEEDgAAACCewAEAAADEEzgAAACAeAIHAAAAEE/gAAAAAOIJHAAAAEA8gQMA
AACIJ3AAAAAA8QQOAAAAIJ7AAQAAAMQTOAAAAIB4/weAxqtXXng4fAAAAABJRU5ErkJggg==
" width="800px"&gt;</msg>
<doc>Takes a screenshot of the current page and embeds it into the log.</doc>
<status status="PASS" start="2024-02-15T23:36:17.995622" elapsed="0.887883"/>
</kw>
<msg time="2024-02-15T23:36:18.883505" level="INFO">xpath criteria: //android.widget.TextView[@resource-id="com.example.myapplication:id/textView"]
xpath criteria: //android.widget.TextView[@resource-id="com.example.myapplication:id/textView"]
xpath criteria: //android.widget.TextView[@resource-id="com.example.myapplication:id/textView"]
xpath criteria: //android.widget.TextView[@resource-id="com.example.myapplication:id/textView"]
xpath criteria: //android.widget.TextView[@resource-id="com.example.myapplication:id/textView"]
xpath criteria: //android.widget.TextView[@resource-id="com.example.myapplication:id/textView"]
xpath criteria: //android.widget.TextView[@resource-id="com.example.myapplication:id/textView"]
xpath criteria: //android.widget.TextView[@resource-id="com.example.myapplication:id/textView"]
xpath criteria: //android.widget.TextView[@resource-id="com.example.myapplication:id/textView"]
xpath criteria: //android.widget.TextView[@resource-id="com.example.myapplication:id/textView"]</msg>
<msg time="2024-02-15T23:36:18.883505" level="FAIL">Element locator '//android.widget.TextView[@resource-id="com.example.myapplication:id/textView"]' did not match any elements after 5 seconds</msg>
<arg>${text_view}</arg>
<doc>Waits until element specified with `locator` is visible.</doc>
<status status="FAIL" start="2024-02-15T23:36:12.735496" elapsed="6.149929">Element locator '//android.widget.TextView[@resource-id="com.example.myapplication:id/textView"]' did not match any elements after 5 seconds</status>
</kw>
<status status="FAIL" start="2024-02-15T23:36:12.734493" elapsed="6.151003">Element locator '//android.widget.TextView[@resource-id="com.example.myapplication:id/textView"]' did not match any elements after 5 seconds</status>
</kw>
<kw name="Click Home Button search" owner="search-page">
<status status="NOT RUN" start="2024-02-15T23:36:18.886498" elapsed="0.000000"/>
</kw>
<kw name="Input Invalid Flight Number" owner="search-page">
<status status="NOT RUN" start="2024-02-15T23:36:18.886844" elapsed="0.000652"/>
</kw>
<kw name="Click Search Button" owner="search-page">
<status status="NOT RUN" start="2024-02-15T23:36:18.887651" elapsed="0.000000"/>
</kw>
<kw name="Verify To Enter Valid Flight Number" owner="search-page">
<status status="NOT RUN" start="2024-02-15T23:36:18.888564" elapsed="0.000000"/>
</kw>
<kw name="Close Application" owner="AppiumLibrary">
<doc>Closes the current application and also close webdriver session.</doc>
<status status="NOT RUN" start="2024-02-15T23:36:18.889740" elapsed="0.000000"/>
</kw>
<status status="FAIL" start="2024-02-15T23:35:27.834844" elapsed="51.056084">Element locator '//android.widget.TextView[@resource-id="com.example.myapplication:id/textView"]' did not match any elements after 5 seconds</status>
</test>
<status status="FAIL" start="2024-02-15T23:34:18.057373" elapsed="120.835867"/>
</suite>
<statistics>
<total>
<stat pass="0" fail="2" skip="0">All Tests</stat>
</total>
<tag>
</tag>
<suite>
<stat pass="0" fail="2" skip="0" id="s1" name="Search">Search</stat>
</suite>
</statistics>
<errors>
</errors>
</robot>
