<?xml version="1.0" encoding="UTF-8"?>
<robot generator="Robot 7.0 (Python 3.12.1 on win32)" generated="2024-02-14T12:10:16.317153" rpa="false" schemaversion="5">
<suite id="s1" name="basicScript" source="C:\Users\Anam\Desktop\Sanber53-Robot-Kelompok9\Day-1\basicScript.robot">
<test id="s1-t1" name="Login with Invalid Data" line="37">
<kw name="Open Flight Application">
<kw name="Open Application" owner="AppiumLibrary">
<arg>remote_url=${REMOTE_URL}</arg>
<arg>platformName=${PLATFORM_NAME}</arg>
<arg>platformVersion=12.0</arg>
<arg>deviceName=emulator-5554</arg>
<arg>appPackage=com.example.myapplication</arg>
<arg>appActivity=com.example.myapplication.MainActivity</arg>
<doc>Opens a new application to given Appium server.
Capabilities of appium server, Android and iOS,
Please check https://github.com/appium/appium/blob/master/docs/en/writing-running-appium/server-args.md
| *Option*            | *Man.* | *Description*     |
| remote_url          | Yes    | Appium server url |
| alias               | no     | alias             |
| strict_ssl          | No     | allows you to send commands to an invalid certificate host like a self-signed one. |</doc>
<status status="PASS" start="2024-02-14T12:10:16.550369" elapsed="7.840569"/>
</kw>
<status status="PASS" start="2024-02-14T12:10:16.549369" elapsed="7.841569"/>
</kw>
<kw name="Click Sign In Button On Home Page">
<kw name="Click Element" owner="AppiumLibrary">
<msg time="2024-02-14T12:10:24.391939" level="INFO">Clicking element '//android.widget.Button[@resource-id="com.example.myapplication:id/login"]'.</msg>
<msg time="2024-02-14T12:10:25.234345" level="INFO">xpath criteria: //android.widget.Button[@resource-id="com.example.myapplication:id/login"]</msg>
<arg>locator=//android.widget.Button[@resource-id="com.example.myapplication:id/login"]</arg>
<doc>Click element identified by `locator`.</doc>
<status status="PASS" start="2024-02-14T12:10:24.390938" elapsed="0.843407"/>
</kw>
<status status="PASS" start="2024-02-14T12:10:24.390938" elapsed="0.843407"/>
</kw>
<kw name="Input Username">
<kw name="Wait Until Element Is Visible" owner="AppiumLibrary">
<msg time="2024-02-14T12:10:25.842133" level="INFO">xpath criteria: //android.widget.EditText[@resource-id="com.example.myapplication:id/username"]
xpath criteria: //android.widget.EditText[@resource-id="com.example.myapplication:id/username"]</msg>
<arg>locator=//android.widget.EditText[@resource-id="com.example.myapplication:id/username"]</arg>
<doc>Waits until element specified with `locator` is visible.</doc>
<status status="PASS" start="2024-02-14T12:10:25.234345" elapsed="0.607788"/>
</kw>
<kw name="Input Text" owner="AppiumLibrary">
<msg time="2024-02-14T12:10:25.843133" level="INFO">Typing text 'TestUser' into text field '//android.widget.EditText[@resource-id="com.example.myapplication:id/username"]'</msg>
<msg time="2024-02-14T12:10:25.891144" level="INFO">xpath criteria: //android.widget.EditText[@resource-id="com.example.myapplication:id/username"]</msg>
<arg>locator=//android.widget.EditText[@resource-id="com.example.myapplication:id/username"]</arg>
<arg>text=TestUser</arg>
<doc>Types the given `text` into text field identified by `locator`.</doc>
<status status="PASS" start="2024-02-14T12:10:25.842133" elapsed="0.049011"/>
</kw>
<status status="PASS" start="2024-02-14T12:10:25.234345" elapsed="0.656799"/>
</kw>
<kw name="Input Password">
<kw name="Input Text" owner="AppiumLibrary">
<msg time="2024-02-14T12:10:25.892144" level="INFO">Typing text 'TestPassword' into text field '//android.widget.EditText[@resource-id="com.example.myapplication:id/password"]'</msg>
<msg time="2024-02-14T12:10:26.396944" level="INFO">xpath criteria: //android.widget.EditText[@resource-id="com.example.myapplication:id/password"]</msg>
<arg>locator=//android.widget.EditText[@resource-id="com.example.myapplication:id/password"]</arg>
<arg>text=TestPassword</arg>
<doc>Types the given `text` into text field identified by `locator`.</doc>
<status status="PASS" start="2024-02-14T12:10:25.891144" elapsed="0.505800"/>
</kw>
<status status="PASS" start="2024-02-14T12:10:25.891144" elapsed="0.505800"/>
</kw>
<kw name="Click Sign In Button On Login Page">
<kw name="Click Element" owner="AppiumLibrary">
<msg time="2024-02-14T12:10:26.397944" level="INFO">Clicking element '//android.widget.Button[@resource-id="com.example.myapplication:id/signIn"]'.</msg>
<msg time="2024-02-14T12:10:26.951261" level="INFO">xpath criteria: //android.widget.Button[@resource-id="com.example.myapplication:id/signIn"]</msg>
<arg>locator=//android.widget.Button[@resource-id="com.example.myapplication:id/signIn"]</arg>
<doc>Click element identified by `locator`.</doc>
<status status="PASS" start="2024-02-14T12:10:26.396944" elapsed="0.554317"/>
</kw>
<status status="PASS" start="2024-02-14T12:10:26.396944" elapsed="0.554317"/>
</kw>
<kw name="Verify User Is Fail To Logged In">
<kw name="Wait Until Page Contains" owner="AppiumLibrary">
<arg>text=Invalid username/password</arg>
<doc>Waits until `text` appears on current page.</doc>
<status status="PASS" start="2024-02-14T12:10:26.952260" elapsed="0.061014"/>
</kw>
<status status="PASS" start="2024-02-14T12:10:26.952260" elapsed="0.061014"/>
</kw>
<kw name="Close Flight Application">
<kw name="Close Application" owner="AppiumLibrary">
<doc>Closes the current application and also close webdriver session.</doc>
<status status="PASS" start="2024-02-14T12:10:27.014275" elapsed="0.372759"/>
</kw>
<status status="PASS" start="2024-02-14T12:10:27.013274" elapsed="0.373760"/>
</kw>
<status status="PASS" start="2024-02-14T12:10:16.549369" elapsed="10.837665"/>
</test>
<status status="PASS" start="2024-02-14T12:10:16.318153" elapsed="11.069882"/>
</suite>
<statistics>
<total>
<stat pass="1" fail="0" skip="0">All Tests</stat>
</total>
<tag>
</tag>
<suite>
<stat pass="1" fail="0" skip="0" id="s1" name="basicScript">basicScript</stat>
</suite>
</statistics>
<errors>
</errors>
</robot>
