<?xml version="1.0" encoding="UTF-8"?>
<robot generator="Robot 7.0 (Python 3.12.1 on win32)" generated="2024-02-16T00:57:47.401838" rpa="false" schemaversion="5">
<suite id="s1" name="Search" source="C:\Users\anamk\Desktop\Sanber53-Robot-Kelompok9\Day-2\Suites\search\search.robot">
<test id="s1-t1" name="Valid Search" line="7">
<kw name="Open Flight Application" owner="base">
<kw name="Open Application" owner="AppiumLibrary">
<arg>remote_url=${REMOTE_URL}</arg>
<arg>platformName=${PLATFORM_NAME}</arg>
<arg>platformVersion=${PLATFORM_VERSION}</arg>
<arg>deviceName=${DEVICE_NAME}</arg>
<arg>appPackage=com.example.myapplication</arg>
<arg>appActivity=com.example.myapplication.MainActivity</arg>
<doc>Opens a new application to given Appium server.
Capabilities of appium server, Android and iOS,
Please check https://github.com/appium/appium/blob/master/docs/en/writing-running-appium/server-args.md
| *Option*            | *Man.* | *Description*     |
| remote_url          | Yes    | Appium server url |
| alias               | no     | alias             |
| strict_ssl          | No     | allows you to send commands to an invalid certificate host like a self-signed one. |</doc>
<status status="PASS" start="2024-02-16T00:57:47.929544" elapsed="33.982659"/>
</kw>
<status status="PASS" start="2024-02-16T00:57:47.927552" elapsed="33.985652"/>
</kw>
<kw name="Click Sign In Button On Home Page" owner="home-page">
<kw name="Click Element" owner="AppiumLibrary">
<msg time="2024-02-16T00:58:21.920181" level="INFO">Clicking element '//android.widget.Button[@resource-id="com.example.myapplication:id/login"]'.</msg>
<msg time="2024-02-16T00:58:25.653181" level="INFO">xpath criteria: //android.widget.Button[@resource-id="com.example.myapplication:id/login"]</msg>
<arg>locator=${login_btn}</arg>
<doc>Click element identified by `locator`.</doc>
<status status="PASS" start="2024-02-16T00:58:21.916195" elapsed="3.737983"/>
</kw>
<status status="PASS" start="2024-02-16T00:58:21.915194" elapsed="3.738984"/>
</kw>
<kw name="Input Username" owner="login-page">
<kw name="Wait Until Element Is Visible" owner="AppiumLibrary">
<msg time="2024-02-16T00:58:28.771784" level="INFO">xpath criteria: //android.widget.EditText[@resource-id="com.example.myapplication:id/username"]
xpath criteria: //android.widget.EditText[@resource-id="com.example.myapplication:id/username"]</msg>
<arg>locator=${username_input}</arg>
<doc>Waits until element specified with `locator` is visible.</doc>
<status status="PASS" start="2024-02-16T00:58:25.661160" elapsed="3.110624"/>
</kw>
<kw name="Input Text" owner="AppiumLibrary">
<msg time="2024-02-16T00:58:28.777768" level="INFO">Typing text 'support@ngendigital.com' into text field '//android.widget.EditText[@resource-id="com.example.myapplication:id/username"]'</msg>
<msg time="2024-02-16T00:58:29.720325" level="INFO">xpath criteria: //android.widget.EditText[@resource-id="com.example.myapplication:id/username"]</msg>
<arg>locator=${username_input}</arg>
<arg>text=support@ngendigital.com</arg>
<doc>Types the given `text` into text field identified by `locator`.</doc>
<status status="PASS" start="2024-02-16T00:58:28.772781" elapsed="0.947544"/>
</kw>
<status status="PASS" start="2024-02-16T00:58:25.660168" elapsed="4.060157"/>
</kw>
<kw name="Input Password" owner="login-page">
<kw name="Input Text" owner="AppiumLibrary">
<msg time="2024-02-16T00:58:29.727305" level="INFO">Typing text 'abc123' into text field '//android.widget.EditText[@resource-id="com.example.myapplication:id/password"]'</msg>
<msg time="2024-02-16T00:58:30.562504" level="INFO">xpath criteria: //android.widget.EditText[@resource-id="com.example.myapplication:id/password"]</msg>
<arg>locator=${password_input}</arg>
<arg>text=abc123</arg>
<doc>Types the given `text` into text field identified by `locator`.</doc>
<status status="PASS" start="2024-02-16T00:58:29.723316" elapsed="0.839188"/>
</kw>
<status status="PASS" start="2024-02-16T00:58:29.722319" elapsed="0.840185"/>
</kw>
<kw name="Click Sign In Button On Login Page" owner="login-page">
<kw name="Click Element" owner="AppiumLibrary">
<msg time="2024-02-16T00:58:30.570478" level="INFO">Clicking element '//android.widget.Button[@resource-id="com.example.myapplication:id/signIn"]'.</msg>
<msg time="2024-02-16T00:58:31.563982" level="INFO">xpath criteria: //android.widget.Button[@resource-id="com.example.myapplication:id/signIn"]</msg>
<arg>locator=//android.widget.Button[@resource-id="com.example.myapplication:id/signIn"]</arg>
<doc>Click element identified by `locator`.</doc>
<status status="PASS" start="2024-02-16T00:58:30.565492" elapsed="0.999485"/>
</kw>
<status status="PASS" start="2024-02-16T00:58:30.564498" elapsed="1.000479"/>
</kw>
<kw name="Verify User Success To Logged In" owner="login-page">
<kw name="Wait Until Element Is Visible" owner="AppiumLibrary">
<msg time="2024-02-16T00:58:33.095263" level="INFO">xpath criteria: //android.widget.TextView[@resource-id="com.example.myapplication:id/textView"]
xpath criteria: //android.widget.TextView[@resource-id="com.example.myapplication:id/textView"]</msg>
<arg>${text_view}</arg>
<doc>Waits until element specified with `locator` is visible.</doc>
<status status="PASS" start="2024-02-16T00:58:31.566975" elapsed="1.529281"/>
</kw>
<status status="PASS" start="2024-02-16T00:58:31.566975" elapsed="1.529281"/>
</kw>
<kw name="Click Home Button search" owner="search-page">
<kw name="Wait Until Element Is Visible" owner="AppiumLibrary">
<msg time="2024-02-16T00:58:33.323817" level="INFO">xpath criteria: //android.widget.Button[@resource-id="com.example.myapplication:id/search_flight"]</msg>
<arg>locator=${search_btn}</arg>
<doc>Waits until element specified with `locator` is visible.</doc>
<status status="PASS" start="2024-02-16T00:58:33.098252" elapsed="0.225565"/>
</kw>
<kw name="Click Element" owner="AppiumLibrary">
<msg time="2024-02-16T00:58:33.328333" level="INFO">Clicking element '//android.widget.Button[@resource-id="com.example.myapplication:id/search_flight"]'.</msg>
<msg time="2024-02-16T00:58:33.654218" level="INFO">xpath criteria: //android.widget.Button[@resource-id="com.example.myapplication:id/search_flight"]</msg>
<arg>locator=${search_btn}</arg>
<doc>Click element identified by `locator`.</doc>
<status status="PASS" start="2024-02-16T00:58:33.324816" elapsed="0.329402"/>
</kw>
<status status="PASS" start="2024-02-16T00:58:33.098252" elapsed="0.555966"/>
</kw>
<kw name="Input Flight Number" owner="search-page">
<kw name="Wait Until Element Is Visible" owner="AppiumLibrary">
<msg time="2024-02-16T00:58:36.178545" level="INFO">xpath criteria: //android.widget.EditText[@resource-id="com.example.myapplication:id/flight_number"]
xpath criteria: //android.widget.EditText[@resource-id="com.example.myapplication:id/flight_number"]</msg>
<arg>locator=//android.widget.EditText[@resource-id="com.example.myapplication:id/flight_number"]</arg>
<doc>Waits until element specified with `locator` is visible.</doc>
<status status="PASS" start="2024-02-16T00:58:33.656218" elapsed="2.522327"/>
</kw>
<kw name="Input Text" owner="AppiumLibrary">
<msg time="2024-02-16T00:58:36.182536" level="INFO">Typing text 'DA935' into text field '//android.widget.EditText[@resource-id="com.example.myapplication:id/flight_number"]'</msg>
<msg time="2024-02-16T00:58:36.495364" level="INFO">xpath criteria: //android.widget.EditText[@resource-id="com.example.myapplication:id/flight_number"]</msg>
<arg>locator=//android.widget.EditText[@resource-id="com.example.myapplication:id/flight_number"]</arg>
<arg>text=DA935</arg>
<doc>Types the given `text` into text field identified by `locator`.</doc>
<status status="PASS" start="2024-02-16T00:58:36.178545" elapsed="0.317821"/>
</kw>
<status status="PASS" start="2024-02-16T00:58:33.656218" elapsed="2.840148"/>
</kw>
<kw name="Click Search Button" owner="search-page">
<kw name="Click Element" owner="AppiumLibrary">
<msg time="2024-02-16T00:58:36.503347" level="INFO">Clicking element '//android.widget.Button[@resource-id="com.example.myapplication:id/searchFlight"]'.</msg>
<msg time="2024-02-16T00:58:37.182221" level="INFO">xpath criteria: //android.widget.Button[@resource-id="com.example.myapplication:id/searchFlight"]</msg>
<arg>locator=//android.widget.Button[@resource-id="com.example.myapplication:id/searchFlight"]</arg>
<doc>Click element identified by `locator`.</doc>
<status status="PASS" start="2024-02-16T00:58:36.500360" elapsed="0.681861"/>
</kw>
<status status="PASS" start="2024-02-16T00:58:36.498361" elapsed="0.684856"/>
</kw>
<kw name="Close Application" owner="AppiumLibrary">
<doc>Closes the current application and also close webdriver session.</doc>
<status status="PASS" start="2024-02-16T00:58:37.184214" elapsed="1.550510"/>
</kw>
<status status="PASS" start="2024-02-16T00:57:47.926553" elapsed="50.812164"/>
</test>
<test id="s1-t2" name="Invalid Search" line="19">
<kw name="Open Flight Application" owner="base">
<kw name="Open Application" owner="AppiumLibrary">
<arg>remote_url=${REMOTE_URL}</arg>
<arg>platformName=${PLATFORM_NAME}</arg>
<arg>platformVersion=${PLATFORM_VERSION}</arg>
<arg>deviceName=${DEVICE_NAME}</arg>
<arg>appPackage=com.example.myapplication</arg>
<arg>appActivity=com.example.myapplication.MainActivity</arg>
<doc>Opens a new application to given Appium server.
Capabilities of appium server, Android and iOS,
Please check https://github.com/appium/appium/blob/master/docs/en/writing-running-appium/server-args.md
| *Option*            | *Man.* | *Description*     |
| remote_url          | Yes    | Appium server url |
| alias               | no     | alias             |
| strict_ssl          | No     | allows you to send commands to an invalid certificate host like a self-signed one. |</doc>
<status status="PASS" start="2024-02-16T00:58:38.741708" elapsed="18.332524"/>
</kw>
<status status="PASS" start="2024-02-16T00:58:38.741708" elapsed="18.332524"/>
</kw>
<kw name="Click Sign In Button On Home Page" owner="home-page">
<kw name="Click Element" owner="AppiumLibrary">
<msg time="2024-02-16T00:58:57.080215" level="INFO">Clicking element '//android.widget.Button[@resource-id="com.example.myapplication:id/login"]'.</msg>
<msg time="2024-02-16T00:58:59.290369" level="INFO">xpath criteria: //android.widget.Button[@resource-id="com.example.myapplication:id/login"]</msg>
<arg>locator=${login_btn}</arg>
<doc>Click element identified by `locator`.</doc>
<status status="PASS" start="2024-02-16T00:58:57.076226" elapsed="2.214143"/>
</kw>
<status status="PASS" start="2024-02-16T00:58:57.075229" elapsed="2.216135"/>
</kw>
<kw name="Input Username" owner="login-page">
<kw name="Wait Until Element Is Visible" owner="AppiumLibrary">
<msg time="2024-02-16T00:59:01.424811" level="INFO">xpath criteria: //android.widget.EditText[@resource-id="com.example.myapplication:id/username"]
xpath criteria: //android.widget.EditText[@resource-id="com.example.myapplication:id/username"]</msg>
<arg>locator=${username_input}</arg>
<doc>Waits until element specified with `locator` is visible.</doc>
<status status="PASS" start="2024-02-16T00:58:59.292362" elapsed="2.132449"/>
</kw>
<kw name="Input Text" owner="AppiumLibrary">
<msg time="2024-02-16T00:59:01.429797" level="INFO">Typing text 'support@ngendigital.com' into text field '//android.widget.EditText[@resource-id="com.example.myapplication:id/username"]'</msg>
<msg time="2024-02-16T00:59:01.649218" level="INFO">xpath criteria: //android.widget.EditText[@resource-id="com.example.myapplication:id/username"]</msg>
<arg>locator=${username_input}</arg>
<arg>text=support@ngendigital.com</arg>
<doc>Types the given `text` into text field identified by `locator`.</doc>
<status status="PASS" start="2024-02-16T00:59:01.424811" elapsed="0.224407"/>
</kw>
<status status="PASS" start="2024-02-16T00:58:59.292362" elapsed="2.356856"/>
</kw>
<kw name="Input Password" owner="login-page">
<kw name="Input Text" owner="AppiumLibrary">
<msg time="2024-02-16T00:59:01.657190" level="INFO">Typing text 'abc123' into text field '//android.widget.EditText[@resource-id="com.example.myapplication:id/password"]'</msg>
<msg time="2024-02-16T00:59:02.368056" level="INFO">xpath criteria: //android.widget.EditText[@resource-id="com.example.myapplication:id/password"]</msg>
<arg>locator=${password_input}</arg>
<arg>text=abc123</arg>
<doc>Types the given `text` into text field identified by `locator`.</doc>
<status status="PASS" start="2024-02-16T00:59:01.652204" elapsed="0.715852"/>
</kw>
<status status="PASS" start="2024-02-16T00:59:01.652204" elapsed="0.715852"/>
</kw>
<kw name="Click Sign In Button On Login Page" owner="login-page">
<kw name="Click Element" owner="AppiumLibrary">
<msg time="2024-02-16T00:59:02.376033" level="INFO">Clicking element '//android.widget.Button[@resource-id="com.example.myapplication:id/signIn"]'.</msg>
<msg time="2024-02-16T00:59:03.108169" level="INFO">xpath criteria: //android.widget.Button[@resource-id="com.example.myapplication:id/signIn"]</msg>
<arg>locator=//android.widget.Button[@resource-id="com.example.myapplication:id/signIn"]</arg>
<doc>Click element identified by `locator`.</doc>
<status status="PASS" start="2024-02-16T00:59:02.372045" elapsed="0.736124"/>
</kw>
<status status="PASS" start="2024-02-16T00:59:02.371046" elapsed="0.737123"/>
</kw>
<kw name="Verify User Success To Logged In" owner="login-page">
<kw name="Wait Until Element Is Visible" owner="AppiumLibrary">
<msg time="2024-02-16T00:59:04.422568" level="INFO">xpath criteria: //android.widget.TextView[@resource-id="com.example.myapplication:id/textView"]
xpath criteria: //android.widget.TextView[@resource-id="com.example.myapplication:id/textView"]</msg>
<arg>${text_view}</arg>
<doc>Waits until element specified with `locator` is visible.</doc>
<status status="PASS" start="2024-02-16T00:59:03.114159" elapsed="1.309407"/>
</kw>
<status status="PASS" start="2024-02-16T00:59:03.114159" elapsed="1.309407"/>
</kw>
<kw name="Click Home Button search" owner="search-page">
<kw name="Wait Until Element Is Visible" owner="AppiumLibrary">
<msg time="2024-02-16T00:59:04.627542" level="INFO">xpath criteria: //android.widget.Button[@resource-id="com.example.myapplication:id/search_flight"]</msg>
<arg>locator=${search_btn}</arg>
<doc>Waits until element specified with `locator` is visible.</doc>
<status status="PASS" start="2024-02-16T00:59:04.425561" elapsed="0.201981"/>
</kw>
<kw name="Click Element" owner="AppiumLibrary">
<msg time="2024-02-16T00:59:04.632525" level="INFO">Clicking element '//android.widget.Button[@resource-id="com.example.myapplication:id/search_flight"]'.</msg>
<msg time="2024-02-16T00:59:04.996089" level="INFO">xpath criteria: //android.widget.Button[@resource-id="com.example.myapplication:id/search_flight"]</msg>
<arg>locator=${search_btn}</arg>
<doc>Click element identified by `locator`.</doc>
<status status="PASS" start="2024-02-16T00:59:04.627542" elapsed="0.368547"/>
</kw>
<status status="PASS" start="2024-02-16T00:59:04.425561" elapsed="0.570528"/>
</kw>
<kw name="Input Invalid Flight Number" owner="search-page">
<kw name="Wait Until Element Is Visible" owner="AppiumLibrary">
<msg time="2024-02-16T00:59:06.844103" level="INFO">xpath criteria: //android.widget.EditText[@resource-id="com.example.myapplication:id/flight_number"]
xpath criteria: //android.widget.EditText[@resource-id="com.example.myapplication:id/flight_number"]</msg>
<arg>locator=//android.widget.EditText[@resource-id="com.example.myapplication:id/flight_number"]</arg>
<doc>Waits until element specified with `locator` is visible.</doc>
<status status="PASS" start="2024-02-16T00:59:04.998615" elapsed="1.846487"/>
</kw>
<kw name="Input Text" owner="AppiumLibrary">
<msg time="2024-02-16T00:59:06.849090" level="INFO">Typing text 'ABCDE' into text field '//android.widget.EditText[@resource-id="com.example.myapplication:id/flight_number"]'</msg>
<msg time="2024-02-16T00:59:07.036589" level="INFO">xpath criteria: //android.widget.EditText[@resource-id="com.example.myapplication:id/flight_number"]</msg>
<arg>locator=//android.widget.EditText[@resource-id="com.example.myapplication:id/flight_number"]</arg>
<arg>text=ABCDE</arg>
<doc>Types the given `text` into text field identified by `locator`.</doc>
<status status="PASS" start="2024-02-16T00:59:06.845102" elapsed="0.192484"/>
</kw>
<status status="PASS" start="2024-02-16T00:59:04.997091" elapsed="2.040495"/>
</kw>
<kw name="Click Search Button" owner="search-page">
<kw name="Click Element" owner="AppiumLibrary">
<msg time="2024-02-16T00:59:07.047559" level="INFO">Clicking element '//android.widget.Button[@resource-id="com.example.myapplication:id/searchFlight"]'.</msg>
<msg time="2024-02-16T00:59:07.703436" level="INFO">xpath criteria: //android.widget.Button[@resource-id="com.example.myapplication:id/searchFlight"]</msg>
<arg>locator=//android.widget.Button[@resource-id="com.example.myapplication:id/searchFlight"]</arg>
<doc>Click element identified by `locator`.</doc>
<status status="PASS" start="2024-02-16T00:59:07.043574" elapsed="0.659862"/>
</kw>
<status status="PASS" start="2024-02-16T00:59:07.042573" elapsed="0.660863"/>
</kw>
<kw name="Verify To Enter Valid Flight Number" owner="search-page">
<kw name="Wait Until Page Contains" owner="AppiumLibrary">
<arg>${toast}</arg>
<doc>Waits until `text` appears on current page.</doc>
<status status="PASS" start="2024-02-16T00:59:07.709423" elapsed="0.602939"/>
</kw>
<status status="PASS" start="2024-02-16T00:59:07.708421" elapsed="0.603941"/>
</kw>
<kw name="Close Application" owner="AppiumLibrary">
<doc>Closes the current application and also close webdriver session.</doc>
<status status="PASS" start="2024-02-16T00:59:08.314352" elapsed="1.617813"/>
</kw>
<status status="PASS" start="2024-02-16T00:58:38.739715" elapsed="31.197451"/>
</test>
<status status="PASS" start="2024-02-16T00:57:47.405826" elapsed="82.542293"/>
</suite>
<statistics>
<total>
<stat pass="2" fail="0" skip="0">All Tests</stat>
</total>
<tag>
</tag>
<suite>
<stat pass="2" fail="0" skip="0" id="s1" name="Search">Search</stat>
</suite>
</statistics>
<errors>
</errors>
</robot>
