<?xml version="1.0" encoding="UTF-8"?>
<robot generator="Robot 7.0 (Python 3.11.3 on win32)" generated="2024-02-19T12:11:38.906973" rpa="false" schemaversion="5">
<suite id="s1" name="Book-Oneway" source="E:\QA Sanbercode\Sanber53-Robot-Kelompok9-anam\FlightApp\suites\book\book-oneway.robot">
<test id="s1-t1" name="Book Oneway Flight Only Blank Fill Start-date" line="10">
<kw name="Open Flight Application" owner="base" type="SETUP">
<kw name="Open Application" owner="AppiumLibrary">
<arg>remote_url=${REMOTE_URL}</arg>
<arg>platformName=${PLATFORM_NAME}</arg>
<arg>platformVersion=${PLATFORM_VERSION}</arg>
<arg>deviceName=${DEVICE_NAME}</arg>
<arg>appPackage=com.example.myapplication</arg>
<arg>appActivity=com.example.myapplication.MainActivity</arg>
<doc>Opens a new application to given Appium server.
Capabilities of appium server, Android and iOS,
Please check https://github.com/appium/appium/blob/master/docs/en/writing-running-appium/server-args.md
| *Option*            | *Man.* | *Description*     |
| remote_url          | Yes    | Appium server url |
| alias               | no     | alias             |
| strict_ssl          | No     | allows you to send commands to an invalid certificate host like a self-signed one. |</doc>
<status status="PASS" start="2024-02-19T12:11:40.292957" elapsed="24.022440"/>
</kw>
<status status="PASS" start="2024-02-19T12:11:40.289961" elapsed="24.025436"/>
</kw>
<kw name="Click Sign In Button On Home Page" owner="home-page">
<kw name="Click Element" owner="AppiumLibrary">
<msg time="2024-02-19T12:12:04.333397" level="INFO">Clicking element '//android.widget.Button[@resource-id="com.example.myapplication:id/login"]'.</msg>
<msg time="2024-02-19T12:12:05.810445" level="INFO">xpath criteria: //android.widget.Button[@resource-id="com.example.myapplication:id/login"]</msg>
<arg>locator=${login_btn}</arg>
<doc>Click element identified by `locator`.</doc>
<status status="PASS" start="2024-02-19T12:12:04.324397" elapsed="1.486048"/>
</kw>
<status status="PASS" start="2024-02-19T12:12:04.322399" elapsed="1.488046"/>
</kw>
<kw name="Input Username" owner="login-page">
<kw name="Wait Until Element Is Visible" owner="AppiumLibrary">
<msg time="2024-02-19T12:12:07.689463" level="INFO">xpath criteria: //android.widget.EditText[@resource-id="com.example.myapplication:id/username"]</msg>
<arg>locator=${username_input}</arg>
<doc>Waits until element specified with `locator` is visible.</doc>
<status status="PASS" start="2024-02-19T12:12:05.814442" elapsed="1.875021"/>
</kw>
<kw name="Input Text" owner="AppiumLibrary">
<msg time="2024-02-19T12:12:07.699465" level="INFO">Typing text 'support@ngendigital.com' into text field '//android.widget.EditText[@resource-id="com.example.myapplication:id/username"]'</msg>
<msg time="2024-02-19T12:12:07.964481" level="INFO">xpath criteria: //android.widget.EditText[@resource-id="com.example.myapplication:id/username"]</msg>
<arg>locator=${username_input}</arg>
<arg>text=support@ngendigital.com</arg>
<doc>Types the given `text` into text field identified by `locator`.</doc>
<status status="PASS" start="2024-02-19T12:12:07.690462" elapsed="0.274019"/>
</kw>
<status status="PASS" start="2024-02-19T12:12:05.813443" elapsed="2.151038"/>
</kw>
<kw name="Input Password" owner="login-page">
<kw name="Input Text" owner="AppiumLibrary">
<msg time="2024-02-19T12:12:07.979477" level="INFO">Typing text 'abc123' into text field '//android.widget.EditText[@resource-id="com.example.myapplication:id/password"]'</msg>
<msg time="2024-02-19T12:12:08.631460" level="INFO">xpath criteria: //android.widget.EditText[@resource-id="com.example.myapplication:id/password"]</msg>
<arg>locator=${password_input}</arg>
<arg>text=abc123</arg>
<doc>Types the given `text` into text field identified by `locator`.</doc>
<status status="PASS" start="2024-02-19T12:12:07.969479" elapsed="0.662979"/>
</kw>
<status status="PASS" start="2024-02-19T12:12:07.968479" elapsed="0.663979"/>
</kw>
<kw name="Click Sign In Button On Login Page" owner="login-page">
<kw name="Click Element" owner="AppiumLibrary">
<msg time="2024-02-19T12:12:08.650459" level="INFO">Clicking element '//android.widget.Button[@resource-id="com.example.myapplication:id/signIn"]'.</msg>
<msg time="2024-02-19T12:12:09.715551" level="INFO">xpath criteria: //android.widget.Button[@resource-id="com.example.myapplication:id/signIn"]</msg>
<arg>locator=${signin_button}</arg>
<doc>Click element identified by `locator`.</doc>
<status status="PASS" start="2024-02-19T12:12:08.641462" elapsed="1.074089"/>
</kw>
<status status="PASS" start="2024-02-19T12:12:08.640458" elapsed="1.075093"/>
</kw>
<kw name="Verify User Success To Logged In" owner="login-page">
<kw name="Wait Until Element Is Visible" owner="AppiumLibrary">
<msg time="2024-02-19T12:12:11.654129" level="INFO">xpath criteria: //android.widget.TextView[@resource-id="com.example.myapplication:id/textView"]
xpath criteria: //android.widget.TextView[@resource-id="com.example.myapplication:id/textView"]</msg>
<arg>${text_view}</arg>
<doc>Waits until element specified with `locator` is visible.</doc>
<status status="PASS" start="2024-02-19T12:12:09.720553" elapsed="1.934579"/>
</kw>
<status status="PASS" start="2024-02-19T12:12:09.719551" elapsed="1.935581"/>
</kw>
<kw name="Open Book" owner="book-oneway-page">
<kw name="Click Element" owner="AppiumLibrary">
<msg time="2024-02-19T12:12:11.670128" level="INFO">Clicking element '//android.widget.Button[@resource-id="com.example.myapplication:id/book"]'.</msg>
<msg time="2024-02-19T12:12:11.953627" level="INFO">xpath criteria: //android.widget.Button[@resource-id="com.example.myapplication:id/book"]</msg>
<arg>${book-button}</arg>
<doc>Click element identified by `locator`.</doc>
<status status="PASS" start="2024-02-19T12:12:11.660131" elapsed="0.293496"/>
</kw>
<status status="PASS" start="2024-02-19T12:12:11.660131" elapsed="0.293496"/>
</kw>
<kw name="Wait Until Element Is Visible" owner="AppiumLibrary">
<msg time="2024-02-19T12:12:14.497796" level="INFO">xpath criteria: //android.support.v7.app.ActionBar.Tab[@content-desc="One Way"]
xpath criteria: //android.support.v7.app.ActionBar.Tab[@content-desc="One Way"]</msg>
<arg>${one-way-action}</arg>
<doc>Waits until element specified with `locator` is visible.</doc>
<status status="PASS" start="2024-02-19T12:12:11.959624" elapsed="2.538172"/>
</kw>
<kw name="Choose One-way Flight" owner="book-oneway-page">
<kw name="Click Element" owner="AppiumLibrary">
<msg time="2024-02-19T12:12:14.513792" level="INFO">Clicking element '//android.support.v7.app.ActionBar.Tab[@content-desc="One Way"]'.</msg>
<msg time="2024-02-19T12:12:14.935812" level="INFO">xpath criteria: //android.support.v7.app.ActionBar.Tab[@content-desc="One Way"]</msg>
<arg>${one-way-action}</arg>
<doc>Click element identified by `locator`.</doc>
<status status="PASS" start="2024-02-19T12:12:14.504794" elapsed="0.432023"/>
</kw>
<status status="PASS" start="2024-02-19T12:12:14.502795" elapsed="0.434022"/>
</kw>
<kw name="Choose From City New York" owner="book-oneway-page">
<kw name="Click Element" owner="AppiumLibrary">
<msg time="2024-02-19T12:12:14.982808" level="INFO">Clicking element '//android.widget.Spinner[@resource-id="com.example.myapplication:id/spinnerFrom"]'.</msg>
<msg time="2024-02-19T12:12:16.170438" level="INFO">xpath criteria: //android.widget.Spinner[@resource-id="com.example.myapplication:id/spinnerFrom"]</msg>
<arg>${from-city-spinner}</arg>
<doc>Click element identified by `locator`.</doc>
<status status="PASS" start="2024-02-19T12:12:14.973813" elapsed="1.196625"/>
</kw>
<kw name="Wait Until Element Is Visible" owner="AppiumLibrary">
<msg time="2024-02-19T12:12:17.323857" level="INFO">xpath criteria: //android.widget.TextView[@resource-id="android:id/text1" and @text="New York"]</msg>
<arg>${newyork}</arg>
<doc>Waits until element specified with `locator` is visible.</doc>
<status status="PASS" start="2024-02-19T12:12:16.170438" elapsed="1.153419"/>
</kw>
<kw name="Click Element" owner="AppiumLibrary">
<msg time="2024-02-19T12:12:17.332858" level="INFO">Clicking element '//android.widget.TextView[@resource-id="android:id/text1" and @text="New York"]'.</msg>
<msg time="2024-02-19T12:12:18.918233" level="INFO">xpath criteria: //android.widget.TextView[@resource-id="android:id/text1" and @text="New York"]</msg>
<arg>${newyork}</arg>
<doc>Click element identified by `locator`.</doc>
<status status="PASS" start="2024-02-19T12:12:17.324859" elapsed="1.593374"/>
</kw>
<status status="PASS" start="2024-02-19T12:12:14.972812" elapsed="3.946422"/>
</kw>
<kw name="Choose To City London" owner="book-oneway-page">
<kw name="Click Element" owner="AppiumLibrary">
<msg time="2024-02-19T12:12:19.054751" level="INFO">Clicking element '//android.widget.Spinner[@resource-id="com.example.myapplication:id/spinnerTo"]'.</msg>
<msg time="2024-02-19T12:12:19.609743" level="INFO">xpath criteria: //android.widget.Spinner[@resource-id="com.example.myapplication:id/spinnerTo"]</msg>
<arg>${to-city-spinner}</arg>
<doc>Click element identified by `locator`.</doc>
<status status="PASS" start="2024-02-19T12:12:19.045222" elapsed="0.564521"/>
</kw>
<kw name="Wait Until Element Is Visible" owner="AppiumLibrary">
<msg time="2024-02-19T12:12:20.731580" level="INFO">xpath criteria: //android.widget.TextView[@resource-id="android:id/text1" and @text="London"]</msg>
<arg>${london}</arg>
<doc>Waits until element specified with `locator` is visible.</doc>
<status status="PASS" start="2024-02-19T12:12:19.609743" elapsed="1.121837"/>
</kw>
<kw name="Click Element" owner="AppiumLibrary">
<msg time="2024-02-19T12:12:20.743574" level="INFO">Clicking element '//android.widget.TextView[@resource-id="android:id/text1" and @text="London"]'.</msg>
<msg time="2024-02-19T12:12:21.748798" level="INFO">xpath criteria: //android.widget.TextView[@resource-id="android:id/text1" and @text="London"]</msg>
<arg>${london}</arg>
<doc>Click element identified by `locator`.</doc>
<status status="PASS" start="2024-02-19T12:12:20.732580" elapsed="1.019216"/>
</kw>
<status status="PASS" start="2024-02-19T12:12:19.043224" elapsed="2.708572"/>
</kw>
<kw name="Choose Class First" owner="book-oneway-page">
<kw name="Click Element" owner="AppiumLibrary">
<msg time="2024-02-19T12:12:21.780801" level="INFO">Clicking element '//android.widget.Spinner[@resource-id="com.example.myapplication:id/spinnerClass"]'.</msg>
<msg time="2024-02-19T12:12:22.097769" level="INFO">xpath criteria: //android.widget.Spinner[@resource-id="com.example.myapplication:id/spinnerClass"]</msg>
<arg>${class-spinner}</arg>
<doc>Click element identified by `locator`.</doc>
<status status="PASS" start="2024-02-19T12:12:21.771801" elapsed="0.325968"/>
</kw>
<kw name="Wait Until Element Is Visible" owner="AppiumLibrary">
<msg time="2024-02-19T12:12:23.202508" level="INFO">xpath criteria: //android.widget.TextView[@resource-id="android:id/text1" and @text="First"]</msg>
<arg>${first}</arg>
<doc>Waits until element specified with `locator` is visible.</doc>
<status status="PASS" start="2024-02-19T12:12:22.098767" elapsed="1.103741"/>
</kw>
<kw name="Click Element" owner="AppiumLibrary">
<msg time="2024-02-19T12:12:23.211497" level="INFO">Clicking element '//android.widget.TextView[@resource-id="android:id/text1" and @text="First"]'.</msg>
<msg time="2024-02-19T12:12:24.499388" level="INFO">xpath criteria: //android.widget.TextView[@resource-id="android:id/text1" and @text="First"]</msg>
<arg>${first}</arg>
<doc>Click element identified by `locator`.</doc>
<status status="PASS" start="2024-02-19T12:12:23.203499" elapsed="1.296891"/>
</kw>
<status status="PASS" start="2024-02-19T12:12:21.769796" elapsed="2.730594"/>
</kw>
<kw name="Choose End Date" owner="book-oneway-page">
<kw name="Click Element" owner="AppiumLibrary">
<msg time="2024-02-19T12:12:24.523391" level="INFO">Clicking element '//android.widget.TextView[@resource-id="com.example.myapplication:id/textEndDate"]'.</msg>
<msg time="2024-02-19T12:12:24.841362" level="INFO">xpath criteria: //android.widget.TextView[@resource-id="com.example.myapplication:id/textEndDate"]</msg>
<arg>${end-date}</arg>
<doc>Click element identified by `locator`.</doc>
<status status="PASS" start="2024-02-19T12:12:24.513387" elapsed="0.328972"/>
</kw>
<kw name="Wait Until Element Is Visible" owner="AppiumLibrary">
<msg time="2024-02-19T12:12:26.464820" level="INFO">xpath criteria: //android.widget.TextView[@resource-id="android:id/date_picker_header_year"]
xpath criteria: //android.widget.TextView[@resource-id="android:id/date_picker_header_year"]</msg>
<arg>${date-picker}</arg>
<doc>Waits until element specified with `locator` is visible.</doc>
<status status="PASS" start="2024-02-19T12:12:24.842359" elapsed="1.622461"/>
</kw>
<kw name="Click Element" owner="AppiumLibrary">
<msg time="2024-02-19T12:12:26.477818" level="INFO">Clicking element '//android.widget.TextView[@resource-id="android:id/date_picker_header_year"]'.</msg>
<msg time="2024-02-19T12:12:27.935217" level="INFO">xpath criteria: //android.widget.TextView[@resource-id="android:id/date_picker_header_year"]</msg>
<arg>${date-picker}</arg>
<doc>Click element identified by `locator`.</doc>
<status status="PASS" start="2024-02-19T12:12:26.465822" elapsed="1.469395"/>
</kw>
<kw name="Wait Until Element Is Visible" owner="AppiumLibrary">
<msg time="2024-02-19T12:12:28.371179" level="INFO">xpath criteria: //android.widget.TextView[@resource-id="android:id/text1" and @text="2024"]</msg>
<arg>${year-picker}</arg>
<doc>Waits until element specified with `locator` is visible.</doc>
<status status="PASS" start="2024-02-19T12:12:27.935217" elapsed="0.436963"/>
</kw>
<kw name="Click Element" owner="AppiumLibrary">
<msg time="2024-02-19T12:12:28.382176" level="INFO">Clicking element '//android.widget.TextView[@resource-id="android:id/text1" and @text="2024"]'.</msg>
<msg time="2024-02-19T12:12:29.699138" level="INFO">xpath criteria: //android.widget.TextView[@resource-id="android:id/text1" and @text="2024"]</msg>
<arg>${year-picker}</arg>
<doc>Click element identified by `locator`.</doc>
<status status="PASS" start="2024-02-19T12:12:28.372180" elapsed="1.326958"/>
</kw>
<kw name="Wait Until Element Is Visible" owner="AppiumLibrary">
<msg time="2024-02-19T12:12:30.183152" level="INFO">xpath criteria: //android.view.View[@content-desc="20 Agustus 2024"]</msg>
<arg>${20-aug}</arg>
<doc>Waits until element specified with `locator` is visible.</doc>
<status status="PASS" start="2024-02-19T12:12:29.700137" elapsed="0.483015"/>
</kw>
<kw name="Click Element" owner="AppiumLibrary">
<msg time="2024-02-19T12:12:30.192148" level="INFO">Clicking element '//android.view.View[@content-desc="20 Agustus 2024"]'.</msg>
<msg time="2024-02-19T12:12:31.294105" level="INFO">xpath criteria: //android.view.View[@content-desc="20 Agustus 2024"]</msg>
<arg>${20-aug}</arg>
<doc>Click element identified by `locator`.</doc>
<status status="PASS" start="2024-02-19T12:12:30.183152" elapsed="1.111955"/>
</kw>
<kw name="Click Element" owner="AppiumLibrary">
<msg time="2024-02-19T12:12:31.306105" level="INFO">Clicking element '//android.widget.Button[@resource-id="android:id/button1"]'.</msg>
<msg time="2024-02-19T12:12:31.784065" level="INFO">xpath criteria: //android.widget.Button[@resource-id="android:id/button1"]</msg>
<arg>${date-ok-button}</arg>
<doc>Click element identified by `locator`.</doc>
<status status="PASS" start="2024-02-19T12:12:31.295107" elapsed="0.489960"/>
</kw>
<status status="PASS" start="2024-02-19T12:12:24.512386" elapsed="7.272681"/>
</kw>
<kw name="Choose Flight Only" owner="book-oneway-page">
<kw name="Wait Until Element Is Visible" owner="AppiumLibrary">
<msg time="2024-02-19T12:12:32.641214" level="INFO">xpath criteria: //android.widget.RadioButton[@resource-id="com.example.myapplication:id/radioButtonFlight"]</msg>
<arg>${flight-radio-button}</arg>
<doc>Waits until element specified with `locator` is visible.</doc>
<status status="PASS" start="2024-02-19T12:12:31.796063" elapsed="0.845151"/>
</kw>
<kw name="Click Element" owner="AppiumLibrary">
<msg time="2024-02-19T12:12:32.651210" level="INFO">Clicking element '//android.widget.RadioButton[@resource-id="com.example.myapplication:id/radioButtonFlight"]'.</msg>
<msg time="2024-02-19T12:12:32.957224" level="INFO">xpath criteria: //android.widget.RadioButton[@resource-id="com.example.myapplication:id/radioButtonFlight"]</msg>
<arg>${flight-radio-button}</arg>
<doc>Click element identified by `locator`.</doc>
<status status="PASS" start="2024-02-19T12:12:32.641214" elapsed="0.316010"/>
</kw>
<status status="PASS" start="2024-02-19T12:12:31.794063" elapsed="1.163161"/>
</kw>
<kw name="Choose Checkbox Day" owner="book-oneway-page">
<kw name="Wait Until Element Is Visible" owner="AppiumLibrary">
<msg time="2024-02-19T12:12:34.114720" level="INFO">xpath criteria: //android.widget.CheckBox[@resource-id="com.example.myapplication:id/checkBoxDay"]</msg>
<arg>${checkbox-day}</arg>
<doc>Waits until element specified with `locator` is visible.</doc>
<status status="PASS" start="2024-02-19T12:12:32.968224" elapsed="1.147501"/>
</kw>
<kw name="Click Element" owner="AppiumLibrary">
<msg time="2024-02-19T12:12:34.125718" level="INFO">Clicking element '//android.widget.CheckBox[@resource-id="com.example.myapplication:id/checkBoxDay"]'.</msg>
<msg time="2024-02-19T12:12:34.483693" level="INFO">xpath criteria: //android.widget.CheckBox[@resource-id="com.example.myapplication:id/checkBoxDay"]</msg>
<arg>${checkbox-day}</arg>
<doc>Click element identified by `locator`.</doc>
<status status="PASS" start="2024-02-19T12:12:34.116721" elapsed="0.366972"/>
</kw>
<status status="PASS" start="2024-02-19T12:12:32.967222" elapsed="1.517469"/>
</kw>
<kw name="Click Book Button" owner="book-oneway-page">
<kw name="Click Element" owner="AppiumLibrary">
<msg time="2024-02-19T12:12:34.499688" level="INFO">Clicking element '//android.widget.Button[@resource-id="com.example.myapplication:id/book_flight"]'.</msg>
<msg time="2024-02-19T12:12:35.657028" level="INFO">xpath criteria: //android.widget.Button[@resource-id="com.example.myapplication:id/book_flight"]</msg>
<arg>${submit-book-button}</arg>
<doc>Click element identified by `locator`.</doc>
<status status="PASS" start="2024-02-19T12:12:34.490695" elapsed="1.166333"/>
</kw>
<status status="PASS" start="2024-02-19T12:12:34.489695" elapsed="1.167333"/>
</kw>
<kw name="Choose Price" owner="book-oneway-page">
<kw name="Wait Until Element Is Visible" owner="AppiumLibrary">
<msg time="2024-02-19T12:12:38.009170" level="INFO">xpath criteria: //android.widget.Button[@resource-id="com.example.myapplication:id/price9"]
xpath criteria: //android.widget.Button[@resource-id="com.example.myapplication:id/price9"]</msg>
<arg>${choose-price-button}</arg>
<doc>Waits until element specified with `locator` is visible.</doc>
<status status="PASS" start="2024-02-19T12:12:35.661029" elapsed="2.348141"/>
</kw>
<kw name="Click Element" owner="AppiumLibrary">
<msg time="2024-02-19T12:12:38.021173" level="INFO">Clicking element '//android.widget.Button[@resource-id="com.example.myapplication:id/price9"]'.</msg>
<msg time="2024-02-19T12:12:38.527653" level="INFO">xpath criteria: //android.widget.Button[@resource-id="com.example.myapplication:id/price9"]</msg>
<arg>${choose-price-button}</arg>
<doc>Click element identified by `locator`.</doc>
<status status="PASS" start="2024-02-19T12:12:38.010173" elapsed="0.517480"/>
</kw>
<status status="PASS" start="2024-02-19T12:12:35.660026" elapsed="2.867627"/>
</kw>
<kw name="Click Confirm Button" owner="book-oneway-page">
<kw name="Click Element" owner="AppiumLibrary">
<msg time="2024-02-19T12:12:38.549649" level="INFO">Clicking element '//android.widget.Button[@resource-id="com.example.myapplication:id/confirm_order"]'.</msg>
<msg time="2024-02-19T12:12:39.715783" level="INFO">xpath criteria: //android.widget.Button[@resource-id="com.example.myapplication:id/confirm_order"]</msg>
<arg>${confirm-button}</arg>
<doc>Click element identified by `locator`.</doc>
<status status="PASS" start="2024-02-19T12:12:38.540651" elapsed="1.175132"/>
</kw>
<status status="PASS" start="2024-02-19T12:12:38.539650" elapsed="1.177133"/>
</kw>
<kw name="Wait Until Page Contains Element" owner="AppiumLibrary">
<msg time="2024-02-19T12:12:41.382180" level="INFO">xpath criteria: //*[contains(@text, "Your flight is booked. Reservation number is CADX2214")]</msg>
<arg>xpath=//*[contains(@text, "Your flight is booked. Reservation number is CADX2214")]</arg>
<doc>Waits until element specified with `locator` appears on current page.</doc>
<status status="PASS" start="2024-02-19T12:12:39.721783" elapsed="1.660397"/>
</kw>
<kw name="Close Flight Application" owner="base" type="TEARDOWN">
<kw name="Close Application" owner="AppiumLibrary">
<doc>Closes the current application and also close webdriver session.</doc>
<status status="PASS" start="2024-02-19T12:12:41.428176" elapsed="2.913604"/>
</kw>
<status status="PASS" start="2024-02-19T12:12:41.426172" elapsed="2.916145"/>
</kw>
<status status="PASS" start="2024-02-19T12:11:40.287960" elapsed="64.076977"/>
</test>
<test id="s1-t2" name="Book Oneway Flight Only Blank Fill End-date" line="31">
<kw name="Open Flight Application" owner="base" type="SETUP">
<kw name="Open Application" owner="AppiumLibrary">
<arg>remote_url=${REMOTE_URL}</arg>
<arg>platformName=${PLATFORM_NAME}</arg>
<arg>platformVersion=${PLATFORM_VERSION}</arg>
<arg>deviceName=${DEVICE_NAME}</arg>
<arg>appPackage=com.example.myapplication</arg>
<arg>appActivity=com.example.myapplication.MainActivity</arg>
<doc>Opens a new application to given Appium server.
Capabilities of appium server, Android and iOS,
Please check https://github.com/appium/appium/blob/master/docs/en/writing-running-appium/server-args.md
| *Option*            | *Man.* | *Description*     |
| remote_url          | Yes    | Appium server url |
| alias               | no     | alias             |
| strict_ssl          | No     | allows you to send commands to an invalid certificate host like a self-signed one. |</doc>
<status status="PASS" start="2024-02-19T12:12:44.370939" elapsed="20.140256"/>
</kw>
<status status="PASS" start="2024-02-19T12:12:44.369938" elapsed="20.141257"/>
</kw>
<kw name="Click Sign In Button On Home Page" owner="home-page">
<kw name="Click Element" owner="AppiumLibrary">
<msg time="2024-02-19T12:13:04.534199" level="INFO">Clicking element '//android.widget.Button[@resource-id="com.example.myapplication:id/login"]'.</msg>
<msg time="2024-02-19T12:13:05.858716" level="INFO">xpath criteria: //android.widget.Button[@resource-id="com.example.myapplication:id/login"]</msg>
<arg>locator=${login_btn}</arg>
<doc>Click element identified by `locator`.</doc>
<status status="PASS" start="2024-02-19T12:13:04.525199" elapsed="1.333517"/>
</kw>
<status status="PASS" start="2024-02-19T12:13:04.524195" elapsed="1.335519"/>
</kw>
<kw name="Input Username" owner="login-page">
<kw name="Wait Until Element Is Visible" owner="AppiumLibrary">
<msg time="2024-02-19T12:13:07.991867" level="INFO">xpath criteria: //android.widget.EditText[@resource-id="com.example.myapplication:id/username"]
xpath criteria: //android.widget.EditText[@resource-id="com.example.myapplication:id/username"]</msg>
<arg>locator=${username_input}</arg>
<doc>Waits until element specified with `locator` is visible.</doc>
<status status="PASS" start="2024-02-19T12:13:05.869714" elapsed="2.122153"/>
</kw>
<kw name="Input Text" owner="AppiumLibrary">
<msg time="2024-02-19T12:13:08.001861" level="INFO">Typing text 'support@ngendigital.com' into text field '//android.widget.EditText[@resource-id="com.example.myapplication:id/username"]'</msg>
<msg time="2024-02-19T12:13:08.250845" level="INFO">xpath criteria: //android.widget.EditText[@resource-id="com.example.myapplication:id/username"]</msg>
<arg>locator=${username_input}</arg>
<arg>text=support@ngendigital.com</arg>
<doc>Types the given `text` into text field identified by `locator`.</doc>
<status status="PASS" start="2024-02-19T12:13:07.992865" elapsed="0.257980"/>
</kw>
<status status="PASS" start="2024-02-19T12:13:05.868712" elapsed="2.383132"/>
</kw>
<kw name="Input Password" owner="login-page">
<kw name="Input Text" owner="AppiumLibrary">
<msg time="2024-02-19T12:13:08.283841" level="INFO">Typing text 'abc123' into text field '//android.widget.EditText[@resource-id="com.example.myapplication:id/password"]'</msg>
<msg time="2024-02-19T12:13:08.956309" level="INFO">xpath criteria: //android.widget.EditText[@resource-id="com.example.myapplication:id/password"]</msg>
<arg>locator=${password_input}</arg>
<arg>text=abc123</arg>
<doc>Types the given `text` into text field identified by `locator`.</doc>
<status status="PASS" start="2024-02-19T12:13:08.271842" elapsed="0.684467"/>
</kw>
<status status="PASS" start="2024-02-19T12:13:08.270840" elapsed="0.685469"/>
</kw>
<kw name="Click Sign In Button On Login Page" owner="login-page">
<kw name="Click Element" owner="AppiumLibrary">
<msg time="2024-02-19T12:13:08.985306" level="INFO">Clicking element '//android.widget.Button[@resource-id="com.example.myapplication:id/signIn"]'.</msg>
<msg time="2024-02-19T12:13:09.986905" level="INFO">xpath criteria: //android.widget.Button[@resource-id="com.example.myapplication:id/signIn"]</msg>
<arg>locator=${signin_button}</arg>
<doc>Click element identified by `locator`.</doc>
<status status="PASS" start="2024-02-19T12:13:08.975308" elapsed="1.011597"/>
</kw>
<status status="PASS" start="2024-02-19T12:13:08.974309" elapsed="1.012596"/>
</kw>
<kw name="Verify User Success To Logged In" owner="login-page">
<kw name="Wait Until Element Is Visible" owner="AppiumLibrary">
<msg time="2024-02-19T12:13:11.560774" level="INFO">xpath criteria: //android.widget.TextView[@resource-id="com.example.myapplication:id/textView"]</msg>
<arg>${text_view}</arg>
<doc>Waits until element specified with `locator` is visible.</doc>
<status status="PASS" start="2024-02-19T12:13:09.994909" elapsed="1.565865"/>
</kw>
<status status="PASS" start="2024-02-19T12:13:09.993905" elapsed="1.567871"/>
</kw>
<kw name="Open Book" owner="book-oneway-page">
<kw name="Click Element" owner="AppiumLibrary">
<msg time="2024-02-19T12:13:11.575772" level="INFO">Clicking element '//android.widget.Button[@resource-id="com.example.myapplication:id/book"]'.</msg>
<msg time="2024-02-19T12:13:11.927288" level="INFO">xpath criteria: //android.widget.Button[@resource-id="com.example.myapplication:id/book"]</msg>
<arg>${book-button}</arg>
<doc>Click element identified by `locator`.</doc>
<status status="PASS" start="2024-02-19T12:13:11.566773" elapsed="0.361518"/>
</kw>
<status status="PASS" start="2024-02-19T12:13:11.563774" elapsed="0.364517"/>
</kw>
<kw name="Wait Until Element Is Visible" owner="AppiumLibrary">
<msg time="2024-02-19T12:13:14.408160" level="INFO">xpath criteria: //android.support.v7.app.ActionBar.Tab[@content-desc="One Way"]
xpath criteria: //android.support.v7.app.ActionBar.Tab[@content-desc="One Way"]</msg>
<arg>${one-way-action}</arg>
<doc>Waits until element specified with `locator` is visible.</doc>
<status status="PASS" start="2024-02-19T12:13:11.929290" elapsed="2.478870"/>
</kw>
<kw name="Choose One-way Flight" owner="book-oneway-page">
<kw name="Click Element" owner="AppiumLibrary">
<msg time="2024-02-19T12:13:14.422159" level="INFO">Clicking element '//android.support.v7.app.ActionBar.Tab[@content-desc="One Way"]'.</msg>
<msg time="2024-02-19T12:13:14.764171" level="INFO">xpath criteria: //android.support.v7.app.ActionBar.Tab[@content-desc="One Way"]</msg>
<arg>${one-way-action}</arg>
<doc>Click element identified by `locator`.</doc>
<status status="PASS" start="2024-02-19T12:13:14.412164" elapsed="0.352007"/>
</kw>
<status status="PASS" start="2024-02-19T12:13:14.411161" elapsed="0.354012"/>
</kw>
<kw name="Choose From City New York" owner="book-oneway-page">
<kw name="Click Element" owner="AppiumLibrary">
<msg time="2024-02-19T12:13:14.779166" level="INFO">Clicking element '//android.widget.Spinner[@resource-id="com.example.myapplication:id/spinnerFrom"]'.</msg>
<msg time="2024-02-19T12:13:15.738141" level="INFO">xpath criteria: //android.widget.Spinner[@resource-id="com.example.myapplication:id/spinnerFrom"]</msg>
<arg>${from-city-spinner}</arg>
<doc>Click element identified by `locator`.</doc>
<status status="PASS" start="2024-02-19T12:13:14.770171" elapsed="0.967970"/>
</kw>
<kw name="Wait Until Element Is Visible" owner="AppiumLibrary">
<msg time="2024-02-19T12:13:16.765052" level="INFO">xpath criteria: //android.widget.TextView[@resource-id="android:id/text1" and @text="New York"]</msg>
<arg>${newyork}</arg>
<doc>Waits until element specified with `locator` is visible.</doc>
<status status="PASS" start="2024-02-19T12:13:15.738141" elapsed="1.027910"/>
</kw>
<kw name="Click Element" owner="AppiumLibrary">
<msg time="2024-02-19T12:13:16.777050" level="INFO">Clicking element '//android.widget.TextView[@resource-id="android:id/text1" and @text="New York"]'.</msg>
<msg time="2024-02-19T12:13:17.813551" level="INFO">xpath criteria: //android.widget.TextView[@resource-id="android:id/text1" and @text="New York"]</msg>
<arg>${newyork}</arg>
<doc>Click element identified by `locator`.</doc>
<status status="PASS" start="2024-02-19T12:13:16.766051" elapsed="1.047500"/>
</kw>
<status status="PASS" start="2024-02-19T12:13:14.769172" elapsed="3.045383"/>
</kw>
<kw name="Choose To City London" owner="book-oneway-page">
<kw name="Click Element" owner="AppiumLibrary">
<msg time="2024-02-19T12:13:17.854555" level="INFO">Clicking element '//android.widget.Spinner[@resource-id="com.example.myapplication:id/spinnerTo"]'.</msg>
<msg time="2024-02-19T12:13:18.168058" level="INFO">xpath criteria: //android.widget.Spinner[@resource-id="com.example.myapplication:id/spinnerTo"]</msg>
<arg>${to-city-spinner}</arg>
<doc>Click element identified by `locator`.</doc>
<status status="PASS" start="2024-02-19T12:13:17.845555" elapsed="0.322503"/>
</kw>
<kw name="Wait Until Element Is Visible" owner="AppiumLibrary">
<msg time="2024-02-19T12:13:19.247970" level="INFO">xpath criteria: //android.widget.TextView[@resource-id="android:id/text1" and @text="London"]</msg>
<arg>${london}</arg>
<doc>Waits until element specified with `locator` is visible.</doc>
<status status="PASS" start="2024-02-19T12:13:18.168058" elapsed="1.079912"/>
</kw>
<kw name="Click Element" owner="AppiumLibrary">
<msg time="2024-02-19T12:13:19.258963" level="INFO">Clicking element '//android.widget.TextView[@resource-id="android:id/text1" and @text="London"]'.</msg>
<msg time="2024-02-19T12:13:20.248951" level="INFO">xpath criteria: //android.widget.TextView[@resource-id="android:id/text1" and @text="London"]</msg>
<arg>${london}</arg>
<doc>Click element identified by `locator`.</doc>
<status status="PASS" start="2024-02-19T12:13:19.247970" elapsed="1.001984"/>
</kw>
<status status="PASS" start="2024-02-19T12:13:17.844553" elapsed="2.405401"/>
</kw>
<kw name="Choose Class First" owner="book-oneway-page">
<kw name="Click Element" owner="AppiumLibrary">
<msg time="2024-02-19T12:13:20.281945" level="INFO">Clicking element '//android.widget.Spinner[@resource-id="com.example.myapplication:id/spinnerClass"]'.</msg>
<msg time="2024-02-19T12:13:20.590521" level="INFO">xpath criteria: //android.widget.Spinner[@resource-id="com.example.myapplication:id/spinnerClass"]</msg>
<arg>${class-spinner}</arg>
<doc>Click element identified by `locator`.</doc>
<status status="PASS" start="2024-02-19T12:13:20.272953" elapsed="0.318568"/>
</kw>
<kw name="Wait Until Element Is Visible" owner="AppiumLibrary">
<msg time="2024-02-19T12:13:22.008760" level="INFO">xpath criteria: //android.widget.TextView[@resource-id="android:id/text1" and @text="First"]</msg>
<arg>${first}</arg>
<doc>Waits until element specified with `locator` is visible.</doc>
<status status="PASS" start="2024-02-19T12:13:20.591521" elapsed="1.417239"/>
</kw>
<kw name="Click Element" owner="AppiumLibrary">
<msg time="2024-02-19T12:13:22.018838" level="INFO">Clicking element '//android.widget.TextView[@resource-id="android:id/text1" and @text="First"]'.</msg>
<msg time="2024-02-19T12:13:22.922155" level="INFO">xpath criteria: //android.widget.TextView[@resource-id="android:id/text1" and @text="First"]</msg>
<arg>${first}</arg>
<doc>Click element identified by `locator`.</doc>
<status status="PASS" start="2024-02-19T12:13:22.009759" elapsed="0.912396"/>
</kw>
<status status="PASS" start="2024-02-19T12:13:20.270951" elapsed="2.652203"/>
</kw>
<kw name="Choose Start Date" owner="book-oneway-page">
<kw name="Click Element" owner="AppiumLibrary">
<msg time="2024-02-19T12:13:22.962149" level="INFO">Clicking element '//android.widget.TextView[@resource-id="com.example.myapplication:id/textStartDate"]'.</msg>
<msg time="2024-02-19T12:13:23.293180" level="INFO">xpath criteria: //android.widget.TextView[@resource-id="com.example.myapplication:id/textStartDate"]</msg>
<arg>${start-date}</arg>
<doc>Click element identified by `locator`.</doc>
<status status="PASS" start="2024-02-19T12:13:22.949153" elapsed="0.344027"/>
</kw>
<kw name="Wait Until Element Is Visible" owner="AppiumLibrary">
<msg time="2024-02-19T12:13:24.884858" level="INFO">xpath criteria: //android.widget.TextView[@resource-id="android:id/date_picker_header_year"]
xpath criteria: //android.widget.TextView[@resource-id="android:id/date_picker_header_year"]</msg>
<arg>${date-picker}</arg>
<doc>Waits until element specified with `locator` is visible.</doc>
<status status="PASS" start="2024-02-19T12:13:23.293180" elapsed="1.591678"/>
</kw>
<kw name="Click Element" owner="AppiumLibrary">
<msg time="2024-02-19T12:13:24.894852" level="INFO">Clicking element '//android.widget.TextView[@resource-id="android:id/date_picker_header_year"]'.</msg>
<msg time="2024-02-19T12:13:26.559777" level="INFO">xpath criteria: //android.widget.TextView[@resource-id="android:id/date_picker_header_year"]</msg>
<arg>${date-picker}</arg>
<doc>Click element identified by `locator`.</doc>
<status status="PASS" start="2024-02-19T12:13:24.885853" elapsed="1.674926"/>
</kw>
<kw name="Wait Until Element Is Visible" owner="AppiumLibrary">
<msg time="2024-02-19T12:13:27.233788" level="INFO">xpath criteria: //android.widget.TextView[@resource-id="android:id/text1" and @text="2024"]</msg>
<arg>${year-picker}</arg>
<doc>Waits until element specified with `locator` is visible.</doc>
<status status="PASS" start="2024-02-19T12:13:26.560779" elapsed="0.673009"/>
</kw>
<kw name="Click Element" owner="AppiumLibrary">
<msg time="2024-02-19T12:13:27.244790" level="INFO">Clicking element '//android.widget.TextView[@resource-id="android:id/text1" and @text="2024"]'.</msg>
<msg time="2024-02-19T12:13:29.805873" level="INFO">xpath criteria: //android.widget.TextView[@resource-id="android:id/text1" and @text="2024"]</msg>
<arg>${year-picker}</arg>
<doc>Click element identified by `locator`.</doc>
<status status="PASS" start="2024-02-19T12:13:27.233788" elapsed="2.572085"/>
</kw>
<kw name="Wait Until Element Is Visible" owner="AppiumLibrary">
<msg time="2024-02-19T12:13:31.342950" level="INFO">xpath criteria: //android.view.View[@content-desc="10 Agustus 2024"]</msg>
<arg>${10-aug}</arg>
<doc>Waits until element specified with `locator` is visible.</doc>
<status status="PASS" start="2024-02-19T12:13:29.806875" elapsed="1.536075"/>
</kw>
<kw name="Click Element" owner="AppiumLibrary">
<msg time="2024-02-19T12:13:31.351946" level="INFO">Clicking element '//android.view.View[@content-desc="10 Agustus 2024"]'.</msg>
<msg time="2024-02-19T12:13:32.459421" level="INFO">xpath criteria: //android.view.View[@content-desc="10 Agustus 2024"]</msg>
<arg>${10-aug}</arg>
<doc>Click element identified by `locator`.</doc>
<status status="PASS" start="2024-02-19T12:13:31.343951" elapsed="1.115470"/>
</kw>
<kw name="Click Element" owner="AppiumLibrary">
<msg time="2024-02-19T12:13:32.470417" level="INFO">Clicking element '//android.widget.Button[@resource-id="android:id/button1"]'.</msg>
<msg time="2024-02-19T12:13:33.034585" level="INFO">xpath criteria: //android.widget.Button[@resource-id="android:id/button1"]</msg>
<arg>${date-ok-button}</arg>
<doc>Click element identified by `locator`.</doc>
<status status="PASS" start="2024-02-19T12:13:32.459421" elapsed="0.576164"/>
</kw>
<status status="PASS" start="2024-02-19T12:13:22.948153" elapsed="10.087432"/>
</kw>
<kw name="Choose Flight Only" owner="book-oneway-page">
<kw name="Wait Until Element Is Visible" owner="AppiumLibrary">
<msg time="2024-02-19T12:13:34.115850" level="INFO">xpath criteria: //android.widget.RadioButton[@resource-id="com.example.myapplication:id/radioButtonFlight"]</msg>
<arg>${flight-radio-button}</arg>
<doc>Waits until element specified with `locator` is visible.</doc>
<status status="PASS" start="2024-02-19T12:13:33.038587" elapsed="1.077263"/>
</kw>
<kw name="Click Element" owner="AppiumLibrary">
<msg time="2024-02-19T12:13:34.125845" level="INFO">Clicking element '//android.widget.RadioButton[@resource-id="com.example.myapplication:id/radioButtonFlight"]'.</msg>
<msg time="2024-02-19T12:13:34.566839" level="INFO">xpath criteria: //android.widget.RadioButton[@resource-id="com.example.myapplication:id/radioButtonFlight"]</msg>
<arg>${flight-radio-button}</arg>
<doc>Click element identified by `locator`.</doc>
<status status="PASS" start="2024-02-19T12:13:34.115850" elapsed="0.450989"/>
</kw>
<status status="PASS" start="2024-02-19T12:13:33.037585" elapsed="1.529254"/>
</kw>
<kw name="Choose Checkbox Day" owner="book-oneway-page">
<kw name="Wait Until Element Is Visible" owner="AppiumLibrary">
<msg time="2024-02-19T12:13:35.633323" level="INFO">xpath criteria: //android.widget.CheckBox[@resource-id="com.example.myapplication:id/checkBoxDay"]</msg>
<arg>${checkbox-day}</arg>
<doc>Waits until element specified with `locator` is visible.</doc>
<status status="PASS" start="2024-02-19T12:13:34.578838" elapsed="1.054485"/>
</kw>
<kw name="Click Element" owner="AppiumLibrary">
<msg time="2024-02-19T12:13:35.645322" level="INFO">Clicking element '//android.widget.CheckBox[@resource-id="com.example.myapplication:id/checkBoxDay"]'.</msg>
<msg time="2024-02-19T12:13:35.986639" level="INFO">xpath criteria: //android.widget.CheckBox[@resource-id="com.example.myapplication:id/checkBoxDay"]</msg>
<arg>${checkbox-day}</arg>
<doc>Click element identified by `locator`.</doc>
<status status="PASS" start="2024-02-19T12:13:35.634323" elapsed="0.352316"/>
</kw>
<status status="PASS" start="2024-02-19T12:13:34.577839" elapsed="1.408800"/>
</kw>
<kw name="Click Book Button" owner="book-oneway-page">
<kw name="Click Element" owner="AppiumLibrary">
<msg time="2024-02-19T12:13:36.008640" level="INFO">Clicking element '//android.widget.Button[@resource-id="com.example.myapplication:id/book_flight"]'.</msg>
<msg time="2024-02-19T12:13:37.194740" level="INFO">xpath criteria: //android.widget.Button[@resource-id="com.example.myapplication:id/book_flight"]</msg>
<arg>${submit-book-button}</arg>
<doc>Click element identified by `locator`.</doc>
<status status="PASS" start="2024-02-19T12:13:35.999642" elapsed="1.195098"/>
</kw>
<status status="PASS" start="2024-02-19T12:13:35.998638" elapsed="1.197103"/>
</kw>
<kw name="Choose Price" owner="book-oneway-page">
<kw name="Wait Until Element Is Visible" owner="AppiumLibrary">
<msg time="2024-02-19T12:13:39.140170" level="INFO">xpath criteria: //android.widget.Button[@resource-id="com.example.myapplication:id/price9"]</msg>
<arg>${choose-price-button}</arg>
<doc>Waits until element specified with `locator` is visible.</doc>
<status status="PASS" start="2024-02-19T12:13:37.197742" elapsed="1.942428"/>
</kw>
<kw name="Click Element" owner="AppiumLibrary">
<msg time="2024-02-19T12:13:39.153164" level="INFO">Clicking element '//android.widget.Button[@resource-id="com.example.myapplication:id/price9"]'.</msg>
<msg time="2024-02-19T12:13:40.256607" level="INFO">xpath criteria: //android.widget.Button[@resource-id="com.example.myapplication:id/price9"]</msg>
<arg>${choose-price-button}</arg>
<doc>Click element identified by `locator`.</doc>
<status status="PASS" start="2024-02-19T12:13:39.140170" elapsed="1.117440"/>
</kw>
<status status="PASS" start="2024-02-19T12:13:37.196740" elapsed="3.060870"/>
</kw>
<kw name="Click Confirm Button" owner="book-oneway-page">
<kw name="Click Element" owner="AppiumLibrary">
<msg time="2024-02-19T12:13:40.272606" level="INFO">Clicking element '//android.widget.Button[@resource-id="com.example.myapplication:id/confirm_order"]'.</msg>
<msg time="2024-02-19T12:13:41.058626" level="INFO">xpath criteria: //android.widget.Button[@resource-id="com.example.myapplication:id/confirm_order"]</msg>
<arg>${confirm-button}</arg>
<doc>Click element identified by `locator`.</doc>
<status status="PASS" start="2024-02-19T12:13:40.262608" elapsed="0.797017"/>
</kw>
<status status="PASS" start="2024-02-19T12:13:40.261604" elapsed="0.798021"/>
</kw>
<kw name="Wait Until Page Contains Element" owner="AppiumLibrary">
<msg time="2024-02-19T12:13:42.690913" level="INFO">xpath criteria: //*[contains(@text, "Your flight is booked. Reservation number is CADX2214")]</msg>
<arg>xpath=//*[contains(@text, "Your flight is booked. Reservation number is CADX2214")]</arg>
<doc>Waits until element specified with `locator` appears on current page.</doc>
<status status="PASS" start="2024-02-19T12:13:41.111616" elapsed="1.579297"/>
</kw>
<kw name="Close Flight Application" owner="base" type="TEARDOWN">
<kw name="Close Application" owner="AppiumLibrary">
<doc>Closes the current application and also close webdriver session.</doc>
<status status="PASS" start="2024-02-19T12:13:42.695914" elapsed="2.449336"/>
</kw>
<status status="PASS" start="2024-02-19T12:13:42.694909" elapsed="2.450341"/>
</kw>
<status status="PASS" start="2024-02-19T12:12:44.368937" elapsed="60.779313"/>
</test>
<test id="s1-t3" name="Book Oneway Flight Only With Checkbox Day" line="52">
<kw name="Open Flight Application" owner="base" type="SETUP">
<kw name="Open Application" owner="AppiumLibrary">
<arg>remote_url=${REMOTE_URL}</arg>
<arg>platformName=${PLATFORM_NAME}</arg>
<arg>platformVersion=${PLATFORM_VERSION}</arg>
<arg>deviceName=${DEVICE_NAME}</arg>
<arg>appPackage=com.example.myapplication</arg>
<arg>appActivity=com.example.myapplication.MainActivity</arg>
<doc>Opens a new application to given Appium server.
Capabilities of appium server, Android and iOS,
Please check https://github.com/appium/appium/blob/master/docs/en/writing-running-appium/server-args.md
| *Option*            | *Man.* | *Description*     |
| remote_url          | Yes    | Appium server url |
| alias               | no     | alias             |
| strict_ssl          | No     | allows you to send commands to an invalid certificate host like a self-signed one. |</doc>
<status status="PASS" start="2024-02-19T12:13:45.154252" elapsed="20.171488"/>
</kw>
<status status="PASS" start="2024-02-19T12:13:45.153251" elapsed="20.173493"/>
</kw>
<kw name="Click Sign In Button On Home Page" owner="home-page">
<kw name="Click Element" owner="AppiumLibrary">
<msg time="2024-02-19T12:14:05.340736" level="INFO">Clicking element '//android.widget.Button[@resource-id="com.example.myapplication:id/login"]'.</msg>
<msg time="2024-02-19T12:14:08.751102" level="INFO">xpath criteria: //android.widget.Button[@resource-id="com.example.myapplication:id/login"]</msg>
<arg>locator=${login_btn}</arg>
<doc>Click element identified by `locator`.</doc>
<status status="PASS" start="2024-02-19T12:14:05.332737" elapsed="3.418365"/>
</kw>
<status status="PASS" start="2024-02-19T12:14:05.330738" elapsed="3.420364"/>
</kw>
<kw name="Input Username" owner="login-page">
<kw name="Wait Until Element Is Visible" owner="AppiumLibrary">
<msg time="2024-02-19T12:14:09.154068" level="INFO">xpath criteria: //android.widget.EditText[@resource-id="com.example.myapplication:id/username"]</msg>
<arg>locator=${username_input}</arg>
<doc>Waits until element specified with `locator` is visible.</doc>
<status status="PASS" start="2024-02-19T12:14:08.757102" elapsed="0.397964"/>
</kw>
<kw name="Input Text" owner="AppiumLibrary">
<msg time="2024-02-19T12:14:09.165063" level="INFO">Typing text 'support@ngendigital.com' into text field '//android.widget.EditText[@resource-id="com.example.myapplication:id/username"]'</msg>
<msg time="2024-02-19T12:14:09.904849" level="INFO">xpath criteria: //android.widget.EditText[@resource-id="com.example.myapplication:id/username"]</msg>
<arg>locator=${username_input}</arg>
<arg>text=support@ngendigital.com</arg>
<doc>Types the given `text` into text field identified by `locator`.</doc>
<status status="PASS" start="2024-02-19T12:14:09.155066" elapsed="0.749783"/>
</kw>
<status status="PASS" start="2024-02-19T12:14:08.756101" elapsed="1.148748"/>
</kw>
<kw name="Input Password" owner="login-page">
<kw name="Input Text" owner="AppiumLibrary">
<msg time="2024-02-19T12:14:09.920848" level="INFO">Typing text 'abc123' into text field '//android.widget.EditText[@resource-id="com.example.myapplication:id/password"]'</msg>
<msg time="2024-02-19T12:14:10.656592" level="INFO">xpath criteria: //android.widget.EditText[@resource-id="com.example.myapplication:id/password"]</msg>
<arg>locator=${password_input}</arg>
<arg>text=abc123</arg>
<doc>Types the given `text` into text field identified by `locator`.</doc>
<status status="PASS" start="2024-02-19T12:14:09.910847" elapsed="0.745745"/>
</kw>
<status status="PASS" start="2024-02-19T12:14:09.909846" elapsed="0.746746"/>
</kw>
<kw name="Click Sign In Button On Login Page" owner="login-page">
<kw name="Click Element" owner="AppiumLibrary">
<msg time="2024-02-19T12:14:10.671587" level="INFO">Clicking element '//android.widget.Button[@resource-id="com.example.myapplication:id/signIn"]'.</msg>
<msg time="2024-02-19T12:14:11.377164" level="INFO">xpath criteria: //android.widget.Button[@resource-id="com.example.myapplication:id/signIn"]</msg>
<arg>locator=${signin_button}</arg>
<doc>Click element identified by `locator`.</doc>
<status status="PASS" start="2024-02-19T12:14:10.661593" elapsed="0.715571"/>
</kw>
<status status="PASS" start="2024-02-19T12:14:10.659591" elapsed="0.718577"/>
</kw>
<kw name="Verify User Success To Logged In" owner="login-page">
<kw name="Wait Until Element Is Visible" owner="AppiumLibrary">
<msg time="2024-02-19T12:14:13.133066" level="INFO">xpath criteria: //android.widget.TextView[@resource-id="com.example.myapplication:id/textView"]</msg>
<arg>${text_view}</arg>
<doc>Waits until element specified with `locator` is visible.</doc>
<status status="PASS" start="2024-02-19T12:14:11.382166" elapsed="1.750900"/>
</kw>
<status status="PASS" start="2024-02-19T12:14:11.381166" elapsed="1.751900"/>
</kw>
<kw name="Open Book" owner="book-oneway-page">
<kw name="Click Element" owner="AppiumLibrary">
<msg time="2024-02-19T12:14:13.149064" level="INFO">Clicking element '//android.widget.Button[@resource-id="com.example.myapplication:id/book"]'.</msg>
<msg time="2024-02-19T12:14:13.970463" level="INFO">xpath criteria: //android.widget.Button[@resource-id="com.example.myapplication:id/book"]</msg>
<arg>${book-button}</arg>
<doc>Click element identified by `locator`.</doc>
<status status="PASS" start="2024-02-19T12:14:13.139070" elapsed="0.831393"/>
</kw>
<status status="PASS" start="2024-02-19T12:14:13.138066" elapsed="0.833397"/>
</kw>
<kw name="Wait Until Element Is Visible" owner="AppiumLibrary">
<msg time="2024-02-19T12:14:16.801913" level="INFO">xpath criteria: //android.support.v7.app.ActionBar.Tab[@content-desc="One Way"]
xpath criteria: //android.support.v7.app.ActionBar.Tab[@content-desc="One Way"]</msg>
<arg>${one-way-action}</arg>
<doc>Waits until element specified with `locator` is visible.</doc>
<status status="PASS" start="2024-02-19T12:14:14.001458" elapsed="2.800455"/>
</kw>
<kw name="Choose One-way Flight" owner="book-oneway-page">
<kw name="Click Element" owner="AppiumLibrary">
<msg time="2024-02-19T12:14:16.815910" level="INFO">Clicking element '//android.support.v7.app.ActionBar.Tab[@content-desc="One Way"]'.</msg>
<msg time="2024-02-19T12:14:17.223229" level="INFO">xpath criteria: //android.support.v7.app.ActionBar.Tab[@content-desc="One Way"]</msg>
<arg>${one-way-action}</arg>
<doc>Click element identified by `locator`.</doc>
<status status="PASS" start="2024-02-19T12:14:16.806911" elapsed="0.417317"/>
</kw>
<status status="PASS" start="2024-02-19T12:14:16.805911" elapsed="0.418317"/>
</kw>
<kw name="Choose From City New York" owner="book-oneway-page">
<kw name="Click Element" owner="AppiumLibrary">
<msg time="2024-02-19T12:14:17.252222" level="INFO">Clicking element '//android.widget.Spinner[@resource-id="com.example.myapplication:id/spinnerFrom"]'.</msg>
<msg time="2024-02-19T12:14:18.401011" level="INFO">xpath criteria: //android.widget.Spinner[@resource-id="com.example.myapplication:id/spinnerFrom"]</msg>
<arg>${from-city-spinner}</arg>
<doc>Click element identified by `locator`.</doc>
<status status="PASS" start="2024-02-19T12:14:17.244225" elapsed="1.156786"/>
</kw>
<kw name="Wait Until Element Is Visible" owner="AppiumLibrary">
<msg time="2024-02-19T12:14:19.391572" level="INFO">xpath criteria: //android.widget.TextView[@resource-id="android:id/text1" and @text="New York"]</msg>
<arg>${newyork}</arg>
<doc>Waits until element specified with `locator` is visible.</doc>
<status status="PASS" start="2024-02-19T12:14:18.402013" elapsed="0.989559"/>
</kw>
<kw name="Click Element" owner="AppiumLibrary">
<msg time="2024-02-19T12:14:19.401567" level="INFO">Clicking element '//android.widget.TextView[@resource-id="android:id/text1" and @text="New York"]'.</msg>
<msg time="2024-02-19T12:14:20.333096" level="INFO">xpath criteria: //android.widget.TextView[@resource-id="android:id/text1" and @text="New York"]</msg>
<arg>${newyork}</arg>
<doc>Click element identified by `locator`.</doc>
<status status="PASS" start="2024-02-19T12:14:19.392573" elapsed="0.941522"/>
</kw>
<status status="PASS" start="2024-02-19T12:14:17.243226" elapsed="3.090869"/>
</kw>
<kw name="Choose To City London" owner="book-oneway-page">
<kw name="Click Element" owner="AppiumLibrary">
<msg time="2024-02-19T12:14:20.349097" level="INFO">Clicking element '//android.widget.Spinner[@resource-id="com.example.myapplication:id/spinnerTo"]'.</msg>
<msg time="2024-02-19T12:14:20.742643" level="INFO">xpath criteria: //android.widget.Spinner[@resource-id="com.example.myapplication:id/spinnerTo"]</msg>
<arg>${to-city-spinner}</arg>
<doc>Click element identified by `locator`.</doc>
<status status="PASS" start="2024-02-19T12:14:20.338099" elapsed="0.405542"/>
</kw>
<kw name="Wait Until Element Is Visible" owner="AppiumLibrary">
<msg time="2024-02-19T12:14:22.078056" level="INFO">xpath criteria: //android.widget.TextView[@resource-id="android:id/text1" and @text="London"]</msg>
<arg>${london}</arg>
<doc>Waits until element specified with `locator` is visible.</doc>
<status status="PASS" start="2024-02-19T12:14:20.743641" elapsed="1.334415"/>
</kw>
<kw name="Click Element" owner="AppiumLibrary">
<msg time="2024-02-19T12:14:22.089050" level="INFO">Clicking element '//android.widget.TextView[@resource-id="android:id/text1" and @text="London"]'.</msg>
<msg time="2024-02-19T12:14:23.019094" level="INFO">xpath criteria: //android.widget.TextView[@resource-id="android:id/text1" and @text="London"]</msg>
<arg>${london}</arg>
<doc>Click element identified by `locator`.</doc>
<status status="PASS" start="2024-02-19T12:14:22.078056" elapsed="0.941038"/>
</kw>
<status status="PASS" start="2024-02-19T12:14:20.337096" elapsed="2.681998"/>
</kw>
<kw name="Choose Class First" owner="book-oneway-page">
<kw name="Click Element" owner="AppiumLibrary">
<msg time="2024-02-19T12:14:23.033094" level="INFO">Clicking element '//android.widget.Spinner[@resource-id="com.example.myapplication:id/spinnerClass"]'.</msg>
<msg time="2024-02-19T12:14:23.407146" level="INFO">xpath criteria: //android.widget.Spinner[@resource-id="com.example.myapplication:id/spinnerClass"]</msg>
<arg>${class-spinner}</arg>
<doc>Click element identified by `locator`.</doc>
<status status="PASS" start="2024-02-19T12:14:23.024095" elapsed="0.384050"/>
</kw>
<kw name="Wait Until Element Is Visible" owner="AppiumLibrary">
<msg time="2024-02-19T12:14:24.477761" level="INFO">xpath criteria: //android.widget.TextView[@resource-id="android:id/text1" and @text="First"]</msg>
<arg>${first}</arg>
<doc>Waits until element specified with `locator` is visible.</doc>
<status status="PASS" start="2024-02-19T12:14:23.408145" elapsed="1.069616"/>
</kw>
<kw name="Click Element" owner="AppiumLibrary">
<msg time="2024-02-19T12:14:24.486760" level="INFO">Clicking element '//android.widget.TextView[@resource-id="android:id/text1" and @text="First"]'.</msg>
<msg time="2024-02-19T12:14:25.950991" level="INFO">xpath criteria: //android.widget.TextView[@resource-id="android:id/text1" and @text="First"]</msg>
<arg>${first}</arg>
<doc>Click element identified by `locator`.</doc>
<status status="PASS" start="2024-02-19T12:14:24.477761" elapsed="1.473230"/>
</kw>
<status status="PASS" start="2024-02-19T12:14:23.023093" elapsed="2.927898"/>
</kw>
<kw name="Choose Start Date" owner="book-oneway-page">
<kw name="Click Element" owner="AppiumLibrary">
<msg time="2024-02-19T12:14:25.976989" level="INFO">Clicking element '//android.widget.TextView[@resource-id="com.example.myapplication:id/textStartDate"]'.</msg>
<msg time="2024-02-19T12:14:26.286684" level="INFO">xpath criteria: //android.widget.TextView[@resource-id="com.example.myapplication:id/textStartDate"]</msg>
<arg>${start-date}</arg>
<doc>Click element identified by `locator`.</doc>
<status status="PASS" start="2024-02-19T12:14:25.968991" elapsed="0.317693"/>
</kw>
<kw name="Wait Until Element Is Visible" owner="AppiumLibrary">
<msg time="2024-02-19T12:14:28.005047" level="INFO">xpath criteria: //android.widget.TextView[@resource-id="android:id/date_picker_header_year"]
xpath criteria: //android.widget.TextView[@resource-id="android:id/date_picker_header_year"]</msg>
<arg>${date-picker}</arg>
<doc>Waits until element specified with `locator` is visible.</doc>
<status status="PASS" start="2024-02-19T12:14:26.287688" elapsed="1.717359"/>
</kw>
<kw name="Click Element" owner="AppiumLibrary">
<msg time="2024-02-19T12:14:28.015045" level="INFO">Clicking element '//android.widget.TextView[@resource-id="android:id/date_picker_header_year"]'.</msg>
<msg time="2024-02-19T12:14:29.017962" level="INFO">xpath criteria: //android.widget.TextView[@resource-id="android:id/date_picker_header_year"]</msg>
<arg>${date-picker}</arg>
<doc>Click element identified by `locator`.</doc>
<status status="PASS" start="2024-02-19T12:14:28.005047" elapsed="1.013917"/>
</kw>
<kw name="Wait Until Element Is Visible" owner="AppiumLibrary">
<msg time="2024-02-19T12:14:30.317387" level="INFO">xpath criteria: //android.widget.TextView[@resource-id="android:id/text1" and @text="2024"]</msg>
<arg>${year-picker}</arg>
<doc>Waits until element specified with `locator` is visible.</doc>
<status status="PASS" start="2024-02-19T12:14:29.018964" elapsed="1.298423"/>
</kw>
<kw name="Click Element" owner="AppiumLibrary">
<msg time="2024-02-19T12:14:30.330378" level="INFO">Clicking element '//android.widget.TextView[@resource-id="android:id/text1" and @text="2024"]'.</msg>
<msg time="2024-02-19T12:14:31.689786" level="INFO">xpath criteria: //android.widget.TextView[@resource-id="android:id/text1" and @text="2024"]</msg>
<arg>${year-picker}</arg>
<doc>Click element identified by `locator`.</doc>
<status status="PASS" start="2024-02-19T12:14:30.318384" elapsed="1.371402"/>
</kw>
<kw name="Wait Until Element Is Visible" owner="AppiumLibrary">
<msg time="2024-02-19T12:14:32.105752" level="INFO">xpath criteria: //android.view.View[@content-desc="10 Agustus 2024"]</msg>
<arg>${10-aug}</arg>
<doc>Waits until element specified with `locator` is visible.</doc>
<status status="PASS" start="2024-02-19T12:14:31.689786" elapsed="0.415966"/>
</kw>
<kw name="Click Element" owner="AppiumLibrary">
<msg time="2024-02-19T12:14:32.115753" level="INFO">Clicking element '//android.view.View[@content-desc="10 Agustus 2024"]'.</msg>
<msg time="2024-02-19T12:14:33.189181" level="INFO">xpath criteria: //android.view.View[@content-desc="10 Agustus 2024"]</msg>
<arg>${10-aug}</arg>
<doc>Click element identified by `locator`.</doc>
<status status="PASS" start="2024-02-19T12:14:32.105752" elapsed="1.083429"/>
</kw>
<kw name="Click Element" owner="AppiumLibrary">
<msg time="2024-02-19T12:14:33.199688" level="INFO">Clicking element '//android.widget.Button[@resource-id="android:id/button1"]'.</msg>
<msg time="2024-02-19T12:14:34.101652" level="INFO">xpath criteria: //android.widget.Button[@resource-id="android:id/button1"]</msg>
<arg>${date-ok-button}</arg>
<doc>Click element identified by `locator`.</doc>
<status status="PASS" start="2024-02-19T12:14:33.190180" elapsed="0.911472"/>
</kw>
<status status="PASS" start="2024-02-19T12:14:25.967990" elapsed="8.133662"/>
</kw>
<kw name="Choose End Date" owner="book-oneway-page">
<kw name="Click Element" owner="AppiumLibrary">
<msg time="2024-02-19T12:14:34.164647" level="INFO">Clicking element '//android.widget.TextView[@resource-id="com.example.myapplication:id/textEndDate"]'.</msg>
<msg time="2024-02-19T12:14:35.390716" level="INFO">xpath criteria: //android.widget.TextView[@resource-id="com.example.myapplication:id/textEndDate"]</msg>
<arg>${end-date}</arg>
<doc>Click element identified by `locator`.</doc>
<status status="PASS" start="2024-02-19T12:14:34.155648" elapsed="1.236064"/>
</kw>
<kw name="Wait Until Element Is Visible" owner="AppiumLibrary">
<msg time="2024-02-19T12:14:36.657160" level="INFO">xpath criteria: //android.widget.TextView[@resource-id="android:id/date_picker_header_year"]</msg>
<arg>${date-picker}</arg>
<doc>Waits until element specified with `locator` is visible.</doc>
<status status="PASS" start="2024-02-19T12:14:35.391712" elapsed="1.265448"/>
</kw>
<kw name="Click Element" owner="AppiumLibrary">
<msg time="2024-02-19T12:14:36.666164" level="INFO">Clicking element '//android.widget.TextView[@resource-id="android:id/date_picker_header_year"]'.</msg>
<msg time="2024-02-19T12:14:37.478704" level="INFO">xpath criteria: //android.widget.TextView[@resource-id="android:id/date_picker_header_year"]</msg>
<arg>${date-picker}</arg>
<doc>Click element identified by `locator`.</doc>
<status status="PASS" start="2024-02-19T12:14:36.658159" elapsed="0.820545"/>
</kw>
<kw name="Wait Until Element Is Visible" owner="AppiumLibrary">
<msg time="2024-02-19T12:14:38.515201" level="INFO">xpath criteria: //android.widget.TextView[@resource-id="android:id/text1" and @text="2024"]</msg>
<arg>${year-picker}</arg>
<doc>Waits until element specified with `locator` is visible.</doc>
<status status="PASS" start="2024-02-19T12:14:37.478704" elapsed="1.036497"/>
</kw>
<kw name="Click Element" owner="AppiumLibrary">
<msg time="2024-02-19T12:14:38.526203" level="INFO">Clicking element '//android.widget.TextView[@resource-id="android:id/text1" and @text="2024"]'.</msg>
<msg time="2024-02-19T12:14:39.416125" level="INFO">xpath criteria: //android.widget.TextView[@resource-id="android:id/text1" and @text="2024"]</msg>
<arg>${year-picker}</arg>
<doc>Click element identified by `locator`.</doc>
<status status="PASS" start="2024-02-19T12:14:38.516200" elapsed="0.900926"/>
</kw>
<kw name="Wait Until Element Is Visible" owner="AppiumLibrary">
<msg time="2024-02-19T12:14:39.809608" level="INFO">xpath criteria: //android.view.View[@content-desc="20 Agustus 2024"]</msg>
<arg>${20-aug}</arg>
<doc>Waits until element specified with `locator` is visible.</doc>
<status status="PASS" start="2024-02-19T12:14:39.417126" elapsed="0.392482"/>
</kw>
<kw name="Click Element" owner="AppiumLibrary">
<msg time="2024-02-19T12:14:39.820606" level="INFO">Clicking element '//android.view.View[@content-desc="20 Agustus 2024"]'.</msg>
<msg time="2024-02-19T12:14:41.433519" level="INFO">xpath criteria: //android.view.View[@content-desc="20 Agustus 2024"]</msg>
<arg>${20-aug}</arg>
<doc>Click element identified by `locator`.</doc>
<status status="PASS" start="2024-02-19T12:14:39.810609" elapsed="1.622910"/>
</kw>
<kw name="Click Element" owner="AppiumLibrary">
<msg time="2024-02-19T12:14:41.443519" level="INFO">Clicking element '//android.widget.Button[@resource-id="android:id/button1"]'.</msg>
<msg time="2024-02-19T12:14:42.419497" level="INFO">xpath criteria: //android.widget.Button[@resource-id="android:id/button1"]</msg>
<arg>${date-ok-button}</arg>
<doc>Click element identified by `locator`.</doc>
<status status="PASS" start="2024-02-19T12:14:41.434517" elapsed="0.984980"/>
</kw>
<status status="PASS" start="2024-02-19T12:14:34.154649" elapsed="8.264848"/>
</kw>
<kw name="Choose Flight Only" owner="book-oneway-page">
<kw name="Wait Until Element Is Visible" owner="AppiumLibrary">
<msg time="2024-02-19T12:14:43.123507" level="INFO">xpath criteria: //android.widget.RadioButton[@resource-id="com.example.myapplication:id/radioButtonFlight"]</msg>
<arg>${flight-radio-button}</arg>
<doc>Waits until element specified with `locator` is visible.</doc>
<status status="PASS" start="2024-02-19T12:14:42.429495" elapsed="0.694012"/>
</kw>
<kw name="Click Element" owner="AppiumLibrary">
<msg time="2024-02-19T12:14:43.131501" level="INFO">Clicking element '//android.widget.RadioButton[@resource-id="com.example.myapplication:id/radioButtonFlight"]'.</msg>
<msg time="2024-02-19T12:14:43.727616" level="INFO">xpath criteria: //android.widget.RadioButton[@resource-id="com.example.myapplication:id/radioButtonFlight"]</msg>
<arg>${flight-radio-button}</arg>
<doc>Click element identified by `locator`.</doc>
<status status="PASS" start="2024-02-19T12:14:43.123507" elapsed="0.604109"/>
</kw>
<status status="PASS" start="2024-02-19T12:14:42.428493" elapsed="1.300122"/>
</kw>
<kw name="Choose Checkbox Day" owner="book-oneway-page">
<kw name="Wait Until Element Is Visible" owner="AppiumLibrary">
<msg time="2024-02-19T12:14:44.809743" level="INFO">xpath criteria: //android.widget.CheckBox[@resource-id="com.example.myapplication:id/checkBoxDay"]</msg>
<arg>${checkbox-day}</arg>
<doc>Waits until element specified with `locator` is visible.</doc>
<status status="PASS" start="2024-02-19T12:14:43.732611" elapsed="1.077132"/>
</kw>
<kw name="Click Element" owner="AppiumLibrary">
<msg time="2024-02-19T12:14:44.818738" level="INFO">Clicking element '//android.widget.CheckBox[@resource-id="com.example.myapplication:id/checkBoxDay"]'.</msg>
<msg time="2024-02-19T12:14:45.107715" level="INFO">xpath criteria: //android.widget.CheckBox[@resource-id="com.example.myapplication:id/checkBoxDay"]</msg>
<arg>${checkbox-day}</arg>
<doc>Click element identified by `locator`.</doc>
<status status="PASS" start="2024-02-19T12:14:44.809743" elapsed="0.297972"/>
</kw>
<status status="PASS" start="2024-02-19T12:14:43.730612" elapsed="1.377103"/>
</kw>
<kw name="Click Book Button" owner="book-oneway-page">
<kw name="Click Element" owner="AppiumLibrary">
<msg time="2024-02-19T12:14:45.123716" level="INFO">Clicking element '//android.widget.Button[@resource-id="com.example.myapplication:id/book_flight"]'.</msg>
<msg time="2024-02-19T12:14:46.386905" level="INFO">xpath criteria: //android.widget.Button[@resource-id="com.example.myapplication:id/book_flight"]</msg>
<arg>${submit-book-button}</arg>
<doc>Click element identified by `locator`.</doc>
<status status="PASS" start="2024-02-19T12:14:45.114719" elapsed="1.272186"/>
</kw>
<status status="PASS" start="2024-02-19T12:14:45.113718" elapsed="1.273187"/>
</kw>
<kw name="Choose Price" owner="book-oneway-page">
<kw name="Wait Until Element Is Visible" owner="AppiumLibrary">
<msg time="2024-02-19T12:14:48.409980" level="INFO">xpath criteria: //android.widget.Button[@resource-id="com.example.myapplication:id/price9"]</msg>
<arg>${choose-price-button}</arg>
<doc>Waits until element specified with `locator` is visible.</doc>
<status status="PASS" start="2024-02-19T12:14:46.397905" elapsed="2.012075"/>
</kw>
<kw name="Click Element" owner="AppiumLibrary">
<msg time="2024-02-19T12:14:48.419977" level="INFO">Clicking element '//android.widget.Button[@resource-id="com.example.myapplication:id/price9"]'.</msg>
<msg time="2024-02-19T12:14:50.014960" level="INFO">xpath criteria: //android.widget.Button[@resource-id="com.example.myapplication:id/price9"]</msg>
<arg>${choose-price-button}</arg>
<doc>Click element identified by `locator`.</doc>
<status status="PASS" start="2024-02-19T12:14:48.410976" elapsed="1.604982"/>
</kw>
<status status="PASS" start="2024-02-19T12:14:46.396900" elapsed="3.619058"/>
</kw>
<kw name="Click Confirm Button" owner="book-oneway-page">
<kw name="Click Element" owner="AppiumLibrary">
<msg time="2024-02-19T12:14:50.049952" level="INFO">Clicking element '//android.widget.Button[@resource-id="com.example.myapplication:id/confirm_order"]'.</msg>
<msg time="2024-02-19T12:14:50.721850" level="INFO">xpath criteria: //android.widget.Button[@resource-id="com.example.myapplication:id/confirm_order"]</msg>
<arg>${confirm-button}</arg>
<doc>Click element identified by `locator`.</doc>
<status status="PASS" start="2024-02-19T12:14:50.040956" elapsed="0.680894"/>
</kw>
<status status="PASS" start="2024-02-19T12:14:50.040956" elapsed="0.680894"/>
</kw>
<kw name="Wait Until Page Contains Element" owner="AppiumLibrary">
<msg time="2024-02-19T12:14:52.489048" level="INFO">xpath criteria: //*[contains(@text, "Your flight is booked. Reservation number is CADX2214")]</msg>
<arg>xpath=//*[contains(@text, "Your flight is booked. Reservation number is CADX2214")]</arg>
<doc>Waits until element specified with `locator` appears on current page.</doc>
<status status="PASS" start="2024-02-19T12:14:50.850841" elapsed="1.638207"/>
</kw>
<kw name="Close Flight Application" owner="base" type="TEARDOWN">
<kw name="Close Application" owner="AppiumLibrary">
<doc>Closes the current application and also close webdriver session.</doc>
<status status="PASS" start="2024-02-19T12:14:52.601042" elapsed="1.909075"/>
</kw>
<status status="PASS" start="2024-02-19T12:14:52.600040" elapsed="1.910077"/>
</kw>
<status status="PASS" start="2024-02-19T12:13:45.150251" elapsed="69.372867"/>
</test>
<test id="s1-t4" name="Book Oneway Flight Only Without Checkbox Day" line="74">
<kw name="Open Flight Application" owner="base" type="SETUP">
<kw name="Open Application" owner="AppiumLibrary">
<arg>remote_url=${REMOTE_URL}</arg>
<arg>platformName=${PLATFORM_NAME}</arg>
<arg>platformVersion=${PLATFORM_VERSION}</arg>
<arg>deviceName=${DEVICE_NAME}</arg>
<arg>appPackage=com.example.myapplication</arg>
<arg>appActivity=com.example.myapplication.MainActivity</arg>
<doc>Opens a new application to given Appium server.
Capabilities of appium server, Android and iOS,
Please check https://github.com/appium/appium/blob/master/docs/en/writing-running-appium/server-args.md
| *Option*            | *Man.* | *Description*     |
| remote_url          | Yes    | Appium server url |
| alias               | no     | alias             |
| strict_ssl          | No     | allows you to send commands to an invalid certificate host like a self-signed one. |</doc>
<status status="PASS" start="2024-02-19T12:14:54.528121" elapsed="24.678903"/>
</kw>
<status status="PASS" start="2024-02-19T12:14:54.527117" elapsed="24.679907"/>
</kw>
<kw name="Click Sign In Button On Home Page" owner="home-page">
<kw name="Click Element" owner="AppiumLibrary">
<msg time="2024-02-19T12:15:19.288535" level="INFO">Clicking element '//android.widget.Button[@resource-id="com.example.myapplication:id/login"]'.</msg>
<msg time="2024-02-19T12:15:20.485434" level="INFO">xpath criteria: //android.widget.Button[@resource-id="com.example.myapplication:id/login"]</msg>
<arg>locator=${login_btn}</arg>
<doc>Click element identified by `locator`.</doc>
<status status="PASS" start="2024-02-19T12:15:19.279537" elapsed="1.205897"/>
</kw>
<status status="PASS" start="2024-02-19T12:15:19.278539" elapsed="1.207898"/>
</kw>
<kw name="Input Username" owner="login-page">
<kw name="Wait Until Element Is Visible" owner="AppiumLibrary">
<msg time="2024-02-19T12:15:22.557974" level="INFO">xpath criteria: //android.widget.EditText[@resource-id="com.example.myapplication:id/username"]
xpath criteria: //android.widget.EditText[@resource-id="com.example.myapplication:id/username"]</msg>
<arg>locator=${username_input}</arg>
<doc>Waits until element specified with `locator` is visible.</doc>
<status status="PASS" start="2024-02-19T12:15:20.490434" elapsed="2.067540"/>
</kw>
<kw name="Input Text" owner="AppiumLibrary">
<msg time="2024-02-19T12:15:22.566970" level="INFO">Typing text 'support@ngendigital.com' into text field '//android.widget.EditText[@resource-id="com.example.myapplication:id/username"]'</msg>
<msg time="2024-02-19T12:15:22.994462" level="INFO">xpath criteria: //android.widget.EditText[@resource-id="com.example.myapplication:id/username"]</msg>
<arg>locator=${username_input}</arg>
<arg>text=support@ngendigital.com</arg>
<doc>Types the given `text` into text field identified by `locator`.</doc>
<status status="PASS" start="2024-02-19T12:15:22.557974" elapsed="0.436488"/>
</kw>
<status status="PASS" start="2024-02-19T12:15:20.489434" elapsed="2.506022"/>
</kw>
<kw name="Input Password" owner="login-page">
<kw name="Input Text" owner="AppiumLibrary">
<msg time="2024-02-19T12:15:23.016453" level="INFO">Typing text 'abc123' into text field '//android.widget.EditText[@resource-id="com.example.myapplication:id/password"]'</msg>
<msg time="2024-02-19T12:15:23.535968" level="INFO">xpath criteria: //android.widget.EditText[@resource-id="com.example.myapplication:id/password"]</msg>
<arg>locator=${password_input}</arg>
<arg>text=abc123</arg>
<doc>Types the given `text` into text field identified by `locator`.</doc>
<status status="PASS" start="2024-02-19T12:15:23.003461" elapsed="0.533505"/>
</kw>
<status status="PASS" start="2024-02-19T12:15:23.002460" elapsed="0.534506"/>
</kw>
<kw name="Click Sign In Button On Login Page" owner="login-page">
<kw name="Click Element" owner="AppiumLibrary">
<msg time="2024-02-19T12:15:23.548964" level="INFO">Clicking element '//android.widget.Button[@resource-id="com.example.myapplication:id/signIn"]'.</msg>
<msg time="2024-02-19T12:15:24.244957" level="INFO">xpath criteria: //android.widget.Button[@resource-id="com.example.myapplication:id/signIn"]</msg>
<arg>locator=${signin_button}</arg>
<doc>Click element identified by `locator`.</doc>
<status status="PASS" start="2024-02-19T12:15:23.539969" elapsed="0.704988"/>
</kw>
<status status="PASS" start="2024-02-19T12:15:23.539969" elapsed="0.705990"/>
</kw>
<kw name="Verify User Success To Logged In" owner="login-page">
<kw name="Wait Until Element Is Visible" owner="AppiumLibrary">
<msg time="2024-02-19T12:15:26.276827" level="INFO">xpath criteria: //android.widget.TextView[@resource-id="com.example.myapplication:id/textView"]
xpath criteria: //android.widget.TextView[@resource-id="com.example.myapplication:id/textView"]</msg>
<arg>${text_view}</arg>
<doc>Waits until element specified with `locator` is visible.</doc>
<status status="PASS" start="2024-02-19T12:15:24.247959" elapsed="2.028868"/>
</kw>
<status status="PASS" start="2024-02-19T12:15:24.246959" elapsed="2.029868"/>
</kw>
<kw name="Open Book" owner="book-oneway-page">
<kw name="Click Element" owner="AppiumLibrary">
<msg time="2024-02-19T12:15:26.289823" level="INFO">Clicking element '//android.widget.Button[@resource-id="com.example.myapplication:id/book"]'.</msg>
<msg time="2024-02-19T12:15:26.594320" level="INFO">xpath criteria: //android.widget.Button[@resource-id="com.example.myapplication:id/book"]</msg>
<arg>${book-button}</arg>
<doc>Click element identified by `locator`.</doc>
<status status="PASS" start="2024-02-19T12:15:26.280824" elapsed="0.313496"/>
</kw>
<status status="PASS" start="2024-02-19T12:15:26.279825" elapsed="0.314495"/>
</kw>
<kw name="Wait Until Element Is Visible" owner="AppiumLibrary">
<msg time="2024-02-19T12:15:29.248945" level="INFO">xpath criteria: //android.support.v7.app.ActionBar.Tab[@content-desc="One Way"]
xpath criteria: //android.support.v7.app.ActionBar.Tab[@content-desc="One Way"]</msg>
<arg>${one-way-action}</arg>
<doc>Waits until element specified with `locator` is visible.</doc>
<status status="PASS" start="2024-02-19T12:15:26.597318" elapsed="2.651627"/>
</kw>
<kw name="Choose One-way Flight" owner="book-oneway-page">
<kw name="Click Element" owner="AppiumLibrary">
<msg time="2024-02-19T12:15:29.262945" level="INFO">Clicking element '//android.support.v7.app.ActionBar.Tab[@content-desc="One Way"]'.</msg>
<msg time="2024-02-19T12:15:30.108382" level="INFO">xpath criteria: //android.support.v7.app.ActionBar.Tab[@content-desc="One Way"]</msg>
<arg>${one-way-action}</arg>
<doc>Click element identified by `locator`.</doc>
<status status="PASS" start="2024-02-19T12:15:29.253945" elapsed="0.854437"/>
</kw>
<status status="PASS" start="2024-02-19T12:15:29.252944" elapsed="0.855438"/>
</kw>
<kw name="Choose From City Chicago" owner="book-oneway-page">
<kw name="Click Element" owner="AppiumLibrary">
<msg time="2024-02-19T12:15:30.176375" level="INFO">Clicking element '//android.widget.Spinner[@resource-id="com.example.myapplication:id/spinnerFrom"]'.</msg>
<msg time="2024-02-19T12:15:31.187294" level="INFO">xpath criteria: //android.widget.Spinner[@resource-id="com.example.myapplication:id/spinnerFrom"]</msg>
<arg>${from-city-spinner}</arg>
<doc>Click element identified by `locator`.</doc>
<status status="PASS" start="2024-02-19T12:15:30.164377" elapsed="1.022917"/>
</kw>
<kw name="Wait Until Element Is Visible" owner="AppiumLibrary">
<msg time="2024-02-19T12:15:32.148895" level="INFO">xpath criteria: //android.widget.TextView[@resource-id="android:id/text1" and @text="Chicago"]</msg>
<arg>${chicago}</arg>
<doc>Waits until element specified with `locator` is visible.</doc>
<status status="PASS" start="2024-02-19T12:15:31.188293" elapsed="0.960602"/>
</kw>
<kw name="Click Element" owner="AppiumLibrary">
<msg time="2024-02-19T12:15:32.158893" level="INFO">Clicking element '//android.widget.TextView[@resource-id="android:id/text1" and @text="Chicago"]'.</msg>
<msg time="2024-02-19T12:15:33.079166" level="INFO">xpath criteria: //android.widget.TextView[@resource-id="android:id/text1" and @text="Chicago"]</msg>
<arg>${chicago}</arg>
<doc>Click element identified by `locator`.</doc>
<status status="PASS" start="2024-02-19T12:15:32.149893" elapsed="0.930269"/>
</kw>
<status status="PASS" start="2024-02-19T12:15:30.163378" elapsed="2.916784"/>
</kw>
<kw name="Choose To City Paris" owner="book-oneway-page">
<kw name="Click Element" owner="AppiumLibrary">
<msg time="2024-02-19T12:15:33.095159" level="INFO">Clicking element '//android.widget.Spinner[@resource-id="com.example.myapplication:id/spinnerTo"]'.</msg>
<msg time="2024-02-19T12:15:33.454258" level="INFO">xpath criteria: //android.widget.Spinner[@resource-id="com.example.myapplication:id/spinnerTo"]</msg>
<arg>${to-city-spinner}</arg>
<doc>Click element identified by `locator`.</doc>
<status status="PASS" start="2024-02-19T12:15:33.085162" elapsed="0.369096"/>
</kw>
<kw name="Wait Until Element Is Visible" owner="AppiumLibrary">
<msg time="2024-02-19T12:15:34.511689" level="INFO">xpath criteria: //android.widget.TextView[@resource-id="android:id/text1" and @text="Paris"]</msg>
<arg>${paris}</arg>
<doc>Waits until element specified with `locator` is visible.</doc>
<status status="PASS" start="2024-02-19T12:15:33.454258" elapsed="1.057431"/>
</kw>
<kw name="Click Element" owner="AppiumLibrary">
<msg time="2024-02-19T12:15:34.520684" level="INFO">Clicking element '//android.widget.TextView[@resource-id="android:id/text1" and @text="Paris"]'.</msg>
<msg time="2024-02-19T12:15:35.371194" level="INFO">xpath criteria: //android.widget.TextView[@resource-id="android:id/text1" and @text="Paris"]</msg>
<arg>${paris}</arg>
<doc>Click element identified by `locator`.</doc>
<status status="PASS" start="2024-02-19T12:15:34.511689" elapsed="0.859505"/>
</kw>
<status status="PASS" start="2024-02-19T12:15:33.084161" elapsed="2.287033"/>
</kw>
<kw name="Choose Class Economy" owner="book-oneway-page">
<kw name="Click Element" owner="AppiumLibrary">
<msg time="2024-02-19T12:15:35.386193" level="INFO">Clicking element '//android.widget.Spinner[@resource-id="com.example.myapplication:id/spinnerClass"]'.</msg>
<msg time="2024-02-19T12:15:35.756438" level="INFO">xpath criteria: //android.widget.Spinner[@resource-id="com.example.myapplication:id/spinnerClass"]</msg>
<arg>${class-spinner}</arg>
<doc>Click element identified by `locator`.</doc>
<status status="PASS" start="2024-02-19T12:15:35.377192" elapsed="0.379246"/>
</kw>
<kw name="Wait Until Element Is Visible" owner="AppiumLibrary">
<msg time="2024-02-19T12:15:36.834503" level="INFO">xpath criteria: //android.widget.TextView[@resource-id="android:id/text1" and @text="Economy"]</msg>
<arg>${economy}</arg>
<doc>Waits until element specified with `locator` is visible.</doc>
<status status="PASS" start="2024-02-19T12:15:35.756438" elapsed="1.079066"/>
</kw>
<kw name="Click Element" owner="AppiumLibrary">
<msg time="2024-02-19T12:15:36.845501" level="INFO">Clicking element '//android.widget.TextView[@resource-id="android:id/text1" and @text="Economy"]'.</msg>
<msg time="2024-02-19T12:15:38.051918" level="INFO">xpath criteria: //android.widget.TextView[@resource-id="android:id/text1" and @text="Economy"]</msg>
<arg>${economy}</arg>
<doc>Click element identified by `locator`.</doc>
<status status="PASS" start="2024-02-19T12:15:36.835504" elapsed="1.216414"/>
</kw>
<status status="PASS" start="2024-02-19T12:15:35.376191" elapsed="2.675727"/>
</kw>
<kw name="Choose Start Date" owner="book-oneway-page">
<kw name="Click Element" owner="AppiumLibrary">
<msg time="2024-02-19T12:15:38.067919" level="INFO">Clicking element '//android.widget.TextView[@resource-id="com.example.myapplication:id/textStartDate"]'.</msg>
<msg time="2024-02-19T12:15:38.487399" level="INFO">xpath criteria: //android.widget.TextView[@resource-id="com.example.myapplication:id/textStartDate"]</msg>
<arg>${start-date}</arg>
<doc>Click element identified by `locator`.</doc>
<status status="PASS" start="2024-02-19T12:15:38.057923" elapsed="0.429476"/>
</kw>
<kw name="Wait Until Element Is Visible" owner="AppiumLibrary">
[...]
<arg>${book-button}</arg>
<doc>Click element identified by `locator`.</doc>
<status status="PASS" start="2024-02-19T12:16:34.825862" elapsed="0.407383"/>
</kw>
<status status="PASS" start="2024-02-19T12:16:34.824857" elapsed="0.408388"/>
</kw>
<kw name="Wait Until Element Is Visible" owner="AppiumLibrary">
<msg time="2024-02-19T12:16:38.506043" level="INFO">xpath criteria: //android.support.v7.app.ActionBar.Tab[@content-desc="One Way"]
xpath criteria: //android.support.v7.app.ActionBar.Tab[@content-desc="One Way"]</msg>
<arg>${one-way-action}</arg>
<doc>Waits until element specified with `locator` is visible.</doc>
<status status="PASS" start="2024-02-19T12:16:35.236242" elapsed="3.269801"/>
</kw>
<kw name="Choose One-way Flight" owner="book-oneway-page">
<kw name="Click Element" owner="AppiumLibrary">
<msg time="2024-02-19T12:16:38.530038" level="INFO">Clicking element '//android.support.v7.app.ActionBar.Tab[@content-desc="One Way"]'.</msg>
<msg time="2024-02-19T12:16:39.018548" level="INFO">xpath criteria: //android.support.v7.app.ActionBar.Tab[@content-desc="One Way"]</msg>
<arg>${one-way-action}</arg>
<doc>Click element identified by `locator`.</doc>
<status status="PASS" start="2024-02-19T12:16:38.521040" elapsed="0.498508"/>
</kw>
<status status="PASS" start="2024-02-19T12:16:38.520039" elapsed="0.499509"/>
</kw>
<kw name="Choose From City New York" owner="book-oneway-page">
<kw name="Click Element" owner="AppiumLibrary">
<msg time="2024-02-19T12:16:39.037544" level="INFO">Clicking element '//android.widget.Spinner[@resource-id="com.example.myapplication:id/spinnerFrom"]'.</msg>
<msg time="2024-02-19T12:16:40.083090" level="INFO">xpath criteria: //android.widget.Spinner[@resource-id="com.example.myapplication:id/spinnerFrom"]</msg>
<arg>${from-city-spinner}</arg>
<doc>Click element identified by `locator`.</doc>
<status status="PASS" start="2024-02-19T12:16:39.027550" elapsed="1.055540"/>
</kw>
<kw name="Wait Until Element Is Visible" owner="AppiumLibrary">
<msg time="2024-02-19T12:16:41.069064" level="INFO">xpath criteria: //android.widget.TextView[@resource-id="android:id/text1" and @text="New York"]</msg>
<arg>${newyork}</arg>
<doc>Waits until element specified with `locator` is visible.</doc>
<status status="PASS" start="2024-02-19T12:16:40.083090" elapsed="0.985974"/>
</kw>
<kw name="Click Element" owner="AppiumLibrary">
<msg time="2024-02-19T12:16:41.079059" level="INFO">Clicking element '//android.widget.TextView[@resource-id="android:id/text1" and @text="New York"]'.</msg>
<msg time="2024-02-19T12:16:42.155012" level="INFO">xpath criteria: //android.widget.TextView[@resource-id="android:id/text1" and @text="New York"]</msg>
<arg>${newyork}</arg>
<doc>Click element identified by `locator`.</doc>
<status status="PASS" start="2024-02-19T12:16:41.069064" elapsed="1.085948"/>
</kw>
<status status="PASS" start="2024-02-19T12:16:39.027550" elapsed="3.127462"/>
</kw>
<kw name="Choose To City London" owner="book-oneway-page">
<kw name="Click Element" owner="AppiumLibrary">
<msg time="2024-02-19T12:16:42.173009" level="INFO">Clicking element '//android.widget.Spinner[@resource-id="com.example.myapplication:id/spinnerTo"]'.</msg>
<msg time="2024-02-19T12:16:42.548159" level="INFO">xpath criteria: //android.widget.Spinner[@resource-id="com.example.myapplication:id/spinnerTo"]</msg>
<arg>${to-city-spinner}</arg>
<doc>Click element identified by `locator`.</doc>
<status status="PASS" start="2024-02-19T12:16:42.163012" elapsed="0.386147"/>
</kw>
<kw name="Wait Until Element Is Visible" owner="AppiumLibrary">
<msg time="2024-02-19T12:16:43.556172" level="INFO">xpath criteria: //android.widget.TextView[@resource-id="android:id/text1" and @text="London"]</msg>
<arg>${london}</arg>
<doc>Waits until element specified with `locator` is visible.</doc>
<status status="PASS" start="2024-02-19T12:16:42.549159" elapsed="1.007013"/>
</kw>
<kw name="Click Element" owner="AppiumLibrary">
<msg time="2024-02-19T12:16:43.565169" level="INFO">Clicking element '//android.widget.TextView[@resource-id="android:id/text1" and @text="London"]'.</msg>
<msg time="2024-02-19T12:16:44.436138" level="INFO">xpath criteria: //android.widget.TextView[@resource-id="android:id/text1" and @text="London"]</msg>
<arg>${london}</arg>
<doc>Click element identified by `locator`.</doc>
<status status="PASS" start="2024-02-19T12:16:43.557171" elapsed="0.878967"/>
</kw>
<status status="PASS" start="2024-02-19T12:16:42.160011" elapsed="2.276127"/>
</kw>
<kw name="Choose Class First" owner="book-oneway-page">
<kw name="Click Element" owner="AppiumLibrary">
<msg time="2024-02-19T12:16:44.454131" level="INFO">Clicking element '//android.widget.Spinner[@resource-id="com.example.myapplication:id/spinnerClass"]'.</msg>
<msg time="2024-02-19T12:16:44.766109" level="INFO">xpath criteria: //android.widget.Spinner[@resource-id="com.example.myapplication:id/spinnerClass"]</msg>
<arg>${class-spinner}</arg>
<doc>Click element identified by `locator`.</doc>
<status status="PASS" start="2024-02-19T12:16:44.444137" elapsed="0.321972"/>
</kw>
<kw name="Wait Until Element Is Visible" owner="AppiumLibrary">
<msg time="2024-02-19T12:16:46.286917" level="INFO">xpath criteria: //android.widget.TextView[@resource-id="android:id/text1" and @text="First"]</msg>
<arg>${first}</arg>
<doc>Waits until element specified with `locator` is visible.</doc>
<status status="PASS" start="2024-02-19T12:16:44.767106" elapsed="1.519811"/>
</kw>
<kw name="Click Element" owner="AppiumLibrary">
<msg time="2024-02-19T12:16:46.296917" level="INFO">Clicking element '//android.widget.TextView[@resource-id="android:id/text1" and @text="First"]'.</msg>
<msg time="2024-02-19T12:16:47.371892" level="INFO">xpath criteria: //android.widget.TextView[@resource-id="android:id/text1" and @text="First"]</msg>
<arg>${first}</arg>
<doc>Click element identified by `locator`.</doc>
<status status="PASS" start="2024-02-19T12:16:46.287913" elapsed="1.083979"/>
</kw>
<status status="PASS" start="2024-02-19T12:16:44.443137" elapsed="2.929760"/>
</kw>
<kw name="Choose Start Date" owner="book-oneway-page">
<kw name="Click Element" owner="AppiumLibrary">
<msg time="2024-02-19T12:16:47.385423" level="INFO">Clicking element '//android.widget.TextView[@resource-id="com.example.myapplication:id/textStartDate"]'.</msg>
<msg time="2024-02-19T12:16:47.735997" level="INFO">xpath criteria: //android.widget.TextView[@resource-id="com.example.myapplication:id/textStartDate"]</msg>
<arg>${start-date}</arg>
<doc>Click element identified by `locator`.</doc>
<status status="PASS" start="2024-02-19T12:16:47.374894" elapsed="0.361103"/>
</kw>
<kw name="Wait Until Element Is Visible" owner="AppiumLibrary">
<msg time="2024-02-19T12:16:49.409480" level="INFO">xpath criteria: //android.widget.TextView[@resource-id="android:id/date_picker_header_year"]
xpath criteria: //android.widget.TextView[@resource-id="android:id/date_picker_header_year"]</msg>
<arg>${date-picker}</arg>
<doc>Waits until element specified with `locator` is visible.</doc>
<status status="PASS" start="2024-02-19T12:16:47.736997" elapsed="1.672483"/>
</kw>
<kw name="Click Element" owner="AppiumLibrary">
<msg time="2024-02-19T12:16:49.419478" level="INFO">Clicking element '//android.widget.TextView[@resource-id="android:id/date_picker_header_year"]'.</msg>
<msg time="2024-02-19T12:16:50.283448" level="INFO">xpath criteria: //android.widget.TextView[@resource-id="android:id/date_picker_header_year"]</msg>
<arg>${date-picker}</arg>
<doc>Click element identified by `locator`.</doc>
<status status="PASS" start="2024-02-19T12:16:49.410479" elapsed="0.872969"/>
</kw>
<kw name="Wait Until Element Is Visible" owner="AppiumLibrary">
<msg time="2024-02-19T12:16:51.476456" level="INFO">xpath criteria: //android.widget.TextView[@resource-id="android:id/text1" and @text="2024"]</msg>
<arg>${year-picker}</arg>
<doc>Waits until element specified with `locator` is visible.</doc>
<status status="PASS" start="2024-02-19T12:16:50.283448" elapsed="1.194011"/>
</kw>
<kw name="Click Element" owner="AppiumLibrary">
<msg time="2024-02-19T12:16:51.487458" level="INFO">Clicking element '//android.widget.TextView[@resource-id="android:id/text1" and @text="2024"]'.</msg>
<msg time="2024-02-19T12:16:52.486370" level="INFO">xpath criteria: //android.widget.TextView[@resource-id="android:id/text1" and @text="2024"]</msg>
<arg>${year-picker}</arg>
<doc>Click element identified by `locator`.</doc>
<status status="PASS" start="2024-02-19T12:16:51.477459" elapsed="1.009910"/>
</kw>
<kw name="Wait Until Element Is Visible" owner="AppiumLibrary">
<msg time="2024-02-19T12:16:52.961332" level="INFO">xpath criteria: //android.view.View[@content-desc="10 Agustus 2024"]</msg>
<arg>${10-aug}</arg>
<doc>Waits until element specified with `locator` is visible.</doc>
<status status="PASS" start="2024-02-19T12:16:52.487369" elapsed="0.473963"/>
</kw>
<kw name="Click Element" owner="AppiumLibrary">
<msg time="2024-02-19T12:16:52.970333" level="INFO">Clicking element '//android.view.View[@content-desc="10 Agustus 2024"]'.</msg>
<msg time="2024-02-19T12:16:54.166208" level="INFO">xpath criteria: //android.view.View[@content-desc="10 Agustus 2024"]</msg>
<arg>${10-aug}</arg>
<doc>Click element identified by `locator`.</doc>
<status status="PASS" start="2024-02-19T12:16:52.961332" elapsed="1.205877"/>
</kw>
<kw name="Click Element" owner="AppiumLibrary">
<msg time="2024-02-19T12:16:54.176211" level="INFO">Clicking element '//android.widget.Button[@resource-id="android:id/button1"]'.</msg>
<msg time="2024-02-19T12:16:54.667687" level="INFO">xpath criteria: //android.widget.Button[@resource-id="android:id/button1"]</msg>
<arg>${date-ok-button}</arg>
<doc>Click element identified by `locator`.</doc>
<status status="PASS" start="2024-02-19T12:16:54.167209" elapsed="0.500478"/>
</kw>
<status status="PASS" start="2024-02-19T12:16:47.373891" elapsed="7.293796"/>
</kw>
<kw name="Choose End Date" owner="book-oneway-page">
<kw name="Click Element" owner="AppiumLibrary">
<msg time="2024-02-19T12:16:54.683691" level="INFO">Clicking element '//android.widget.TextView[@resource-id="com.example.myapplication:id/textEndDate"]'.</msg>
<msg time="2024-02-19T12:16:55.646181" level="INFO">xpath criteria: //android.widget.TextView[@resource-id="com.example.myapplication:id/textEndDate"]</msg>
<arg>${end-date}</arg>
<doc>Click element identified by `locator`.</doc>
<status status="PASS" start="2024-02-19T12:16:54.674687" elapsed="0.971494"/>
</kw>
<kw name="Wait Until Element Is Visible" owner="AppiumLibrary">
<msg time="2024-02-19T12:16:57.186137" level="INFO">xpath criteria: //android.widget.TextView[@resource-id="android:id/date_picker_header_year"]</msg>
<arg>${date-picker}</arg>
<doc>Waits until element specified with `locator` is visible.</doc>
<status status="PASS" start="2024-02-19T12:16:55.646181" elapsed="1.539956"/>
</kw>
<kw name="Click Element" owner="AppiumLibrary">
<msg time="2024-02-19T12:16:57.196139" level="INFO">Clicking element '//android.widget.TextView[@resource-id="android:id/date_picker_header_year"]'.</msg>
<msg time="2024-02-19T12:16:58.205095" level="INFO">xpath criteria: //android.widget.TextView[@resource-id="android:id/date_picker_header_year"]</msg>
<arg>${date-picker}</arg>
<doc>Click element identified by `locator`.</doc>
<status status="PASS" start="2024-02-19T12:16:57.186137" elapsed="1.018958"/>
</kw>
<kw name="Wait Until Element Is Visible" owner="AppiumLibrary">
<msg time="2024-02-19T12:16:59.302757" level="INFO">xpath criteria: //android.widget.TextView[@resource-id="android:id/text1" and @text="2024"]</msg>
<arg>${year-picker}</arg>
<doc>Waits until element specified with `locator` is visible.</doc>
<status status="PASS" start="2024-02-19T12:16:58.205095" elapsed="1.098663"/>
</kw>
<kw name="Click Element" owner="AppiumLibrary">
<msg time="2024-02-19T12:16:59.312756" level="INFO">Clicking element '//android.widget.TextView[@resource-id="android:id/text1" and @text="2024"]'.</msg>
<msg time="2024-02-19T12:17:00.285675" level="INFO">xpath criteria: //android.widget.TextView[@resource-id="android:id/text1" and @text="2024"]</msg>
<arg>${year-picker}</arg>
<doc>Click element identified by `locator`.</doc>
<status status="PASS" start="2024-02-19T12:16:59.303758" elapsed="0.981917"/>
</kw>
<kw name="Wait Until Element Is Visible" owner="AppiumLibrary">
<msg time="2024-02-19T12:17:00.830152" level="INFO">xpath criteria: //android.view.View[@content-desc="20 Agustus 2024"]</msg>
<arg>${20-aug}</arg>
<doc>Waits until element specified with `locator` is visible.</doc>
<status status="PASS" start="2024-02-19T12:17:00.286674" elapsed="0.543478"/>
</kw>
<kw name="Click Element" owner="AppiumLibrary">
<msg time="2024-02-19T12:17:00.841145" level="INFO">Clicking element '//android.view.View[@content-desc="20 Agustus 2024"]'.</msg>
<msg time="2024-02-19T12:17:02.220030" level="INFO">xpath criteria: //android.view.View[@content-desc="20 Agustus 2024"]</msg>
<arg>${20-aug}</arg>
<doc>Click element identified by `locator`.</doc>
<status status="PASS" start="2024-02-19T12:17:00.831148" elapsed="1.389881"/>
</kw>
<kw name="Click Element" owner="AppiumLibrary">
<msg time="2024-02-19T12:17:02.230027" level="INFO">Clicking element '//android.widget.Button[@resource-id="android:id/button1"]'.</msg>
<msg time="2024-02-19T12:17:02.702990" level="INFO">xpath criteria: //android.widget.Button[@resource-id="android:id/button1"]</msg>
<arg>${date-ok-button}</arg>
<doc>Click element identified by `locator`.</doc>
<status status="PASS" start="2024-02-19T12:17:02.221029" elapsed="0.482960"/>
</kw>
<status status="PASS" start="2024-02-19T12:16:54.673687" elapsed="8.030302"/>
</kw>
<kw name="Choose Flight and Hotel" owner="book-oneway-page">
<kw name="Wait Until Element Is Visible" owner="AppiumLibrary">
<msg time="2024-02-19T12:17:03.604058" level="INFO">xpath criteria: //android.widget.RadioButton[@resource-id="com.example.myapplication:id/radioButtonFlightHotel"]</msg>
<arg>${flight-hotel-radio-button}</arg>
<doc>Waits until element specified with `locator` is visible.</doc>
<status status="PASS" start="2024-02-19T12:17:02.706992" elapsed="0.897066"/>
</kw>
<kw name="Click Element" owner="AppiumLibrary">
<msg time="2024-02-19T12:17:03.614058" level="INFO">Clicking element '//android.widget.RadioButton[@resource-id="com.example.myapplication:id/radioButtonFlightHotel"]'.</msg>
<msg time="2024-02-19T12:17:03.940033" level="INFO">xpath criteria: //android.widget.RadioButton[@resource-id="com.example.myapplication:id/radioButtonFlightHotel"]</msg>
<arg>${flight-hotel-radio-button}</arg>
<doc>Click element identified by `locator`.</doc>
<status status="PASS" start="2024-02-19T12:17:03.604058" elapsed="0.335975"/>
</kw>
<status status="PASS" start="2024-02-19T12:17:02.705991" elapsed="1.234042"/>
</kw>
<kw name="Choose Checkbox Day" owner="book-oneway-page">
<kw name="Wait Until Element Is Visible" owner="AppiumLibrary">
<msg time="2024-02-19T12:17:05.005545" level="INFO">xpath criteria: //android.widget.CheckBox[@resource-id="com.example.myapplication:id/checkBoxDay"]</msg>
<arg>${checkbox-day}</arg>
<doc>Waits until element specified with `locator` is visible.</doc>
<status status="PASS" start="2024-02-19T12:17:03.955035" elapsed="1.050510"/>
</kw>
<kw name="Click Element" owner="AppiumLibrary">
<msg time="2024-02-19T12:17:05.015543" level="INFO">Clicking element '//android.widget.CheckBox[@resource-id="com.example.myapplication:id/checkBoxDay"]'.</msg>
<msg time="2024-02-19T12:17:05.349552" level="INFO">xpath criteria: //android.widget.CheckBox[@resource-id="com.example.myapplication:id/checkBoxDay"]</msg>
<arg>${checkbox-day}</arg>
<doc>Click element identified by `locator`.</doc>
<status status="PASS" start="2024-02-19T12:17:05.006543" elapsed="0.343009"/>
</kw>
<status status="PASS" start="2024-02-19T12:17:03.954032" elapsed="1.395520"/>
</kw>
<kw name="Click Book Button" owner="book-oneway-page">
<kw name="Click Element" owner="AppiumLibrary">
<msg time="2024-02-19T12:17:05.369551" level="INFO">Clicking element '//android.widget.Button[@resource-id="com.example.myapplication:id/book_flight"]'.</msg>
<msg time="2024-02-19T12:17:06.558580" level="INFO">xpath criteria: //android.widget.Button[@resource-id="com.example.myapplication:id/book_flight"]</msg>
<arg>${submit-book-button}</arg>
<doc>Click element identified by `locator`.</doc>
<status status="PASS" start="2024-02-19T12:17:05.360556" elapsed="1.198024"/>
</kw>
<status status="PASS" start="2024-02-19T12:17:05.359554" elapsed="1.199026"/>
</kw>
<kw name="Choose Price" owner="book-oneway-page">
<kw name="Wait Until Element Is Visible" owner="AppiumLibrary">
<msg time="2024-02-19T12:17:08.535985" level="INFO">xpath criteria: //android.widget.Button[@resource-id="com.example.myapplication:id/price9"]</msg>
<arg>${choose-price-button}</arg>
<doc>Waits until element specified with `locator` is visible.</doc>
<status status="PASS" start="2024-02-19T12:17:06.573580" elapsed="1.962405"/>
</kw>
<kw name="Click Element" owner="AppiumLibrary">
<msg time="2024-02-19T12:17:08.545981" level="INFO">Clicking element '//android.widget.Button[@resource-id="com.example.myapplication:id/price9"]'.</msg>
<msg time="2024-02-19T12:17:09.626415" level="INFO">xpath criteria: //android.widget.Button[@resource-id="com.example.myapplication:id/price9"]</msg>
<arg>${choose-price-button}</arg>
<doc>Click element identified by `locator`.</doc>
<status status="PASS" start="2024-02-19T12:17:08.535985" elapsed="1.090430"/>
</kw>
<status status="PASS" start="2024-02-19T12:17:06.572581" elapsed="3.053834"/>
</kw>
<kw name="Click Confirm Button" owner="book-oneway-page">
<kw name="Click Element" owner="AppiumLibrary">
<msg time="2024-02-19T12:17:09.663407" level="INFO">Clicking element '//android.widget.Button[@resource-id="com.example.myapplication:id/confirm_order"]'.</msg>
<msg time="2024-02-19T12:17:10.837600" level="INFO">xpath criteria: //android.widget.Button[@resource-id="com.example.myapplication:id/confirm_order"]</msg>
<arg>${confirm-button}</arg>
<doc>Click element identified by `locator`.</doc>
<status status="PASS" start="2024-02-19T12:17:09.649417" elapsed="1.188183"/>
</kw>
<status status="PASS" start="2024-02-19T12:17:09.648415" elapsed="1.190184"/>
</kw>
<kw name="Wait Until Page Contains Element" owner="AppiumLibrary">
<msg time="2024-02-19T12:17:12.581263" level="INFO">xpath criteria: //*[contains(@text, "Your flight is booked. Reservation number is CADX2214")]</msg>
<arg>xpath=//*[contains(@text, "Your flight is booked. Reservation number is CADX2214")]</arg>
<doc>Waits until element specified with `locator` appears on current page.</doc>
<status status="PASS" start="2024-02-19T12:17:10.842597" elapsed="1.739668"/>
</kw>
<kw name="Close Flight Application" owner="base" type="TEARDOWN">
<kw name="Close Application" owner="AppiumLibrary">
<doc>Closes the current application and also close webdriver session.</doc>
<status status="PASS" start="2024-02-19T12:17:12.592262" elapsed="2.572836"/>
</kw>
<status status="PASS" start="2024-02-19T12:17:12.590265" elapsed="2.574833"/>
</kw>
<status status="PASS" start="2024-02-19T12:16:05.727158" elapsed="69.508932"/>
</test>
<status status="PASS" start="2024-02-19T12:11:38.939971" elapsed="336.304119"/>
</suite>
<statistics>
<total>
<stat pass="5" fail="0" skip="0">All Tests</stat>
</total>
<tag>
</tag>
<suite>
<stat pass="5" fail="0" skip="0" id="s1" name="Book-Oneway">Book-Oneway</stat>
</suite>
</statistics>
<errors>
</errors>
</robot>
