<?xml version="1.0" encoding="UTF-8"?>
<robot generator="Robot 7.0 (Python 3.12.1 on win32)" generated="2024-02-14T00:25:36.028597" rpa="false" schemaversion="5">
<suite id="s1" name="Login-Suite" source="C:\Users\Anam\Desktop\Sanber53-Robot-Kelompok9\Day-2\suites\login-suite.robot">
<test id="s1-t1" name="Login with Invalid Data" line="6">
<kw name="Open Flight Application" owner="base">
<kw name="Open Application" owner="AppiumLibrary">
<arg>remote_url=${REMOTE_URL}</arg>
<arg>platformName=${PLATFORM_NAME}</arg>
<arg>platformVersion=12.0</arg>
<arg>deviceName=emulator-5554</arg>
<arg>appPackage=com.example.myapplication</arg>
<arg>appActivity=com.example.myapplication.MainActivity</arg>
<doc>Opens a new application to given Appium server.
Capabilities of appium server, Android and iOS,
Please check https://github.com/appium/appium/blob/master/docs/en/writing-running-appium/server-args.md
| *Option*            | *Man.* | *Description*     |
| remote_url          | Yes    | Appium server url |
| alias               | no     | alias             |
| strict_ssl          | No     | allows you to send commands to an invalid certificate host like a self-signed one. |</doc>
<status status="PASS" start="2024-02-14T00:25:36.178466" elapsed="7.952677"/>
</kw>
<status status="PASS" start="2024-02-14T00:25:36.177465" elapsed="7.953678"/>
</kw>
<kw name="Click Sign In Button On Home Page" owner="home-page">
<kw name="Click Element" owner="AppiumLibrary">
<msg time="2024-02-14T00:25:44.133143" level="INFO">Clicking element '//android.widget.Button[@resource-id="com.example.myapplication:id/login"]'.</msg>
<msg time="2024-02-14T00:25:44.967901" level="INFO">xpath criteria: //android.widget.Button[@resource-id="com.example.myapplication:id/login"]</msg>
<arg>locator=${login_btn}</arg>
<doc>Click element identified by `locator`.</doc>
<status status="PASS" start="2024-02-14T00:25:44.132143" elapsed="0.836758"/>
</kw>
<status status="PASS" start="2024-02-14T00:25:44.131143" elapsed="0.837758"/>
</kw>
<kw name="Input Username" owner="login-page">
<kw name="Wait Until Element Is Visible" owner="AppiumLibrary">
<msg time="2024-02-14T00:25:45.575556" level="INFO">xpath criteria: //android.widget.EditText[@resource-id="com.example.myapplication:id/username"]
xpath criteria: //android.widget.EditText[@resource-id="com.example.myapplication:id/username"]</msg>
<arg>locator=${username_input}</arg>
<doc>Waits until element specified with `locator` is visible.</doc>
<status status="PASS" start="2024-02-14T00:25:44.968901" elapsed="0.606655"/>
</kw>
<kw name="Input Text" owner="AppiumLibrary">
<msg time="2024-02-14T00:25:45.576556" level="INFO">Typing text 'TestUser' into text field '//android.widget.EditText[@resource-id="com.example.myapplication:id/username"]'</msg>
<msg time="2024-02-14T00:25:45.622135" level="INFO">xpath criteria: //android.widget.EditText[@resource-id="com.example.myapplication:id/username"]</msg>
<arg>locator=${username_input}</arg>
<arg>text=TestUser</arg>
<doc>Types the given `text` into text field identified by `locator`.</doc>
<status status="PASS" start="2024-02-14T00:25:45.575556" elapsed="0.046579"/>
</kw>
<status status="PASS" start="2024-02-14T00:25:44.968901" elapsed="0.653234"/>
</kw>
<kw name="Input Password" owner="login-page">
<kw name="Input Text" owner="AppiumLibrary">
<msg time="2024-02-14T00:25:45.623135" level="INFO">Typing text 'TestPassword' into text field '//android.widget.EditText[@resource-id="com.example.myapplication:id/password"]'</msg>
<msg time="2024-02-14T00:25:46.128766" level="INFO">xpath criteria: //android.widget.EditText[@resource-id="com.example.myapplication:id/password"]</msg>
<arg>locator=${password_input}</arg>
<arg>text=TestPassword</arg>
<doc>Types the given `text` into text field identified by `locator`.</doc>
<status status="PASS" start="2024-02-14T00:25:45.623135" elapsed="0.505631"/>
</kw>
<status status="PASS" start="2024-02-14T00:25:45.622135" elapsed="0.506631"/>
</kw>
<kw name="Click Sign In Button On Login Page" owner="login-page">
<kw name="Click Element" owner="AppiumLibrary">
<msg time="2024-02-14T00:25:46.129766" level="INFO">Clicking element '//android.widget.Button[@resource-id="com.example.myapplication:id/signIn"]'.</msg>
<msg time="2024-02-14T00:25:46.684495" level="INFO">xpath criteria: //android.widget.Button[@resource-id="com.example.myapplication:id/signIn"]</msg>
<arg>locator=//android.widget.Button[@resource-id="com.example.myapplication:id/signIn"]</arg>
<doc>Click element identified by `locator`.</doc>
<status status="PASS" start="2024-02-14T00:25:46.129766" elapsed="0.554729"/>
</kw>
<status status="PASS" start="2024-02-14T00:25:46.129766" elapsed="0.554729"/>
</kw>
<kw name="Verify User Is Fail To Logged In" owner="login-page">
<kw name="Wait Until Page Contains" owner="AppiumLibrary">
<arg>text=Invalid username/password</arg>
<doc>Waits until `text` appears on current page.</doc>
<status status="PASS" start="2024-02-14T00:25:46.685496" elapsed="0.058014"/>
</kw>
<status status="PASS" start="2024-02-14T00:25:46.685496" elapsed="0.058014"/>
</kw>
<kw name="Close Flight Application" owner="base">
<kw name="Close Application" owner="AppiumLibrary">
<doc>Closes the current application and also close webdriver session.</doc>
<status status="PASS" start="2024-02-14T00:25:46.743510" elapsed="0.198369"/>
</kw>
<status status="PASS" start="2024-02-14T00:25:46.743510" elapsed="0.199369"/>
</kw>
<status status="PASS" start="2024-02-14T00:25:36.177465" elapsed="10.765414"/>
</test>
<status status="PASS" start="2024-02-14T00:25:36.029598" elapsed="10.913281"/>
</suite>
<statistics>
<total>
<stat pass="1" fail="0" skip="0">All Tests</stat>
</total>
<tag>
</tag>
<suite>
<stat pass="1" fail="0" skip="0" id="s1" name="Login-Suite">Login-Suite</stat>
</suite>
</statistics>
<errors>
</errors>
</robot>
