<?xml version="1.0" encoding="UTF-8"?>
<robot generator="Robot 7.0 (Python 3.12.1 on win32)" generated="2024-02-14T00:35:42.720319" rpa="false" schemaversion="5">
<suite id="s1" name="Login-Suite" source="C:\Users\Anam\Desktop\Sanber53-Robot-Kelompok9\Day-2\suites\login-suite.robot">
<test id="s1-t1" name="Login with Invalid Data" line="6">
<kw name="Open Flight Application" owner="base">
<kw name="Open Application" owner="AppiumLibrary">
<arg>remote_url=${REMOTE_URL}</arg>
<arg>platformName=${PLATFORM_NAME}</arg>
<arg>platformVersion=12.0</arg>
<arg>deviceName=emulator-5554</arg>
<arg>appPackage=com.example.myapplication</arg>
<arg>appActivity=com.example.myapplication.MainActivity</arg>
<doc>Opens a new application to given Appium server.
Capabilities of appium server, Android and iOS,
Please check https://github.com/appium/appium/blob/master/docs/en/writing-running-appium/server-args.md
| *Option*            | *Man.* | *Description*     |
| remote_url          | Yes    | Appium server url |
| alias               | no     | alias             |
| strict_ssl          | No     | allows you to send commands to an invalid certificate host like a self-signed one. |</doc>
<status status="PASS" start="2024-02-14T00:35:42.868392" elapsed="6.843944"/>
</kw>
<status status="PASS" start="2024-02-14T00:35:42.868392" elapsed="6.844944"/>
</kw>
<kw name="Click Sign In Button On Home Page" owner="home-page">
<kw name="Click Element" owner="AppiumLibrary">
<msg time="2024-02-14T00:35:49.714336" level="INFO">Clicking element '//android.widget.Button[@resource-id="com.example.myapplication:id/login"]'.</msg>
<msg time="2024-02-14T00:35:50.550870" level="INFO">xpath criteria: //android.widget.Button[@resource-id="com.example.myapplication:id/login"]</msg>
<arg>locator=${login_btn}</arg>
<doc>Click element identified by `locator`.</doc>
<status status="PASS" start="2024-02-14T00:35:49.713336" elapsed="0.837534"/>
</kw>
<status status="PASS" start="2024-02-14T00:35:49.713336" elapsed="0.837534"/>
</kw>
<kw name="Input Username" owner="login-page">
<kw name="Wait Until Element Is Visible" owner="AppiumLibrary">
<msg time="2024-02-14T00:35:51.156356" level="INFO">xpath criteria: //android.widget.EditText[@resource-id="com.example.myapplication:id/username"]
xpath criteria: //android.widget.EditText[@resource-id="com.example.myapplication:id/username"]</msg>
<arg>locator=${username_input}</arg>
<doc>Waits until element specified with `locator` is visible.</doc>
<status status="PASS" start="2024-02-14T00:35:50.550870" elapsed="0.605486"/>
</kw>
<kw name="Input Text" owner="AppiumLibrary">
<msg time="2024-02-14T00:35:51.157356" level="INFO">Typing text 'TestUser' into text field '//android.widget.EditText[@resource-id="com.example.myapplication:id/username"]'</msg>
<msg time="2024-02-14T00:35:51.200381" level="INFO">xpath criteria: //android.widget.EditText[@resource-id="com.example.myapplication:id/username"]</msg>
<arg>locator=${username_input}</arg>
<arg>text=TestUser</arg>
<doc>Types the given `text` into text field identified by `locator`.</doc>
<status status="PASS" start="2024-02-14T00:35:51.156356" elapsed="0.044025"/>
</kw>
<status status="PASS" start="2024-02-14T00:35:50.550870" elapsed="0.649511"/>
</kw>
<kw name="Input Password" owner="login-page">
<kw name="Input Text" owner="AppiumLibrary">
<msg time="2024-02-14T00:35:51.201380" level="INFO">Typing text 'TestPassword' into text field '//android.widget.EditText[@resource-id="com.example.myapplication:id/password"]'</msg>
<msg time="2024-02-14T00:35:51.734863" level="INFO">xpath criteria: //android.widget.EditText[@resource-id="com.example.myapplication:id/password"]</msg>
<arg>locator=${password_input}</arg>
<arg>text=TestPassword</arg>
<doc>Types the given `text` into text field identified by `locator`.</doc>
<status status="PASS" start="2024-02-14T00:35:51.201380" elapsed="0.533483"/>
</kw>
<status status="PASS" start="2024-02-14T00:35:51.200381" elapsed="0.534482"/>
</kw>
<kw name="Click Sign In Button On Login Page" owner="login-page">
<kw name="Click Element" owner="AppiumLibrary">
<msg time="2024-02-14T00:35:51.735863" level="INFO">Clicking element '//android.widget.Button[@resource-id="com.example.myapplication:id/signIn"]'.</msg>
<msg time="2024-02-14T00:35:52.268169" level="INFO">xpath criteria: //android.widget.Button[@resource-id="com.example.myapplication:id/signIn"]</msg>
<arg>locator=//android.widget.Button[@resource-id="com.example.myapplication:id/signIn"]</arg>
<doc>Click element identified by `locator`.</doc>
<status status="PASS" start="2024-02-14T00:35:51.735863" elapsed="0.533308"/>
</kw>
<status status="PASS" start="2024-02-14T00:35:51.734863" elapsed="0.534308"/>
</kw>
<kw name="Verify User Is Fail To Logged In" owner="login-page">
<kw name="Wait Until Page Contains" owner="AppiumLibrary">
<arg>text=Invalid username/password</arg>
<doc>Waits until `text` appears on current page.</doc>
<status status="PASS" start="2024-02-14T00:35:52.269171" elapsed="0.055169"/>
</kw>
<status status="PASS" start="2024-02-14T00:35:52.269171" elapsed="0.055169"/>
</kw>
<kw name="Close Flight Application" owner="base">
<kw name="Close Application" owner="AppiumLibrary">
<doc>Closes the current application and also close webdriver session.</doc>
<status status="PASS" start="2024-02-14T00:35:52.324340" elapsed="0.167835"/>
</kw>
<status status="PASS" start="2024-02-14T00:35:52.324340" elapsed="0.167835"/>
</kw>
<status status="PASS" start="2024-02-14T00:35:42.868392" elapsed="9.623783"/>
</test>
<status status="PASS" start="2024-02-14T00:35:42.721320" elapsed="9.771855"/>
</suite>
<statistics>
<total>
<stat pass="1" fail="0" skip="0">All Tests</stat>
</total>
<tag>
</tag>
<suite>
<stat pass="1" fail="0" skip="0" id="s1" name="Login-Suite">Login-Suite</stat>
</suite>
</statistics>
<errors>
</errors>
</robot>
